#
# There is insufficient memory for the Java Runtime Environment to continue.
# Native memory allocation (malloc) failed to allocate 32744 bytes for Chunk::new
# Possible reasons:
#   The system is out of physical RAM or swap space
#   The process is running with CompressedOops enabled, and the Java Heap may be blocking the growth of the native heap
# Possible solutions:
#   Reduce memory load on the system
#   Increase physical memory or swap space
#   Check if swap backing store is full
#   Decrease Java heap size (-Xmx/-Xms)
#   Decrease number of Java threads
#   Decrease Java thread stack sizes (-Xss)
#   Set larger code cache with -XX:ReservedCodeCacheSize=
#   JVM is running with Unscaled Compressed Oops mode in which the Java heap is
#     placed in the first 4GB address space. The Java Heap base address is the
#     maximum limit for the native heap growth. Please use -XX:HeapBaseMinAddress
#     to set the Java Heap base and to place the Java Heap above 4GB virtual address.
# This output file may be truncated or incomplete.
#
#  Out of Memory Error (arena.cpp:184), pid=14908, tid=10540
#
# JRE version: Java(TM) SE Runtime Environment (19.0.2+7) (build 19.0.2+7-44)
# Java VM: Java HotSpot(TM) 64-Bit Server VM (19.0.2+7-44, mixed mode, sharing, tiered, compressed oops, compressed class ptrs, g1 gc, windows-amd64)
# No core dump will be written. Minidumps are not enabled by default on client versions of Windows
#

---------------  S U M M A R Y ------------

Command Line: -javaagent:C:\Program Files\JetBrains\IntelliJ IDEA Community Edition 2023.1\lib\idea_rt.jar=63564:C:\Program Files\JetBrains\IntelliJ IDEA Community Edition 2023.1\bin -Dfile.encoding=UTF-8 -Dsun.stdout.encoding=UTF-8 -Dsun.stderr.encoding=UTF-8 org.generation.brazil.school.SchoolAplication

Host: Intel(R) Core(TM) i3-8145U CPU @ 2.10GHz, 4 cores, 7G,  Windows 11 , 64 bit Build 22621 (10.0.22621.2428)
Time: Wed Nov  1 21:30:53 2023 Hora oficial do Brasil elapsed time: 5.796570 seconds (0d 0h 0m 5s)

---------------  T H R E A D  ---------------

Current thread (0x000001be23596bc0):  JavaThread "main" [_thread_in_vm, id=10540, stack(0x0000003e93d00000,0x0000003e93e00000)]

Stack: [0x0000003e93d00000,0x0000003e93e00000]
Native frames: (J=compiled Java code, j=interpreted, Vv=VM code, C=native code)
V  [jvm.dll+0x6ee21a]
V  [jvm.dll+0x85765e]
V  [jvm.dll+0x85904e]
V  [jvm.dll+0x859703]
V  [jvm.dll+0x28298f]
V  [jvm.dll+0xc9adf]
V  [jvm.dll+0xc9e65]
V  [jvm.dll+0x21d7d1]
V  [jvm.dll+0x21e5a5]
V  [jvm.dll+0x21ef01]
V  [jvm.dll+0x2146a1]
V  [jvm.dll+0x5a9cb6]
V  [jvm.dll+0x7cd423]
V  [jvm.dll+0x7cd504]
V  [jvm.dll+0x46ac34]
V  [jvm.dll+0x47021f]
C  [java.dll+0x17ec]

Java frames: (J=compiled Java code, j=interpreted, Vv=VM code)
J 919  java.lang.ClassLoader.defineClass1(Ljava/lang/ClassLoader;Ljava/lang/String;[BIILjava/security/ProtectionDomain;Ljava/lang/String;)Ljava/lang/Class; java.base@19.0.2 (0 bytes) @ 0x000001be33013583 [0x000001be330134c0+0x00000000000000c3]
J 925 c1 java.lang.ClassLoader.defineClass(Ljava/lang/String;[BIILjava/security/ProtectionDomain;)Ljava/lang/Class; java.base@19.0.2 (43 bytes) @ 0x000001be2b6862d4 [0x000001be2b685f80+0x0000000000000354]
J 1045 c1 java.security.SecureClassLoader.defineClass(Ljava/lang/String;[BIILjava/security/CodeSource;)Ljava/lang/Class; java.base@19.0.2 (16 bytes) @ 0x000001be2b6c210c [0x000001be2b6c2040+0x00000000000000cc]
J 920 c1 jdk.internal.loader.BuiltinClassLoader.defineClass(Ljava/lang/String;Ljdk/internal/loader/Resource;)Ljava/lang/Class; java.base@19.0.2 (121 bytes) @ 0x000001be2b683a04 [0x000001be2b682aa0+0x0000000000000f64]
J 1000 c1 jdk.internal.loader.BuiltinClassLoader.findClassOnClassPathOrNull(Ljava/lang/String;)Ljava/lang/Class; java.base@19.0.2 (64 bytes) @ 0x000001be2b6aef54 [0x000001be2b6ae280+0x0000000000000cd4]
J 3252 c2 jdk.internal.loader.BuiltinClassLoader.loadClassOrNull(Ljava/lang/String;Z)Ljava/lang/Class; java.base@19.0.2 (143 bytes) @ 0x000001be3313f028 [0x000001be3313dce0+0x0000000000001348]
J 778 c1 jdk.internal.loader.ClassLoaders$AppClassLoader.loadClass(Ljava/lang/String;Z)Ljava/lang/Class; java.base@19.0.2 (40 bytes) @ 0x000001be2b6214c4 [0x000001be2b6212e0+0x00000000000001e4]
J 777 c1 java.lang.ClassLoader.loadClass(Ljava/lang/String;)Ljava/lang/Class; java.base@19.0.2 (7 bytes) @ 0x000001be2b620fcc [0x000001be2b620ec0+0x000000000000010c]
v  ~StubRoutines::call_stub 0x000001be32a2100e
J 919  java.lang.ClassLoader.defineClass1(Ljava/lang/ClassLoader;Ljava/lang/String;[BIILjava/security/ProtectionDomain;Ljava/lang/String;)Ljava/lang/Class; java.base@19.0.2 (0 bytes) @ 0x000001be33013583 [0x000001be330134c0+0x00000000000000c3]
J 925 c1 java.lang.ClassLoader.defineClass(Ljava/lang/String;[BIILjava/security/ProtectionDomain;)Ljava/lang/Class; java.base@19.0.2 (43 bytes) @ 0x000001be2b6862d4 [0x000001be2b685f80+0x0000000000000354]
J 1045 c1 java.security.SecureClassLoader.defineClass(Ljava/lang/String;[BIILjava/security/CodeSource;)Ljava/lang/Class; java.base@19.0.2 (16 bytes) @ 0x000001be2b6c210c [0x000001be2b6c2040+0x00000000000000cc]
J 920 c1 jdk.internal.loader.BuiltinClassLoader.defineClass(Ljava/lang/String;Ljdk/internal/loader/Resource;)Ljava/lang/Class; java.base@19.0.2 (121 bytes) @ 0x000001be2b683a04 [0x000001be2b682aa0+0x0000000000000f64]
J 1000 c1 jdk.internal.loader.BuiltinClassLoader.findClassOnClassPathOrNull(Ljava/lang/String;)Ljava/lang/Class; java.base@19.0.2 (64 bytes) @ 0x000001be2b6aef54 [0x000001be2b6ae280+0x0000000000000cd4]
J 3252 c2 jdk.internal.loader.BuiltinClassLoader.loadClassOrNull(Ljava/lang/String;Z)Ljava/lang/Class; java.base@19.0.2 (143 bytes) @ 0x000001be3313f028 [0x000001be3313dce0+0x0000000000001348]
J 778 c1 jdk.internal.loader.ClassLoaders$AppClassLoader.loadClass(Ljava/lang/String;Z)Ljava/lang/Class; java.base@19.0.2 (40 bytes) @ 0x000001be2b6214c4 [0x000001be2b6212e0+0x00000000000001e4]
J 777 c1 java.lang.ClassLoader.loadClass(Ljava/lang/String;)Ljava/lang/Class; java.base@19.0.2 (7 bytes) @ 0x000001be2b620fcc [0x000001be2b620ec0+0x000000000000010c]
v  ~StubRoutines::call_stub 0x000001be32a2100e
j  org.hibernate.annotations.common.reflection.java.JavaReflectionManager.<init>()V+22
j  org.hibernate.boot.internal.BootstrapContextImpl.generateHcannReflectionManager()Lorg/hibernate/annotations/common/reflection/java/JavaReflectionManager;+4
j  org.hibernate.boot.internal.BootstrapContextImpl.<init>(Lorg/hibernate/boot/registry/StandardServiceRegistry;Lorg/hibernate/boot/spi/MetadataBuildingOptions;)V+60
j  org.hibernate.boot.internal.MetadataBuilderImpl.<init>(Lorg/hibernate/boot/MetadataSources;Lorg/hibernate/boot/registry/StandardServiceRegistry;)V+31
j  org.hibernate.boot.MetadataSources.getMetadataBuilder(Lorg/hibernate/boot/registry/StandardServiceRegistry;)Lorg/hibernate/boot/MetadataBuilder;+7
j  org.hibernate.jpa.boot.internal.EntityManagerFactoryBuilderImpl.<init>(Lorg/hibernate/jpa/boot/spi/PersistenceUnitDescriptor;Ljava/util/Map;Ljava/lang/ClassLoader;Lorg/hibernate/boot/registry/classloading/spi/ClassLoaderService;Ljava/util/function/Consumer;)V+193
j  org.hibernate.jpa.boot.internal.EntityManagerFactoryBuilderImpl.<init>(Lorg/hibernate/jpa/boot/spi/PersistenceUnitDescriptor;Ljava/util/Map;)V+6
j  org.springframework.orm.jpa.vendor.SpringHibernateJpaPersistenceProvider.createContainerEntityManagerFactory(Ljakarta/persistence/spi/PersistenceUnitInfo;Ljava/util/Map;)Ljakarta/persistence/EntityManagerFactory;+56
j  org.springframework.orm.jpa.LocalContainerEntityManagerFactoryBean.createNativeEntityManagerFactory()Ljakarta/persistence/EntityManagerFactory;+111
j  org.springframework.orm.jpa.AbstractEntityManagerFactoryBean.buildNativeEntityManagerFactory()Ljakarta/persistence/EntityManagerFactory;+1
j  org.springframework.orm.jpa.AbstractEntityManagerFactoryBean.afterPropertiesSet()V+192
j  org.springframework.orm.jpa.LocalContainerEntityManagerFactoryBean.afterPropertiesSet()V+84
j  org.springframework.beans.factory.support.AbstractAutowireCapableBeanFactory.invokeInitMethods(Ljava/lang/String;Ljava/lang/Object;Lorg/springframework/beans/factory/support/RootBeanDefinition;)V+56
j  org.springframework.beans.factory.support.AbstractAutowireCapableBeanFactory.initializeBean(Ljava/lang/String;Ljava/lang/Object;Lorg/springframework/beans/factory/support/RootBeanDefinition;)Ljava/lang/Object;+34
j  org.springframework.beans.factory.support.AbstractAutowireCapableBeanFactory.doCreateBean(Ljava/lang/String;Lorg/springframework/beans/factory/support/RootBeanDefinition;[Ljava/lang/Object;)Ljava/lang/Object;+228
j  org.springframework.beans.factory.support.AbstractAutowireCapableBeanFactory.createBean(Ljava/lang/String;Lorg/springframework/beans/factory/support/RootBeanDefinition;[Ljava/lang/Object;)Ljava/lang/Object;+153
j  org.springframework.beans.factory.support.AbstractBeanFactory.lambda$doGetBean$0(Ljava/lang/String;Lorg/springframework/beans/factory/support/RootBeanDefinition;[Ljava/lang/Object;)Ljava/lang/Object;+4
j  org.springframework.beans.factory.support.AbstractBeanFactory$$Lambda$269+0x00000008011b03a0.getObject()Ljava/lang/Object;+16
j  org.springframework.beans.factory.support.DefaultSingletonBeanRegistry.getSingleton(Ljava/lang/String;Lorg/springframework/beans/factory/ObjectFactory;)Ljava/lang/Object;+114
J 2572 c1 org.springframework.beans.factory.support.AbstractBeanFactory.doGetBean(Ljava/lang/String;Ljava/lang/Class;[Ljava/lang/Object;Z)Ljava/lang/Object; (714 bytes) @ 0x000001be2b9e6f64 [0x000001be2b9e4cc0+0x00000000000022a4]
j  org.springframework.beans.factory.support.AbstractBeanFactory.getBean(Ljava/lang/String;)Ljava/lang/Object;+5
j  org.springframework.context.support.AbstractApplicationContext.getBean(Ljava/lang/String;)Ljava/lang/Object;+9
j  org.springframework.context.support.AbstractApplicationContext.finishBeanFactoryInitialization(Lorg/springframework/beans/factory/config/ConfigurableListableBeanFactory;)V+106
j  org.springframework.context.support.AbstractApplicationContext.refresh()V+86
j  org.springframework.boot.web.servlet.context.ServletWebServerApplicationContext.refresh()V+1
j  org.springframework.boot.SpringApplication.refresh(Lorg/springframework/context/ConfigurableApplicationContext;)V+1
j  org.springframework.boot.SpringApplication.refreshContext(Lorg/springframework/context/ConfigurableApplicationContext;)V+16
j  org.springframework.boot.SpringApplication.run([Ljava/lang/String;)Lorg/springframework/context/ConfigurableApplicationContext;+114
j  org.springframework.boot.SpringApplication.run([Ljava/lang/Class;[Ljava/lang/String;)Lorg/springframework/context/ConfigurableApplicationContext;+9
j  org.springframework.boot.SpringApplication.run(Ljava/lang/Class;[Ljava/lang/String;)Lorg/springframework/context/ConfigurableApplicationContext;+9
j  org.generation.brazil.school.SchoolAplication.main([Ljava/lang/String;)V+3
v  ~StubRoutines::call_stub 0x000001be32a2100e

Compiled method (n/a)    5827  919     n 0       java.lang.ClassLoader::defineClass1 (native)
 total in heap  [0x000001be33013310,0x000001be33013968] = 1624
 relocation     [0x000001be33013470,0x000001be330134a8] = 56
 main code      [0x000001be330134c0,0x000001be33013962] = 1186
 stub code      [0x000001be33013962,0x000001be33013968] = 6

[Constant Pool (empty)]

[MachCode]
[Entry Point]
  # {method} {0x0000000800435c20} 'defineClass1' '(Ljava/lang/ClassLoader;Ljava/lang/String;[BIILjava/security/ProtectionDomain;Ljava/lang/String;)Ljava/lang/Class;' in 'java/lang/ClassLoader'
  # parm0:    rdx:rdx   = 'java/lang/ClassLoader'
  # parm1:    r8:r8     = 'java/lang/String'
  # parm2:    r9:r9     = '[B'
  # parm3:    rdi       = int
  # parm4:    rsi       = int
  # parm5:    rcx:rcx   = 'java/security/ProtectionDomain'
  # parm6:    [sp+0xa0]   = 'java/lang/String'  (sp of caller)
  0x000001be330134c0: 448b 5208 | 49bb 0000 | 0000 0800 | 0000 4d03 | d349 3bc2 | 0f84 0600 

  0x000001be330134d8: ;   {runtime_call ic_miss_stub}
  0x000001be330134d8: 0000 e9a1 | e2a6 ff90 
[Verified Entry Point]
  0x000001be330134e0: 8984 2400 | 90ff ff55 | 488b ec48 | 81ec 9000 | 0000 4881 | 7d10 0000 | 0000 488d | 4510 480f 
  0x000001be33013500: 4445 1048 | 8944 2440 | 4889 4c24 | 7048 83f9 | 0048 8d44 | 2470 480f | 4444 2470 | 4889 4424 
  0x000001be33013520: 3848 8974 | 2430 4889 | 7c24 284c | 894c 2458 | 4983 f900 | 488d 4424 | 5848 0f44 | 4424 5848 
  0x000001be33013540: 8944 2420 | 4c89 4424 | 5049 83f8 | 004c 8d4c | 2450 4c0f | 444c 2450 | 4889 5424 | 4848 83fa 
  0x000001be33013560: 004c 8d44 | 2448 4c0f | 4444 2448 

  0x000001be3301356c: ;   {oop(a 'java/lang/Class'{0x000000008226f5d0} = 'java/lang/ClassLoader')}
  0x000001be3301356c: 49be d0f5 | 2682 0000 | 0000 4c89 | 7424 784c | 8d74 2478 | 498b d6c5 

  0x000001be33013584: ;   {internal_word}
  0x000001be33013584: f877 49ba | 8335 0133 | be01 0000 | 4d89 97c8 | 0200 0049 | 89a7 c002 

  0x000001be3301359c: ;   {external_word}
  0x000001be3301359c: 0000 49ba | c984 8c8c | f87f 0000 | 4180 3a00 | 0f84 5000 | 0000 5241 

  0x000001be330135b4: ;   {metadata({method} {0x0000000800435c20} 'defineClass1' '(Ljava/lang/ClassLoader;Ljava/lang/String;[BIILjava/security/ProtectionDomain;Ljava/lang/String;)Ljava/lang/Class;' in 'java/lang/ClassLoader')}
  0x000001be330135b4: 5041 5148 | ba18 5c43 | 0008 0000 | 0049 8bcf | 4883 ec20 | 40f6 c40f | 0f84 1a00 | 0000 4883 
  0x000001be330135d4: ;   {runtime_call}
  0x000001be330135d4: ec08 49ba | d027 448c | f87f 0000 | 41ff d248 | 83c4 08e9 | 0d00 0000 

  0x000001be330135ec: ;   {runtime_call}
  0x000001be330135ec: 49ba d027 | 448c f87f | 0000 41ff | d248 83c4 | 2041 5941 | 585a 498d | 8fe0 0200 | 0041 c787 
  0x000001be3301360c: 7403 0000 | 0400 0000 

  0x000001be33013614: ;   {runtime_call}
  0x000001be33013614: 49ba ac16 | f5c9 f87f | 0000 41ff | d2c5 f877 | 41c7 8774 | 0300 0005 | 0000 00f0 | 8344 24c0 
  0x000001be33013634: 0049 3baf | 7803 0000 | 0f87 1100 | 0000 4181 | bf70 0300 | 0000 0000 | 000f 842c | 0000 00c5 
  0x000001be33013654: f877 4889 | 45f8 498b | cf4c 8be4 | 4883 ec20 | 4883 e4f0 

  0x000001be33013668: ;   {runtime_call}
  0x000001be33013668: 49ba 0015 | 4f8c f87f | 0000 41ff | d249 8be4 | 4d33 e448 | 8b45 f841 | c787 7403 | 0000 0800 
  0x000001be33013688: 0000 4181 | bfe8 0300 | 0002 0000 | 000f 8499 

  0x000001be33013698: ;   {external_word}
  0x000001be33013698: 0200 0049 | bac9 848c | 8cf8 7f00 | 0041 803a | 000f 844e | 0000 0048 

  0x000001be330136b0: ;   {metadata({method} {0x0000000800435c20} 'defineClass1' '(Ljava/lang/ClassLoader;Ljava/lang/String;[BIILjava/security/ProtectionDomain;Ljava/lang/String;)Ljava/lang/Class;' in 'java/lang/ClassLoader')}
  0x000001be330136b0: 8945 f848 | ba18 5c43 | 0008 0000 | 0049 8bcf | 4883 ec20 | 40f6 c40f | 0f84 1a00 | 0000 4883 
  0x000001be330136d0: ;   {runtime_call}
  0x000001be330136d0: ec08 49ba | d027 448c | f87f 0000 | 41ff d248 | 83c4 08e9 | 0d00 0000 

  0x000001be330136e8: ;   {runtime_call}
  0x000001be330136e8: 49ba d027 | 448c f87f | 0000 41ff | d248 83c4 | 2048 8b45 | f849 c787 | c002 0000 | 0000 0000 
  0x000001be33013708: 49c7 87c8 | 0200 0000 | 0000 00c5 | f877 4885 | c00f 84ef | 0100 00a8 | 010f 84e4 | 0100 0048 
  0x000001be33013728: 8b40 ff41 | 807f 4000 | 0f84 d001 | 0000 4883 | f800 0f84 | c601 0000 | 498b 4f28 | 4883 f900 
  0x000001be33013748: 0f84 1400 | 0000 4883 | e908 4989 | 4f28 4903 | 4f38 4889 | 01e9 a401 | 0000 4881 | ecd0 0000 
  0x000001be33013768: 0048 8904 | 2448 894c | 2408 4889 | 5424 1048 | 8974 2418 | 4889 7c24 | 204c 8944 | 2428 4c89 
  0x000001be33013788: 4c24 304c | 8954 2438 | 4c89 5c24 | 40c5 fb11 | 4424 50c5 | fb11 4c24 | 58c5 fb11 | 5424 60c5 
  0x000001be330137a8: fb11 5c24 | 68c5 fb11 | 6424 70c5 | fb11 6c24 | 78c5 fb11 | b424 8000 | 0000 c5fb | 11bc 2488 
  0x000001be330137c8: 0000 00c5 | 7b11 8424 | 9000 0000 | c57b 118c | 2498 0000 | 00c5 7b11 | 9424 a000 | 0000 c57b 
  0x000001be330137e8: 119c 24a8 | 0000 00c5 | 7b11 a424 | b000 0000 | c57b 11ac | 24b8 0000 | 00c5 7b11 | b424 c000 
  0x000001be33013808: 0000 c57b | 11bc 24c8 | 0000 0049 | 8bd7 488b | c848 83ec | 2040 f6c4 | 0f0f 841a | 0000 0048 
  0x000001be33013828: ;   {runtime_call}
  0x000001be33013828: 83ec 0849 | bab0 1e01 | 8cf8 7f00 | 0041 ffd2 | 4883 c408 | e90d 0000 

  0x000001be33013840: ;   {runtime_call}
  0x000001be33013840: 0049 bab0 | 1e01 8cf8 | 7f00 0041 | ffd2 4883 | c420 c57b | 10bc 24c8 | 0000 00c5 | 7b10 b424 
  0x000001be33013860: c000 0000 | c57b 10ac | 24b8 0000 | 00c5 7b10 | a424 b000 | 0000 c57b | 109c 24a8 | 0000 00c5 
  0x000001be33013880: 7b10 9424 | a000 0000 | c57b 108c | 2498 0000 | 00c5 7b10 | 8424 9000 | 0000 c5fb | 10bc 2488 
  0x000001be330138a0: 0000 00c5 | fb10 b424 | 8000 0000 | c5fb 106c | 2478 c5fb | 1064 2470 | c5fb 105c | 2468 c5fb 
  0x000001be330138c0: 1054 2460 | c5fb 104c | 2458 c5fb | 1044 2450 | 4c8b 5c24 | 404c 8b54 | 2438 4c8b | 4c24 304c 
  0x000001be330138e0: 8b44 2428 | 488b 7c24 | 2048 8b74 | 2418 488b | 5424 1048 | 8b4c 2408 | 488b 0424 | 4881 c4d0 
  0x000001be33013900: 0000 00c5 | f877 e903 | 0000 0048 | 8b00 498b | 8f50 0300 | 00c7 8100 | 0100 0000 | 0000 00c9 
  0x000001be33013920: 4981 7f08 | 0000 0000 | 0f85 0100 

  0x000001be3301392c: ;   {runtime_call StubRoutines (1)}
  0x000001be3301392c: 0000 c3e9 | ccd5 a0ff | c5f8 7748 | 8945 f84c | 8be4 4883 | ec20 4883 

  0x000001be33013944: ;   {runtime_call}
  0x000001be33013944: e4f0 49ba | 305c 448c | f87f 0000 | 41ff d249 | 8be4 4d33 | e448 8b45 | f8e9 39fd | ffff f4f4 
  0x000001be33013964: f4f4 f4f4 
[/MachCode]


Compiled method (c1)    5840  925       3       java.lang.ClassLoader::defineClass (43 bytes)
 total in heap  [0x000001be2b685d90,0x000001be2b6866c8] = 2360
 relocation     [0x000001be2b685ef0,0x000001be2b685f80] = 144
 main code      [0x000001be2b685f80,0x000001be2b686420] = 1184
 stub code      [0x000001be2b686420,0x000001be2b686498] = 120
 metadata       [0x000001be2b686498,0x000001be2b6864c8] = 48
 scopes data    [0x000001be2b6864c8,0x000001be2b6865b8] = 240
 scopes pcs     [0x000001be2b6865b8,0x000001be2b686698] = 224
 dependencies   [0x000001be2b686698,0x000001be2b6866a0] = 8
 nul chk table  [0x000001be2b6866a0,0x000001be2b6866c8] = 40

[Constant Pool (empty)]

[MachCode]
[Entry Point]
  # {method} {0x0000000800435f48} 'defineClass' '(Ljava/lang/String;[BIILjava/security/ProtectionDomain;)Ljava/lang/Class;' in 'java/lang/ClassLoader'
  # this:     rdx:rdx   = 'java/lang/ClassLoader'
  # parm0:    r8:r8     = 'java/lang/String'
  # parm1:    r9:r9     = '[B'
  # parm2:    rdi       = int
  # parm3:    rsi       = int
  # parm4:    rcx:rcx   = 'java/security/ProtectionDomain'
  #           [sp+0xc0]  (sp of caller)
  0x000001be2b685f80: 448b 5208 | 49bb 0000 | 0000 0800 | 0000 4d03 | d34c 3bd0 

  0x000001be2b685f94: ;   {runtime_call ic_miss_stub}
  0x000001be2b685f94: 0f85 e6b7 | 3f07 660f | 1f44 0000 
[Verified Entry Point]
  0x000001be2b685fa0: 8984 2400 | 90ff ff55 | 4881 ecb0 | 0000 0048 | 8954 2478 

  0x000001be2b685fb4: ;   {metadata(method data for {method} {0x0000000800435f48} 'defineClass' '(Ljava/lang/String;[BIILjava/security/ProtectionDomain;)Ljava/lang/Class;' in 'java/lang/ClassLoader')}
  0x000001be2b685fb4: 48bb f80f | a141 be01 | 0000 8b83 | cc00 0000 | 83c0 0289 | 83cc 0000 | 0025 fe07 | 0000 83f8 
  0x000001be2b685fd4: 000f 844f | 0300 0089 | b424 9400 | 0000 89bc | 2490 0000 | 004c 898c | 2488 0000 | 0048 8bda 
  0x000001be2b685ff4: ;   {metadata(method data for {method} {0x0000000800435f48} 'defineClass' '(Ljava/lang/String;[BIILjava/security/ProtectionDomain;)Ljava/lang/Class;' in 'java/lang/ClassLoader')}
  0x000001be2b685ff4: 48b8 f80f | a141 be01 | 0000 4883 | 8010 0100 | 0001 498b | d84c 8bc3 | 4c8b c948 | 8bca 488b 
  0x000001be2b686014: d148 899c | 2480 0000 

  0x000001be2b68601c: ;   {optimized virtual_call}
  0x000001be2b68601c: 0066 90e8 

  0x000001be2b686020: ; ImmutableOopMap {[120]=Oop [128]=Oop [136]=Oop }
                      ;*invokevirtual preDefineClass {reexecute=0 rethrow=0 return_oop=0}
                      ; - java.lang.ClassLoader::defineClass@4 (line 1011)
  0x000001be2b686020: dcc5 0300 | 4889 8424 | 9800 0000 | 488b 5424 

  0x000001be2b686030: ;   {metadata(method data for {method} {0x0000000800435f48} 'defineClass' '(Ljava/lang/String;[BIILjava/security/ProtectionDomain;)Ljava/lang/Class;' in 'java/lang/ClassLoader')}
  0x000001be2b686030: 7849 b8f8 | 0fa1 41be | 0100 0049 | 8380 4801 

  0x000001be2b686040: ;   {metadata(method data for {method} {0x0000000800435c88} 'defineClassSourceLocation' '(Ljava/security/ProtectionDomain;)Ljava/lang/String;' in 'java/lang/ClassLoader')}
  0x000001be2b686040: 0000 0149 | b810 17a1 | 41be 0100 | 0041 8b90 | cc00 0000 | 83c2 0241 | 8990 cc00 | 0000 81e2 
  0x000001be2b686060: feff 1f00 | 83fa 000f | 84de 0200 | 0048 3b00 

  0x000001be2b686070: ;   {metadata(method data for {method} {0x0000000800435c88} 'defineClassSourceLocation' '(Ljava/security/ProtectionDomain;)Ljava/lang/String;' in 'java/lang/ClassLoader')}
  0x000001be2b686070: 4c8b c048 | ba10 17a1 | 41be 0100 | 0048 8382 | 1001 0000 | 0144 8b40 | 1049 83f8 

  0x000001be2b68608c: ;   {metadata(method data for {method} {0x0000000800435c88} 'defineClassSourceLocation' '(Ljava/security/ProtectionDomain;)Ljava/lang/String;' in 'java/lang/ClassLoader')}
  0x000001be2b68608c: 0048 ba10 | 17a1 41be | 0100 0048 | be58 0100 | 0000 0000 | 000f 850a | 0000 0048 | be48 0100 
  0x000001be2b6860ac: 0000 0000 | 0048 8b3c | 3248 8d7f | 0148 893c | 320f 850f 

  0x000001be2b6860c0: ;   {oop(NULL)}
  0x000001be2b6860c0: 0000 0048 | bb00 0000 | 0000 0000 | 00e9 ad01 | 0000 493b | 0049 8bd0 

  0x000001be2b6860d8: ;   {metadata(method data for {method} {0x0000000800435c88} 'defineClassSourceLocation' '(Ljava/security/ProtectionDomain;)Ljava/lang/String;' in 'java/lang/ClassLoader')}
  0x000001be2b6860d8: 48be 1017 | a141 be01 | 0000 4883 | 8668 0100 | 0001 418b | 500c 4883 

  0x000001be2b6860f0: ;   {metadata(method data for {method} {0x0000000800435c88} 'defineClassSourceLocation' '(Ljava/security/ProtectionDomain;)Ljava/lang/String;' in 'java/lang/ClassLoader')}
  0x000001be2b6860f0: fa00 48be | 1017 a141 | be01 0000 | 48bf b001 | 0000 0000 | 0000 0f85 | 0a00 0000 | 48bf a001 
  0x000001be2b686110: 0000 0000 | 0000 488b | 1c3e 488d | 5b01 4889 | 1c3e 0f85 | 0f00 0000 

  0x000001be2b686128: ;   {oop(NULL)}
  0x000001be2b686128: 48bb 0000 | 0000 0000 | 0000 e948 

  0x000001be2b686134: ;   {metadata(method data for {method} {0x0000000800435c88} 'defineClassSourceLocation' '(Ljava/security/ProtectionDomain;)Ljava/lang/String;' in 'java/lang/ClassLoader')}
  0x000001be2b686134: 0100 0048 | be10 17a1 | 41be 0100 | 0048 8386 | c001 0000 | 0148 3b02 

  0x000001be2b68614c: ;   {metadata(method data for {method} {0x0000000800435c88} 'defineClassSourceLocation' '(Ljava/security/ProtectionDomain;)Ljava/lang/String;' in 'java/lang/ClassLoader')}
  0x000001be2b68614c: 4c8b c248 | be10 17a1 | 41be 0100 | 0048 8386 | f801 0000 

  0x000001be2b686160: ;   {metadata(method data for {method} {0x0000000800068628} 'toString' '()Ljava/lang/String;' in 'java/net/URL')}
  0x000001be2b686160: 0149 b8b8 | 729a 41be | 0100 0041 | 8bb0 cc00 | 0000 83c6 | 0241 89b0 | cc00 0000 | 81e6 feff 
  0x000001be2b686180: 1f00 83fe | 000f 84f0 | 0100 004c 

  0x000001be2b68618c: ;   {metadata(method data for {method} {0x0000000800068628} 'toString' '()Ljava/lang/String;' in 'java/net/URL')}
  0x000001be2b68618c: 8bc2 48be | b872 9a41 | be01 0000 | 4883 8610 | 0100 0001 

  0x000001be2b6861a0: ;   {metadata(method data for {method} {0x0000000800068ec0} 'toExternalForm' '()Ljava/lang/String;' in 'java/net/URL')}
  0x000001be2b6861a0: 49b8 4074 | 9a41 be01 | 0000 418b | b0cc 0000 | 0083 c602 | 4189 b0cc | 0000 0081 | e6fe ff1f 
  0x000001be2b6861c0: 0083 fe00 | 0f84 d201 | 0000 8b72 | 3848 3b06 

  0x000001be2b6861d0: ;   {metadata(method data for {method} {0x0000000800068ec0} 'toExternalForm' '()Ljava/lang/String;' in 'java/net/URL')}
  0x000001be2b6861d0: 4c8b c648 | bf40 749a | 41be 0100 | 0045 8b40 | 0849 ba00 | 0000 0008 | 0000 004d | 03c2 4c3b 
  0x000001be2b6861f0: 8720 0100 | 0075 0d48 | 8387 2801 | 0000 01e9 | 6600 0000 | 4c3b 8730 | 0100 0075 | 0d48 8387 
  0x000001be2b686210: 3801 0000 | 01e9 5000 | 0000 4881 | bf20 0100 | 0000 0000 | 0075 174c | 8987 2001 | 0000 48c7 
  0x000001be2b686230: 8728 0100 | 0001 0000 | 00e9 2c00 | 0000 4881 | bf30 0100 | 0000 0000 | 0075 174c | 8987 3001 
  0x000001be2b686250: 0000 48c7 | 8738 0100 | 0001 0000 | 00e9 0800 | 0000 4883 | 8710 0100 | 0001 4c8b | c248 8bd6 
  0x000001be2b686270: 0f1f 8000 

  0x000001be2b686274: ;   {optimized virtual_call}
  0x000001be2b686274: 0000 00e8 

  0x000001be2b686278: ; ImmutableOopMap {[120]=Oop [128]=Oop [136]=Oop [152]=Oop }
                      ;*invokevirtual toExternalForm {reexecute=0 rethrow=0 return_oop=0}
                      ; - java.net.URL::toExternalForm@5 (line 1040)
                      ; - java.net.URL::toString@1 (line 1026)
                      ; - java.lang.ClassLoader::defineClassSourceLocation@22 (line 913)
                      ; - java.lang.ClassLoader::defineClass@12 (line 1012)
  0x000001be2b686278: 04c8 f9ff | 488b d848 | 8b84 2498 | 0000 008b | b424 9400 | 0000 8bbc | 2490 0000 | 004c 8b8c 
  0x000001be2b686298: 2488 0000 | 004c 8b84 | 2480 0000 | 0048 8b54 

  0x000001be2b6862a8: ;   {metadata(method data for {method} {0x0000000800435f48} 'defineClass' '(Ljava/lang/String;[BIILjava/security/ProtectionDomain;)Ljava/lang/Class;' in 'java/lang/ClassLoader')}
  0x000001be2b6862a8: 2478 48b9 | f80f a141 | be01 0000 | 4883 8180 | 0100 0001 | 4c8b da49 | 8bd3 488b | c848 891c 
  0x000001be2b6862c8: 2466 0f1f 

  0x000001be2b6862cc: ;   {static_call}
  0x000001be2b6862cc: 4400 00e8 

  0x000001be2b6862d0: ; ImmutableOopMap {[120]=Oop [152]=Oop }
                      ;*invokestatic defineClass1 {reexecute=0 rethrow=0 return_oop=0}
                      ; - java.lang.ClassLoader::defineClass@27 (line 1013)
  0x000001be2b6862d0: 0cd2 9807 | 488b 5424 

  0x000001be2b6862d8: ;   {metadata(method data for {method} {0x0000000800435f48} 'defineClass' '(Ljava/lang/String;[BIILjava/security/ProtectionDomain;)Ljava/lang/Class;' in 'java/lang/ClassLoader')}
  0x000001be2b6862d8: 7849 b8f8 | 0fa1 41be | 0100 0049 | 8380 9001 | 0000 014c | 8bc0 4c8b | 8c24 9800 | 0000 488b 
  0x000001be2b6862f8: 5424 7848 | 8984 24a0 | 0000 000f 

  0x000001be2b686304: ;   {optimized virtual_call}
  0x000001be2b686304: 1f40 00e8 

  0x000001be2b686308: ; ImmutableOopMap {[160]=Oop }
                      ;*invokevirtual postDefineClass {reexecute=0 rethrow=0 return_oop=0}
                      ; - java.lang.ClassLoader::defineClass@37 (line 1014)
  0x000001be2b686308: 94dd 0300 | 488b 8424 | a000 0000 | 4881 c4b0 | 0000 005d 

  0x000001be2b68631c: ;   {poll_return}
  0x000001be2b68631c: 493b a778 | 0300 000f | 8799 0000 

  0x000001be2b686328: ;   {metadata({method} {0x0000000800435f48} 'defineClass' '(Ljava/lang/String;[BIILjava/security/ProtectionDomain;)Ljava/lang/Class;' in 'java/lang/ClassLoader')}
  0x000001be2b686328: 00c3 49ba | 405f 4300 | 0800 0000 | 4c89 5424 | 0848 c704 | 24ff ffff 

  0x000001be2b686340: ;   {runtime_call counter_overflow Runtime1 stub}
  0x000001be2b686340: ffe8 ba7e 

  0x000001be2b686344: ; ImmutableOopMap {rdx=Oop r8=Oop r9=Oop rcx=Oop [120]=Oop }
                      ;*synchronization entry
                      ; - java.lang.ClassLoader::defineClass@-1 (line 1011)
  0x000001be2b686344: 4a07 e990 

  0x000001be2b686348: ;   {metadata({method} {0x0000000800435c88} 'defineClassSourceLocation' '(Ljava/security/ProtectionDomain;)Ljava/lang/String;' in 'java/lang/ClassLoader')}
  0x000001be2b686348: fcff ff49 | ba80 5c43 | 0008 0000 | 004c 8954 | 2408 48c7 | 0424 ffff 

  0x000001be2b686360: ;   {runtime_call counter_overflow Runtime1 stub}
  0x000001be2b686360: ffff e899 

  0x000001be2b686364: ; ImmutableOopMap {rax=Oop [120]=Oop [128]=Oop [136]=Oop [152]=Oop }
                      ;*synchronization entry
                      ; - java.lang.ClassLoader::defineClassSourceLocation@-1 (line 910)
                      ; - java.lang.ClassLoader::defineClass@12 (line 1012)
  0x000001be2b686364: 7e4a 07e9 | 01fd ffff 

  0x000001be2b68636c: ;   {runtime_call throw_null_pointer_exception Runtime1 stub}
  0x000001be2b68636c: e8af 2d4a 

  0x000001be2b686370: ; ImmutableOopMap {rax=Oop [120]=Oop [128]=Oop [136]=Oop [152]=Oop }
                      ;*invokevirtual getCodeSource {reexecute=0 rethrow=0 return_oop=0}
                      ; - java.lang.ClassLoader::defineClassSourceLocation@1 (line 910)
                      ; - java.lang.ClassLoader::defineClass@12 (line 1012)
                      ;   {runtime_call throw_null_pointer_exception Runtime1 stub}
  0x000001be2b686370: 07e8 aa2d 

  0x000001be2b686374: ; ImmutableOopMap {rax=Oop r8=Oop [120]=Oop [128]=Oop [136]=Oop [152]=Oop }
                      ;*invokevirtual getLocation {reexecute=0 rethrow=0 return_oop=0}
                      ; - java.lang.ClassLoader::defineClassSourceLocation@12 (line 912)
                      ; - java.lang.ClassLoader::defineClass@12 (line 1012)
                      ;   {runtime_call throw_null_pointer_exception Runtime1 stub}
  0x000001be2b686374: 4a07 e8a5 

  0x000001be2b686378: ; ImmutableOopMap {rdx=Oop [120]=Oop [128]=Oop [136]=Oop [152]=Oop }
                      ;*invokevirtual toString {reexecute=0 rethrow=0 return_oop=0}
                      ; - java.lang.ClassLoader::defineClassSourceLocation@22 (line 913)
                      ; - java.lang.ClassLoader::defineClass@12 (line 1012)
                      ;   {metadata({method} {0x0000000800068628} 'toString' '()Ljava/lang/String;' in 'java/net/URL')}
  0x000001be2b686378: 2d4a 0749 | ba20 8606 | 0008 0000 | 004c 8954 | 2408 48c7 | 0424 ffff 

  0x000001be2b686390: ;   {runtime_call counter_overflow Runtime1 stub}
  0x000001be2b686390: ffff e869 

  0x000001be2b686394: ; ImmutableOopMap {rdx=Oop [120]=Oop [128]=Oop [136]=Oop [152]=Oop }
                      ;*synchronization entry
                      ; - java.net.URL::toString@-1 (line 1026)
                      ; - java.lang.ClassLoader::defineClassSourceLocation@22 (line 913)
                      ; - java.lang.ClassLoader::defineClass@12 (line 1012)
  0x000001be2b686394: 7e4a 07e9 | effd ffff 

  0x000001be2b68639c: ;   {metadata({method} {0x0000000800068ec0} 'toExternalForm' '()Ljava/lang/String;' in 'java/net/URL')}
  0x000001be2b68639c: 49ba b88e | 0600 0800 | 0000 4c89 | 5424 0848 | c704 24ff 

  0x000001be2b6863b0: ;   {runtime_call counter_overflow Runtime1 stub}
  0x000001be2b6863b0: ffff ffe8 

  0x000001be2b6863b4: ; ImmutableOopMap {rdx=Oop [120]=Oop [128]=Oop [136]=Oop [152]=Oop }
                      ;*synchronization entry
                      ; - java.net.URL::toExternalForm@-1 (line 1040)
                      ; - java.net.URL::toString@1 (line 1026)
                      ; - java.lang.ClassLoader::defineClassSourceLocation@22 (line 913)
                      ; - java.lang.ClassLoader::defineClass@12 (line 1012)
  0x000001be2b6863b4: 487e 4a07 | e90d feff 

  0x000001be2b6863bc: ;   {runtime_call throw_null_pointer_exception Runtime1 stub}
  0x000001be2b6863bc: ffe8 5e2d 

  0x000001be2b6863c0: ; ImmutableOopMap {rdx=Oop rsi=Oop [120]=Oop [128]=Oop [136]=Oop [152]=Oop }
                      ;*invokevirtual toExternalForm {reexecute=0 rethrow=0 return_oop=0}
                      ; - java.net.URL::toExternalForm@5 (line 1040)
                      ; - java.net.URL::toString@1 (line 1026)
                      ; - java.lang.ClassLoader::defineClassSourceLocation@22 (line 913)
                      ; - java.lang.ClassLoader::defineClass@12 (line 1012)
                      ;   {internal_word}
  0x000001be2b6863c0: 4a07 49ba | 1c63 682b | be01 0000 | 4d89 9790 

  0x000001be2b6863d0: ;   {runtime_call SafepointBlob}
  0x000001be2b6863d0: 0300 00e9 | 281a 4007 | 498b 8720 | 0400 0049 | c787 2004 | 0000 0000 | 0000 49c7 | 8728 0400 
  0x000001be2b6863f0: 0000 0000 | 0048 81c4 | b000 0000 

  0x000001be2b6863fc: ;   {runtime_call unwind_exception Runtime1 stub}
  0x000001be2b6863fc: 5de9 fe1d | 4a07 f4f4 | f4f4 f4f4 | f4f4 f4f4 | f4f4 f4f4 | f4f4 f4f4 | f4f4 f4f4 | f4f4 f4f4 
  0x000001be2b68641c: f4f4 f4f4 
[Stub Code]
  0x000001be2b686420: ;   {no_reloc}
  0x000001be2b686420: 0f1f 4400 

  0x000001be2b686424: ;   {static_stub}
  0x000001be2b686424: 0048 bbd8 | 5c43 0008 

  0x000001be2b68642c: ;   {runtime_call I2C/C2I adapters}
  0x000001be2b68642c: 0000 00e9 | ad7e 3f07 

  0x000001be2b686434: ;   {static_stub}
  0x000001be2b686434: 9048 bb00 | 0000 0000 

  0x000001be2b68643c: ;   {runtime_call}
  0x000001be2b68643c: 0000 00e9 | fbff ffff 

  0x000001be2b686444: ;   {static_stub}
  0x000001be2b686444: 9048 bb00 | 0000 0000 

  0x000001be2b68644c: ;   {runtime_call}
  0x000001be2b68644c: 0000 00e9 | fbff ffff 

  0x000001be2b686454: ;   {static_stub}
  0x000001be2b686454: 9048 bbc0 | 5b43 0008 

  0x000001be2b68645c: ;   {runtime_call I2C/C2I adapters}
  0x000001be2b68645c: 0000 00e9 | 7d7e 3f07 
[Exception Handler]
  0x000001be2b686464: ;   {runtime_call handle_exception_from_callee Runtime1 stub}
  0x000001be2b686464: e897 4a4a 

  0x000001be2b686468: ;   {external_word}
  0x000001be2b686468: 0748 b928 | 4965 8cf8 | 7f00 0048 

  0x000001be2b686474: ;   {runtime_call}
  0x000001be2b686474: 83e4 f049 | bab0 f830 | 8cf8 7f00 | 0041 ffd2 

  0x000001be2b686484: ;   {section_word}
  0x000001be2b686484: f449 ba85 | 6468 2bbe | 0100 0041 

  0x000001be2b686490: ;   {runtime_call DeoptimizationBlob}
  0x000001be2b686490: 52e9 0a0c | 4007 f4f4 
[/MachCode]


Compiled method (c1)    5857 1045       3       java.security.SecureClassLoader::defineClass (16 bytes)
 total in heap  [0x000001be2b6c1e90,0x000001be2b6c2280] = 1008
 relocation     [0x000001be2b6c1ff0,0x000001be2b6c2038] = 72
 main code      [0x000001be2b6c2040,0x000001be2b6c2180] = 320
 stub code      [0x000001be2b6c2180,0x000001be2b6c21d8] = 88
 metadata       [0x000001be2b6c21d8,0x000001be2b6c21e0] = 8
 scopes data    [0x000001be2b6c21e0,0x000001be2b6c2228] = 72
 scopes pcs     [0x000001be2b6c2228,0x000001be2b6c2278] = 80
 dependencies   [0x000001be2b6c2278,0x000001be2b6c2280] = 8

[Constant Pool (empty)]

[MachCode]
[Entry Point]
  # {method} {0x0000000800066b18} 'defineClass' '(Ljava/lang/String;[BIILjava/security/CodeSource;)Ljava/lang/Class;' in 'java/security/SecureClassLoader'
  # this:     rdx:rdx   = 'java/security/SecureClassLoader'
  # parm0:    r8:r8     = 'java/lang/String'
  # parm1:    r9:r9     = '[B'
  # parm2:    rdi       = int
  # parm3:    rsi       = int
  # parm4:    rcx:rcx   = 'java/security/CodeSource'
  #           [sp+0x80]  (sp of caller)
  0x000001be2b6c2040: 448b 5208 | 49bb 0000 | 0000 0800 | 0000 4d03 | d34c 3bd0 

  0x000001be2b6c2054: ;   {runtime_call ic_miss_stub}
  0x000001be2b6c2054: 0f85 26f7 | 3b07 660f | 1f44 0000 
[Verified Entry Point]
  0x000001be2b6c2060: 8984 2400 | 90ff ff55 | 4883 ec70 

  0x000001be2b6c206c: ;   {metadata(method data for {method} {0x0000000800066b18} 'defineClass' '(Ljava/lang/String;[BIILjava/security/CodeSource;)Ljava/lang/Class;' in 'java/security/SecureClassLoader')}
  0x000001be2b6c206c: 48bb a8f7 | a041 be01 | 0000 8b83 | cc00 0000 | 83c0 0289 | 83cc 0000 | 0025 fe07 | 0000 83f8 
  0x000001be2b6c208c: 000f 848c | 0000 0089 | 7424 5c89 | 7c24 584c | 894c 2450 | 4c89 4424 | 4848 8bda 

  0x000001be2b6c20a8: ;   {metadata(method data for {method} {0x0000000800066b18} 'defineClass' '(Ljava/lang/String;[BIILjava/security/CodeSource;)Ljava/lang/Class;' in 'java/security/SecureClassLoader')}
  0x000001be2b6c20a8: 48b8 a8f7 | a041 be01 | 0000 4883 | 8010 0100 | 0001 4c8b | c148 8bc2 | 488b d048 | 8944 2440 
  0x000001be2b6c20c8: 0f1f 8000 

  0x000001be2b6c20cc: ;   {optimized virtual_call}
  0x000001be2b6c20cc: 0000 00e8 

  0x000001be2b6c20d0: ; ImmutableOopMap {[64]=Oop [72]=Oop [80]=Oop }
                      ;*invokevirtual getProtectionDomain {reexecute=0 rethrow=0 return_oop=0}
                      ; - java.security.SecureClassLoader::defineClass@9 (line 150)
  0x000001be2b6c20d0: 4cbc 0100 | 488b 5424 

  0x000001be2b6c20d8: ;   {metadata(method data for {method} {0x0000000800066b18} 'defineClass' '(Ljava/lang/String;[BIILjava/security/CodeSource;)Ljava/lang/Class;' in 'java/security/SecureClassLoader')}
  0x000001be2b6c20d8: 4049 b8a8 | f7a0 41be | 0100 0049 | 8380 4801 | 0000 014c | 8b44 2448 | 4c8b 4c24 | 508b 7c24 
  0x000001be2b6c20f8: 588b 7424 | 5c48 8bc8 | 488b 5424 

  0x000001be2b6c2104: ;   {optimized virtual_call}
  0x000001be2b6c2104: 4066 90e8 

  0x000001be2b6c2108: ; ImmutableOopMap {}
                      ;*invokevirtual defineClass {reexecute=0 rethrow=0 return_oop=0}
                      ; - java.security.SecureClassLoader::defineClass@12 (line 150)
  0x000001be2b6c2108: 943e fcff | 4883 c470 

  0x000001be2b6c2110: ;   {poll_return}
  0x000001be2b6c2110: 5d49 3ba7 | 7803 0000 | 0f87 2200 

  0x000001be2b6c211c: ;   {metadata({method} {0x0000000800066b18} 'defineClass' '(Ljava/lang/String;[BIILjava/security/CodeSource;)Ljava/lang/Class;' in 'java/security/SecureClassLoader')}
  0x000001be2b6c211c: 0000 c349 | ba10 6b06 | 0008 0000 | 004c 8954 | 2408 48c7 | 0424 ffff 

  0x000001be2b6c2134: ;   {runtime_call counter_overflow Runtime1 stub}
  0x000001be2b6c2134: ffff e8c5 

  0x000001be2b6c2138: ; ImmutableOopMap {rdx=Oop r8=Oop r9=Oop rcx=Oop }
                      ;*synchronization entry
                      ; - java.security.SecureClassLoader::defineClass@-1 (line 150)
  0x000001be2b6c2138: c046 07e9 | 53ff ffff 

  0x000001be2b6c2140: ;   {internal_word}
  0x000001be2b6c2140: 49ba 1121 | 6c2b be01 | 0000 4d89 | 9790 0300 

  0x000001be2b6c2150: ;   {runtime_call SafepointBlob}
  0x000001be2b6c2150: 00e9 aa5c | 3c07 498b | 8720 0400 | 0049 c787 | 2004 0000 | 0000 0000 | 49c7 8728 | 0400 0000 
  0x000001be2b6c2170: 0000 0048 | 83c4 705d 

  0x000001be2b6c2178: ;   {runtime_call unwind_exception Runtime1 stub}
  0x000001be2b6c2178: e983 6046 | 07f4 f4f4 
[Stub Code]
  0x000001be2b6c2180: ;   {no_reloc}
  0x000001be2b6c2180: 0f1f 4400 

  0x000001be2b6c2184: ;   {static_stub}
  0x000001be2b6c2184: 0048 bb60 | 6a06 0008 

  0x000001be2b6c218c: ;   {runtime_call I2C/C2I adapters}
  0x000001be2b6c218c: 0000 00e9 | c948 3c07 

  0x000001be2b6c2194: ;   {static_stub}
  0x000001be2b6c2194: 9048 bb00 | 0000 0000 

  0x000001be2b6c219c: ;   {runtime_call}
  0x000001be2b6c219c: 0000 00e9 | fbff ffff 
[Exception Handler]
  0x000001be2b6c21a4: ;   {runtime_call handle_exception_from_callee Runtime1 stub}
  0x000001be2b6c21a4: e857 8d46 

  0x000001be2b6c21a8: ;   {external_word}
  0x000001be2b6c21a8: 0748 b928 | 4965 8cf8 | 7f00 0048 

  0x000001be2b6c21b4: ;   {runtime_call}
  0x000001be2b6c21b4: 83e4 f049 | bab0 f830 | 8cf8 7f00 | 0041 ffd2 

  0x000001be2b6c21c4: ;   {section_word}
  0x000001be2b6c21c4: f449 bac5 | 216c 2bbe | 0100 0041 

  0x000001be2b6c21d0: ;   {runtime_call DeoptimizationBlob}
  0x000001be2b6c21d0: 52e9 ca4e | 3c07 f4f4 
[/MachCode]


---------------  P R O C E S S  ---------------

Threads class SMR info:
_java_thread_list=0x000001be48c1f600, length=20, elements={
0x000001be23596bc0, 0x000001be414db820, 0x000001be414dc4f0, 0x000001be414e0470,
0x000001be414e0fa0, 0x000001be414e4320, 0x000001be414e8410, 0x000001be414f7300,
0x000001be41518420, 0x000001be41519530, 0x000001be458d1760, 0x000001be45c14d10,
0x000001be45c15250, 0x000001be46531d70, 0x000001be47a05d00, 0x000001be473704c0,
0x000001be48d385f0, 0x000001be4a100400, 0x000001be46f0fe70, 0x000001be46f103c0
}

Java Threads: ( => current thread )
=>0x000001be23596bc0 JavaThread "main" [_thread_in_vm, id=10540, stack(0x0000003e93d00000,0x0000003e93e00000)]
  0x000001be414db820 JavaThread "Reference Handler" daemon [_thread_blocked, id=16292, stack(0x0000003e94400000,0x0000003e94500000)]
  0x000001be414dc4f0 JavaThread "Finalizer" daemon [_thread_blocked, id=4480, stack(0x0000003e94500000,0x0000003e94600000)]
  0x000001be414e0470 JavaThread "Signal Dispatcher" daemon [_thread_blocked, id=13268, stack(0x0000003e94600000,0x0000003e94700000)]
  0x000001be414e0fa0 JavaThread "Attach Listener" daemon [_thread_blocked, id=6748, stack(0x0000003e94700000,0x0000003e94800000)]
  0x000001be414e4320 JavaThread "Service Thread" daemon [_thread_blocked, id=9040, stack(0x0000003e94800000,0x0000003e94900000)]
  0x000001be414e8410 JavaThread "Monitor Deflation Thread" daemon [_thread_blocked, id=14060, stack(0x0000003e94900000,0x0000003e94a00000)]
  0x000001be414f7300 JavaThread "C2 CompilerThread0" daemon [_thread_blocked, id=20188, stack(0x0000003e94a00000,0x0000003e94b00000)]
  0x000001be41518420 JavaThread "C1 CompilerThread0" daemon [_thread_blocked, id=14164, stack(0x0000003e94b00000,0x0000003e94c00000)]
  0x000001be41519530 JavaThread "Sweeper thread" daemon [_thread_blocked, id=12980, stack(0x0000003e94c00000,0x0000003e94d00000)]
  0x000001be458d1760 JavaThread "Common-Cleaner" daemon [_thread_blocked, id=6928, stack(0x0000003e94d00000,0x0000003e94e00000)]
  0x000001be45c14d10 JavaThread "Monitor Ctrl-Break" daemon [_thread_in_native, id=5736, stack(0x0000003e94f00000,0x0000003e95000000)]
  0x000001be45c15250 JavaThread "Notification Thread" daemon [_thread_blocked, id=12528, stack(0x0000003e95000000,0x0000003e95100000)]
  0x000001be46531d70 JavaThread "C2 CompilerThread1" daemon [_thread_in_native, id=9496, stack(0x0000003e94e00000,0x0000003e94f00000)]
  0x000001be47a05d00 JavaThread "Catalina-utility-1" [_thread_blocked, id=21496, stack(0x0000003e95500000,0x0000003e95600000)]
  0x000001be473704c0 JavaThread "Catalina-utility-2" [_thread_blocked, id=16580, stack(0x0000003e95600000,0x0000003e95700000)]
  0x000001be48d385f0 JavaThread "container-0" [_thread_blocked, id=14204, stack(0x0000003e95700000,0x0000003e95800000)]
  0x000001be4a100400 JavaThread "PostgreSQL-JDBC-Cleaner" daemon [_thread_blocked, id=15252, stack(0x0000003e95900000,0x0000003e95a00000)]
  0x000001be46f0fe70 JavaThread "HikariPool-1 housekeeper" daemon [_thread_blocked, id=9964, stack(0x0000003e95a00000,0x0000003e95b00000)]
  0x000001be46f103c0 JavaThread "HikariPool-1 connection adder" daemon [_thread_in_native, id=14988, stack(0x0000003e95b00000,0x0000003e95c00000)]

Other Threads:
  0x000001be414c6240 VMThread "VM Thread" [stack: 0x0000003e94300000,0x0000003e94400000] [id=11812]
  0x000001be45b0e000 WatcherThread "VM Periodic Task Thread" [stack: 0x0000003e95100000,0x0000003e95200000] [id=17432]
  0x000001be235f64e0 WorkerThread "GC Thread#0" [stack: 0x0000003e93e00000,0x0000003e93f00000] [id=19248]
  0x000001be45ff6d80 WorkerThread "GC Thread#1" [stack: 0x0000003e95200000,0x0000003e95300000] [id=17356]
  0x000001be46164100 WorkerThread "GC Thread#2" [stack: 0x0000003e95300000,0x0000003e95400000] [id=14340]
  0x000001be46173160 WorkerThread "GC Thread#3" [stack: 0x0000003e95400000,0x0000003e95500000] [id=15604]
  0x000001be23607220 ConcurrentGCThread "G1 Main Marker" [stack: 0x0000003e93f00000,0x0000003e94000000] [id=20888]
  0x000001be236083f0 WorkerThread "G1 Conc#0" [stack: 0x0000003e94000000,0x0000003e94100000] [id=13796]
  0x000001be4137c510 ConcurrentGCThread "G1 Refine#0" [stack: 0x0000003e94100000,0x0000003e94200000] [id=2472]
  0x000001be2364ec80 ConcurrentGCThread "G1 Service" [stack: 0x0000003e94200000,0x0000003e94300000] [id=21884]

Threads with active compile tasks:
C2 CompilerThread1     5864 4327       4       java.lang.invoke.MethodType::makeImpl (109 bytes)

VM state: not at safepoint (normal execution)

VM Mutex/Monitor currently owned by a thread: None

Heap address: 0x0000000081e00000, size: 2018 MB, Compressed Oops mode: 32-bit

CDS archive(s) mapped at: [0x0000000800000000-0x0000000800c40000-0x0000000800c40000), size 12845056, SharedBaseAddress: 0x0000000800000000, ArchiveRelocationMode: 0.
Compressed class space mapped at: 0x0000000801000000-0x0000000841000000, reserved size: 1073741824
Narrow klass base: 0x0000000800000000, Narrow klass shift: 0, Narrow klass range: 0x100000000

GC Precious Log:
 CardTable entry size: 512
 Card Set container configuration: InlinePtr #cards 5 size 8 Array Of Cards #cards 12 size 40 Howl #buckets 4 coarsen threshold 1843 Howl Bitmap #cards 512 size 80 coarsen threshold 460 Card regions per heap region 1 cards per card region 2048
 CPUs: 4 total, 4 available
 Memory: 8069M
 Large Page Support: Disabled
 NUMA Support: Disabled
 Compressed Oops: Enabled (32-bit)
 Heap Region Size: 1M
 Heap Min Capacity: 8M
 Heap Initial Capacity: 128M
 Heap Max Capacity: 2018M
 Pre-touch: Disabled
 Parallel Workers: 4
 Concurrent Workers: 1
 Concurrent Refinement Workers: 4
 Periodic GC: Disabled

Heap:
 garbage-first heap   total 51200K, used 22089K [0x0000000081e00000, 0x0000000100000000)
  region size 1024K, 6 young (6144K), 2 survivors (2048K)
 Metaspace       used 36251K, committed 36800K, reserved 1114112K
  class space    used 4434K, committed 4672K, reserved 1048576K

Heap Regions: E=young(eden), S=young(survivor), O=old, HS=humongous(starts), HC=humongous(continues), CS=collection set, F=free, OA=open archive, CA=closed archive, TAMS=top-at-mark-start (previous, next)
|   0|0x0000000081e00000, 0x0000000081f00000, 0x0000000081f00000|100%|HS|  |TAMS 0x0000000081f00000, 0x0000000081e00000| Complete 
|   1|0x0000000081f00000, 0x0000000082000000, 0x0000000082000000|100%| O|  |TAMS 0x0000000082000000, 0x0000000081f00000| Untracked 
|   2|0x0000000082000000, 0x0000000082100000, 0x0000000082100000|100%| O|  |TAMS 0x0000000082100000, 0x0000000082000000| Untracked 
|   3|0x0000000082100000, 0x0000000082200000, 0x0000000082200000|100%| O|  |TAMS 0x0000000082200000, 0x0000000082100000| Untracked 
|   4|0x0000000082200000, 0x0000000082300000, 0x0000000082300000|100%| O|  |TAMS 0x0000000082300000, 0x0000000082200000| Untracked 
|   5|0x0000000082300000, 0x0000000082400000, 0x0000000082400000|100%| O|  |TAMS 0x0000000082400000, 0x0000000082300000| Untracked 
|   6|0x0000000082400000, 0x0000000082500000, 0x0000000082500000|100%| O|  |TAMS 0x0000000082400000, 0x0000000082400000| Untracked 
|   7|0x0000000082500000, 0x0000000082600000, 0x0000000082600000|100%| O|  |TAMS 0x0000000082600000, 0x0000000082500000| Untracked 
|   8|0x0000000082600000, 0x0000000082700000, 0x0000000082700000|100%| O|  |TAMS 0x0000000082700000, 0x0000000082600000| Untracked 
|   9|0x0000000082700000, 0x0000000082800000, 0x0000000082800000|100%| O|  |TAMS 0x0000000082800000, 0x0000000082700000| Untracked 
|  10|0x0000000082800000, 0x00000000828ffff8, 0x0000000082900000| 99%| O|  |TAMS 0x00000000828ffff8, 0x0000000082800000| Untracked 
|  11|0x0000000082900000, 0x0000000082a00000, 0x0000000082a00000|100%| O|  |TAMS 0x0000000082a00000, 0x0000000082900000| Untracked 
|  12|0x0000000082a00000, 0x0000000082b00000, 0x0000000082b00000|100%| O|  |TAMS 0x0000000082b00000, 0x0000000082a00000| Untracked 
|  13|0x0000000082b00000, 0x0000000082c00000, 0x0000000082c00000|100%| O|  |TAMS 0x0000000082c00000, 0x0000000082b00000| Untracked 
|  14|0x0000000082c00000, 0x0000000082d00000, 0x0000000082d00000|100%| O|  |TAMS 0x0000000082d00000, 0x0000000082c00000| Untracked 
|  15|0x0000000082d00000, 0x0000000082e00000, 0x0000000082e00000|100%| O|  |TAMS 0x0000000082e00000, 0x0000000082d00000| Untracked 
|  16|0x0000000082e00000, 0x0000000082e14600, 0x0000000082f00000|  7%| O|  |TAMS 0x0000000082e00000, 0x0000000082e00000| Untracked 
|  17|0x0000000082f00000, 0x0000000082f00000, 0x0000000083000000|  0%| F|  |TAMS 0x0000000082f00000, 0x0000000082f00000| Untracked 
|  18|0x0000000083000000, 0x0000000083000000, 0x0000000083100000|  0%| F|  |TAMS 0x0000000083000000, 0x0000000083000000| Untracked 
|  19|0x0000000083100000, 0x0000000083100000, 0x0000000083200000|  0%| F|  |TAMS 0x0000000083100000, 0x0000000083100000| Untracked 
|  20|0x0000000083200000, 0x0000000083300000, 0x0000000083300000|100%| O|  |TAMS 0x0000000083271800, 0x0000000083200000| Complete 
|  21|0x0000000083300000, 0x0000000083300000, 0x0000000083400000|  0%| F|  |TAMS 0x0000000083300000, 0x0000000083300000| Untracked 
|  22|0x0000000083400000, 0x0000000083400000, 0x0000000083500000|  0%| F|  |TAMS 0x0000000083400000, 0x0000000083400000| Untracked 
|  23|0x0000000083500000, 0x0000000083500000, 0x0000000083600000|  0%| F|  |TAMS 0x0000000083500000, 0x0000000083500000| Untracked 
|  24|0x0000000083600000, 0x0000000083600000, 0x0000000083700000|  0%| F|  |TAMS 0x0000000083600000, 0x0000000083600000| Untracked 
|  25|0x0000000083700000, 0x0000000083700000, 0x0000000083800000|  0%| F|  |TAMS 0x0000000083700000, 0x0000000083700000| Untracked 
|  26|0x0000000083800000, 0x0000000083800000, 0x0000000083900000|  0%| F|  |TAMS 0x0000000083800000, 0x0000000083800000| Untracked 
|  27|0x0000000083900000, 0x000000008397e190, 0x0000000083a00000| 49%| S|CS|TAMS 0x0000000083900000, 0x0000000083900000| Complete 
|  28|0x0000000083a00000, 0x0000000083a00000, 0x0000000083b00000|  0%| F|  |TAMS 0x0000000083a00000, 0x0000000083a00000| Untracked 
|  29|0x0000000083b00000, 0x0000000083b00000, 0x0000000083c00000|  0%| F|  |TAMS 0x0000000083b00000, 0x0000000083b00000| Untracked 
|  30|0x0000000083c00000, 0x0000000083d00000, 0x0000000083d00000|100%| S|CS|TAMS 0x0000000083c00000, 0x0000000083c00000| Complete 
|  31|0x0000000083d00000, 0x0000000083d00000, 0x0000000083e00000|  0%| F|  |TAMS 0x0000000083d00000, 0x0000000083d00000| Untracked 
|  32|0x0000000083e00000, 0x0000000083e00000, 0x0000000083f00000|  0%| F|  |TAMS 0x0000000083e00000, 0x0000000083e00000| Untracked 
|  33|0x0000000083f00000, 0x0000000083f00000, 0x0000000084000000|  0%| F|  |TAMS 0x0000000083f00000, 0x0000000083f00000| Untracked 
|  34|0x0000000084000000, 0x0000000084000000, 0x0000000084100000|  0%| F|  |TAMS 0x0000000084000000, 0x0000000084000000| Untracked 
|  35|0x0000000084100000, 0x0000000084100000, 0x0000000084200000|  0%| F|  |TAMS 0x0000000084100000, 0x0000000084100000| Untracked 
|  36|0x0000000084200000, 0x0000000084200000, 0x0000000084300000|  0%| F|  |TAMS 0x0000000084200000, 0x0000000084200000| Untracked 
|  37|0x0000000084300000, 0x0000000084300000, 0x0000000084400000|  0%| F|  |TAMS 0x0000000084300000, 0x0000000084300000| Untracked 
|  38|0x0000000084400000, 0x0000000084400000, 0x0000000084500000|  0%| F|  |TAMS 0x0000000084400000, 0x0000000084400000| Untracked 
|  39|0x0000000084500000, 0x0000000084500000, 0x0000000084600000|  0%| F|  |TAMS 0x0000000084500000, 0x0000000084500000| Untracked 
|  40|0x0000000084600000, 0x0000000084600000, 0x0000000084700000|  0%| F|  |TAMS 0x0000000084600000, 0x0000000084600000| Untracked 
|  41|0x0000000084700000, 0x0000000084700000, 0x0000000084800000|  0%| F|  |TAMS 0x0000000084700000, 0x0000000084700000| Untracked 
|  76|0x0000000086a00000, 0x0000000086a00000, 0x0000000086b00000|  0%| F|  |TAMS 0x0000000086a00000, 0x0000000086a00000| Untracked 
|  77|0x0000000086b00000, 0x0000000086b00000, 0x0000000086c00000|  0%| F|  |TAMS 0x0000000086b00000, 0x0000000086b00000| Untracked 
|  78|0x0000000086c00000, 0x0000000086c00000, 0x0000000086d00000|  0%| F|  |TAMS 0x0000000086c00000, 0x0000000086c00000| Untracked 
|  79|0x0000000086d00000, 0x0000000086d00000, 0x0000000086e00000|  0%| F|  |TAMS 0x0000000086d00000, 0x0000000086d00000| Untracked 
|  80|0x0000000086e00000, 0x0000000086e8cf40, 0x0000000086f00000| 55%| E|  |TAMS 0x0000000086e00000, 0x0000000086e00000| Complete 
|  81|0x0000000086f00000, 0x0000000087000000, 0x0000000087000000|100%| E|CS|TAMS 0x0000000086f00000, 0x0000000086f00000| Complete 
|  82|0x0000000087000000, 0x0000000087100000, 0x0000000087100000|100%| E|CS|TAMS 0x0000000087000000, 0x0000000087000000| Complete 
| 127|0x0000000089d00000, 0x0000000089e00000, 0x0000000089e00000|100%| E|CS|TAMS 0x0000000089d00000, 0x0000000089d00000| Complete 

Card table byte_map: [0x000001be3a8f0000,0x000001be3acf0000] _byte_map_base: 0x000001be3a4e1000

Marking Bits (Prev, Next): (CMBitMap*) 0x000001be235f6b10, (CMBitMap*) 0x000001be235f6b50
 Prev Bits: [0x000001be3b0f0000, 0x000001be3d078000)
 Next Bits: [0x000001be3d080000, 0x000001be3f008000)

Polling page: 0x000001be214c0000

Metaspace:

Usage:
  Non-class:     31.07 MB used.
      Class:      4.33 MB used.
       Both:     35.40 MB used.

Virtual space:
  Non-class space:       64.00 MB reserved,      31.38 MB ( 49%) committed,  1 nodes.
      Class space:        1.00 GB reserved,       4.56 MB ( <1%) committed,  1 nodes.
             Both:        1.06 GB reserved,      35.94 MB (  3%) committed. 

Chunk freelists:
   Non-Class:  352.00 KB
       Class:  3.44 MB
        Both:  3.78 MB

MaxMetaspaceSize: unlimited
CompressedClassSpaceSize: 1.00 GB
Initial GC threshold: 21.00 MB
Current GC threshold: 58.88 MB
CDS: on
MetaspaceReclaimPolicy: balanced
 - commit_granule_bytes: 65536.
 - commit_granule_words: 8192.
 - virtual_space_node_default_size: 8388608.
 - enlarge_chunks_in_place: 1.
 - new_chunks_are_fully_committed: 0.
 - uncommit_free_chunks: 1.
 - use_allocation_guard: 0.


Internal statistics:

num_allocs_failed_limit: 6.
num_arena_births: 718.
num_arena_deaths: 0.
num_vsnodes_births: 2.
num_vsnodes_deaths: 0.
num_space_committed: 575.
num_space_uncommitted: 0.
num_chunks_returned_to_freelist: 6.
num_chunks_taken_from_freelist: 1980.
num_chunk_merges: 6.
num_chunk_splits: 1390.
num_chunks_enlarged: 1069.
num_inconsistent_stats: 0.

CodeHeap 'non-profiled nmethods': size=120000Kb used=2464Kb max_used=2464Kb free=117535Kb
 bounds [0x000001be32fc0000, 0x000001be33230000, 0x000001be3a4f0000]
CodeHeap 'profiled nmethods': size=120000Kb used=9165Kb max_used=9165Kb free=110834Kb
 bounds [0x000001be2b4f0000, 0x000001be2bdf0000, 0x000001be32a20000]
CodeHeap 'non-nmethods': size=5760Kb used=1329Kb max_used=1406Kb free=4430Kb
 bounds [0x000001be32a20000, 0x000001be32c90000, 0x000001be32fc0000]
 total_blobs=4883 nmethods=4327 adapters=466
 compilation: enabled
              stopped_count=0, restarted_count=0
 full_count=0

Compilation events (20 events):
Event: 5.718 Thread 0x000001be46531d70 nmethod 4295 0x000001be3320fc10 code [0x000001be3320fe60, 0x000001be33211310]
Event: 5.718 Thread 0x000001be46531d70 4311       4       java.lang.Object::<init> (1 bytes)
Event: 5.718 Thread 0x000001be41518420 4322       3       java.util.concurrent.ConcurrentHashMap::<init> (5 bytes)
Event: 5.719 Thread 0x000001be46531d70 nmethod 4311 0x000001be33212310 code [0x000001be332124a0, 0x000001be33212558]
Event: 5.719 Thread 0x000001be41518420 nmethod 4322 0x000001be2bde2a90 code [0x000001be2bde2c40, 0x000001be2bde2df8]
Event: 5.719 Thread 0x000001be46531d70 4310 %     4       jdk.internal.org.objectweb.asm.ClassReader::readUtf @ 18 (161 bytes)
Event: 5.722 Thread 0x000001be41518420 4323       3       jdk.internal.loader.BuiltinClassLoader$1::hasMoreElements (5 bytes)
Event: 5.722 Thread 0x000001be41518420 nmethod 4323 0x000001be2bde2f10 code [0x000001be2bde30c0, 0x000001be2bde3208]
Event: 5.732 Thread 0x000001be46531d70 nmethod 4310% 0x000001be33212610 code [0x000001be332127c0, 0x000001be33213278]
Event: 5.733 Thread 0x000001be46531d70 4296       4       javax.crypto.Mac::doFinal (65 bytes)
Event: 5.736 Thread 0x000001be46531d70 nmethod 4296 0x000001be33213710 code [0x000001be332138c0, 0x000001be33213b88]
Event: 5.736 Thread 0x000001be46531d70 4317       4       com.sun.crypto.provider.HmacCore::engineReset (20 bytes)
Event: 5.736 Thread 0x000001be46531d70 nmethod 4317 0x000001be33213f10 code [0x000001be332140a0, 0x000001be33214138]
Event: 5.736 Thread 0x000001be46531d70 4324       4       jdk.internal.org.objectweb.asm.ByteVector::putByteArray (49 bytes)
Event: 5.737 Thread 0x000001be46531d70 nmethod 4324 0x000001be33214210 code [0x000001be332143a0, 0x000001be33214518]
Event: 5.740 Thread 0x000001be41518420 4325       1       java.nio.DirectByteBuffer::base (2 bytes)
Event: 5.740 Thread 0x000001be41518420 nmethod 4325 0x000001be33214690 code [0x000001be33214820, 0x000001be332148f8]
Event: 5.741 Thread 0x000001be46531d70 4326       4       sun.invoke.util.VerifyAccess::isClassAccessible (230 bytes)
Event: 5.744 Thread 0x000001be46531d70 nmethod 4326 0x000001be33214990 code [0x000001be33214b60, 0x000001be33214e70]
Event: 5.745 Thread 0x000001be46531d70 4327       4       java.lang.invoke.MethodType::makeImpl (109 bytes)

GC Heap History (16 events):
Event: 0.603 GC heap before
{Heap before GC invocations=0 (full 0):
 garbage-first heap   total 131072K, used 13312K [0x0000000081e00000, 0x0000000100000000)
  region size 1024K, 13 young (13312K), 0 survivors (0K)
 Metaspace       used 3248K, committed 3456K, reserved 1114112K
  class space    used 315K, committed 448K, reserved 1048576K
}
Event: 0.609 GC heap after
{Heap after GC invocations=1 (full 0):
 garbage-first heap   total 131072K, used 6176K [0x0000000081e00000, 0x0000000100000000)
  region size 1024K, 2 young (2048K), 2 survivors (2048K)
 Metaspace       used 3248K, committed 3456K, reserved 1114112K
  class space    used 315K, committed 448K, reserved 1048576K
}
Event: 1.142 GC heap before
{Heap before GC invocations=1 (full 0):
 garbage-first heap   total 131072K, used 19488K [0x0000000081e00000, 0x0000000100000000)
  region size 1024K, 15 young (15360K), 2 survivors (2048K)
 Metaspace       used 7026K, committed 7296K, reserved 1114112K
  class space    used 795K, committed 896K, reserved 1048576K
}
Event: 1.147 GC heap after
{Heap after GC invocations=2 (full 0):
 garbage-first heap   total 131072K, used 7647K [0x0000000081e00000, 0x0000000100000000)
  region size 1024K, 2 young (2048K), 2 survivors (2048K)
 Metaspace       used 7026K, committed 7296K, reserved 1114112K
  class space    used 795K, committed 896K, reserved 1048576K
}
Event: 1.708 GC heap before
{Heap before GC invocations=2 (full 0):
 garbage-first heap   total 131072K, used 36319K [0x0000000081e00000, 0x0000000100000000)
  region size 1024K, 31 young (31744K), 2 survivors (2048K)
 Metaspace       used 15132K, committed 15424K, reserved 1114112K
  class space    used 1772K, committed 1920K, reserved 1048576K
}
Event: 1.713 GC heap after
{Heap after GC invocations=3 (full 0):
 garbage-first heap   total 131072K, used 9793K [0x0000000081e00000, 0x0000000100000000)
  region size 1024K, 4 young (4096K), 4 survivors (4096K)
 Metaspace       used 15132K, committed 15424K, reserved 1114112K
  class space    used 1772K, committed 1920K, reserved 1048576K
}
Event: 3.063 GC heap before
{Heap before GC invocations=3 (full 0):
 garbage-first heap   total 131072K, used 49729K [0x0000000081e00000, 0x0000000100000000)
  region size 1024K, 45 young (46080K), 4 survivors (4096K)
 Metaspace       used 21253K, committed 21504K, reserved 1114112K
  class space    used 2497K, committed 2624K, reserved 1048576K
}
Event: 3.073 GC heap after
{Heap after GC invocations=4 (full 0):
 garbage-first heap   total 131072K, used 13107K [0x0000000081e00000, 0x0000000100000000)
  region size 1024K, 7 young (7168K), 7 survivors (7168K)
 Metaspace       used 21253K, committed 21504K, reserved 1114112K
  class space    used 2497K, committed 2624K, reserved 1048576K
}
Event: 4.009 GC heap before
{Heap before GC invocations=5 (full 0):
 garbage-first heap   total 51200K, used 36659K [0x0000000081e00000, 0x0000000100000000)
  region size 1024K, 30 young (30720K), 7 survivors (7168K)
 Metaspace       used 25922K, committed 26432K, reserved 1114112K
  class space    used 3166K, committed 3392K, reserved 1048576K
}
Event: 4.028 GC heap after
{Heap after GC invocations=6 (full 0):
 garbage-first heap   total 51200K, used 16151K [0x0000000081e00000, 0x0000000100000000)
  region size 1024K, 4 young (4096K), 4 survivors (4096K)
 Metaspace       used 25922K, committed 26432K, reserved 1114112K
  class space    used 3166K, committed 3392K, reserved 1048576K
}
Event: 4.064 GC heap before
{Heap before GC invocations=6 (full 0):
 garbage-first heap   total 51200K, used 17175K [0x0000000081e00000, 0x0000000100000000)
  region size 1024K, 5 young (5120K), 4 survivors (4096K)
 Metaspace       used 26235K, committed 26688K, reserved 1114112K
  class space    used 3196K, committed 3392K, reserved 1048576K
}
Event: 4.070 GC heap after
{Heap after GC invocations=7 (full 0):
 garbage-first heap   total 51200K, used 16531K [0x0000000081e00000, 0x0000000100000000)
  region size 1024K, 1 young (1024K), 1 survivors (1024K)
 Metaspace       used 26235K, committed 26688K, reserved 1114112K
  class space    used 3196K, committed 3392K, reserved 1048576K
}
Event: 4.688 GC heap before
{Heap before GC invocations=7 (full 0):
 garbage-first heap   total 51200K, used 35987K [0x0000000081e00000, 0x0000000100000000)
  region size 1024K, 20 young (20480K), 1 survivors (1024K)
 Metaspace       used 29772K, committed 30208K, reserved 1114112K
  class space    used 3644K, committed 3840K, reserved 1048576K
}
Event: 4.691 GC heap after
{Heap after GC invocations=8 (full 0):
 garbage-first heap   total 51200K, used 17605K [0x0000000081e00000, 0x0000000100000000)
  region size 1024K, 2 young (2048K), 2 survivors (2048K)
 Metaspace       used 29772K, committed 30208K, reserved 1114112K
  class space    used 3644K, committed 3840K, reserved 1048576K
}
Event: 5.632 GC heap before
{Heap before GC invocations=8 (full 0):
 garbage-first heap   total 51200K, used 35013K [0x0000000081e00000, 0x0000000100000000)
  region size 1024K, 21 young (21504K), 2 survivors (2048K)
 Metaspace       used 35458K, committed 35968K, reserved 1114112K
  class space    used 4316K, committed 4544K, reserved 1048576K
}
Event: 5.637 GC heap after
{Heap after GC invocations=9 (full 0):
 garbage-first heap   total 51200K, used 19017K [0x0000000081e00000, 0x0000000100000000)
  region size 1024K, 2 young (2048K), 2 survivors (2048K)
 Metaspace       used 35458K, committed 35968K, reserved 1114112K
  class space    used 4316K, committed 4544K, reserved 1048576K
}

Dll operation events (13 events):
Event: 0.013 Loaded shared library C:\Program Files\Java\jdk-19\bin\java.dll
Event: 0.028 Loaded shared library C:\Program Files\Java\jdk-19\bin\jsvml.dll
Event: 0.164 Loaded shared library C:\Program Files\Java\jdk-19\bin\zip.dll
Event: 0.167 Loaded shared library C:\Program Files\Java\jdk-19\bin\instrument.dll
Event: 0.175 Loaded shared library C:\Program Files\Java\jdk-19\bin\net.dll
Event: 0.178 Loaded shared library C:\Program Files\Java\jdk-19\bin\nio.dll
Event: 0.181 Loaded shared library C:\Program Files\Java\jdk-19\bin\zip.dll
Event: 0.312 Loaded shared library C:\Program Files\JetBrains\IntelliJ IDEA Community Edition 2023.1\bin\breakgen64.dll
Event: 0.321 Loaded shared library C:\Program Files\Java\jdk-19\bin\extnet.dll
Event: 0.365 Loaded shared library C:\Program Files\Java\jdk-19\bin\jimage.dll
Event: 4.277 Loaded shared library C:\Program Files\Java\jdk-19\bin\sunmscapi.dll
Event: 4.305 Loaded shared library C:\Program Files\Java\jdk-19\bin\management.dll
Event: 4.308 Loaded shared library C:\Program Files\Java\jdk-19\bin\management_ext.dll

Deoptimization events (20 events):
Event: 5.380 Thread 0x000001be23596bc0 DEOPT PACKING pc=0x000001be33088e90 sp=0x0000003e93dfe380
Event: 5.380 Thread 0x000001be23596bc0 DEOPT UNPACKING pc=0x000001be32a86da3 sp=0x0000003e93dfe2e8 mode 2
Event: 5.386 Thread 0x000001be23596bc0 Uncommon trap: trap_request=0xffffffc6 fr.pc=0x000001be331d860c relative=0x00000000000002cc
Event: 5.386 Thread 0x000001be23596bc0 Uncommon trap: reason=bimorphic_or_optimized_type_check action=maybe_recompile pc=0x000001be331d860c method=java.util.Collections$SetFromMap.contains(Ljava/lang/Object;)Z @ 5 c2
Event: 5.386 Thread 0x000001be23596bc0 DEOPT PACKING pc=0x000001be331d860c sp=0x0000003e93dfc6d0
Event: 5.386 Thread 0x000001be23596bc0 DEOPT UNPACKING pc=0x000001be32a86da3 sp=0x0000003e93dfc678 mode 2
Event: 5.392 Thread 0x000001be23596bc0 Uncommon trap: trap_request=0xffffff45 fr.pc=0x000001be330b3b00 relative=0x00000000000003a0
Event: 5.392 Thread 0x000001be23596bc0 Uncommon trap: reason=unstable_if action=reinterpret pc=0x000001be330b3b00 method=org.springframework.boot.context.properties.source.ConfigurationPropertyName.getElement(ILorg/springframework/boot/context/properties/source/ConfigurationPropertyName$Form;)
Event: 5.392 Thread 0x000001be23596bc0 DEOPT PACKING pc=0x000001be330b3b00 sp=0x0000003e93dfc490
Event: 5.392 Thread 0x000001be23596bc0 DEOPT UNPACKING pc=0x000001be32a86da3 sp=0x0000003e93dfc448 mode 2
Event: 5.448 Thread 0x000001be23596bc0 DEOPT PACKING pc=0x000001be2b5468c1 sp=0x0000003e93dfd280
Event: 5.448 Thread 0x000001be23596bc0 DEOPT UNPACKING pc=0x000001be32a87543 sp=0x0000003e93dfc780 mode 0
Event: 5.498 Thread 0x000001be23596bc0 Uncommon trap: trap_request=0xffffff45 fr.pc=0x000001be33050df8 relative=0x00000000000002d8
Event: 5.498 Thread 0x000001be23596bc0 Uncommon trap: reason=unstable_if action=reinterpret pc=0x000001be33050df8 method=java.lang.String.regionMatches(ZILjava/lang/String;II)Z @ 36 c2
Event: 5.498 Thread 0x000001be23596bc0 DEOPT PACKING pc=0x000001be33050df8 sp=0x0000003e93dfe440
Event: 5.498 Thread 0x000001be23596bc0 DEOPT UNPACKING pc=0x000001be32a86da3 sp=0x0000003e93dfe3b8 mode 2
Event: 5.750 Thread 0x000001be23596bc0 Uncommon trap: trap_request=0xffffff45 fr.pc=0x000001be3311770c relative=0x00000000000000ec
Event: 5.750 Thread 0x000001be23596bc0 Uncommon trap: reason=unstable_if action=reinterpret pc=0x000001be3311770c method=java.lang.ClassLoader.getClassLoadingLock(Ljava/lang/String;)Ljava/lang/Object; @ 6 c2
Event: 5.750 Thread 0x000001be23596bc0 DEOPT PACKING pc=0x000001be3311770c sp=0x0000003e93dfd8e0
Event: 5.750 Thread 0x000001be23596bc0 DEOPT UNPACKING pc=0x000001be32a86da3 sp=0x0000003e93dfd880 mode 2

Classes loaded (20 events):
Event: 5.071 Loading class java/util/SimpleTimeZone
Event: 5.072 Loading class java/util/SimpleTimeZone done
Event: 5.073 Loading class java/time/LocalDateTime$1
Event: 5.073 Loading class java/time/LocalDateTime$1 done
Event: 5.073 Loading class java/time/chrono/IsoEra
Event: 5.073 Loading class java/time/chrono/Era
Event: 5.073 Loading class java/time/chrono/Era done
Event: 5.073 Loading class java/time/chrono/IsoEra done
Event: 5.073 Loading class java/time/Instant$1
Event: 5.074 Loading class java/time/Instant$1 done
Event: 5.101 Loading class java/util/TimerTask
Event: 5.101 Loading class java/util/TimerTask done
Event: 5.119 Loading class java/util/concurrent/ThreadPoolExecutor$CallerRunsPolicy
Event: 5.119 Loading class java/util/concurrent/ThreadPoolExecutor$CallerRunsPolicy done
Event: 5.183 Loading class java/io/FilterReader
Event: 5.183 Loading class java/io/FilterReader done
Event: 5.432 Loading class javax/naming/Referenceable
Event: 5.432 Loading class javax/naming/Referenceable done
Event: 5.494 Loading class java/lang/instrument/ClassFileTransformer
Event: 5.494 Loading class java/lang/instrument/ClassFileTransformer done

Classes unloaded (0 events):
No events

Classes redefined (0 events):
No events

Internal exceptions (20 events):
Event: 3.993 Thread 0x000001be23596bc0 Exception <a 'java/lang/NoSuchMethodError'{0x000000008329eb98}: 'java.lang.Object java.lang.invoke.DirectMethodHandle$Holder.invokeStaticInit(java.lang.Object, java.lang.Object, int, int, int, int)'> (0x000000008329eb98) 
thrown [s\open\src\hotspot\share\interpreter\linkResolver.cpp, line 774]
Event: 4.101 Thread 0x000001be23596bc0 Exception <a 'java/lang/NoSuchMethodError'{0x0000000086f278f8}: 'int java.lang.invoke.DirectMethodHandle$Holder.invokeVirtual(java.lang.Object, java.lang.Object, java.lang.Object, java.lang.Object)'> (0x0000000086f278f8) 
thrown [s\open\src\hotspot\share\interpreter\linkResolver.cpp, line 774]
Event: 4.101 Thread 0x000001be23596bc0 Exception <a 'java/lang/NoSuchMethodError'{0x0000000086f2b608}: 'int java.lang.invoke.DelegatingMethodHandle$Holder.reinvoke_L(java.lang.Object, java.lang.Object, java.lang.Object, java.lang.Object)'> (0x0000000086f2b608) 
thrown [s\open\src\hotspot\share\interpreter\linkResolver.cpp, line 774]
Event: 4.326 Thread 0x000001be23596bc0 Exception <a 'java/io/FileNotFoundException'{0x0000000086a43220}> (0x0000000086a43220) 
thrown [s\open\src\hotspot\share\prims\jni.cpp, line 517]
Event: 4.383 Thread 0x000001be23596bc0 Exception <a 'java/lang/NoSuchMethodError'{0x0000000084622a10}: 'int java.lang.invoke.DirectMethodHandle$Holder.invokeInterface(java.lang.Object, java.lang.Object, java.lang.Object, java.lang.Object)'> (0x0000000084622a10) 
thrown [s\open\src\hotspot\share\interpreter\linkResolver.cpp, line 774]
Event: 4.450 Thread 0x000001be23596bc0 Exception <a 'java/lang/NoSuchMethodError'{0x0000000084426258}: 'long java.lang.invoke.DirectMethodHandle$Holder.invokeVirtual(java.lang.Object, java.lang.Object)'> (0x0000000084426258) 
thrown [s\open\src\hotspot\share\interpreter\linkResolver.cpp, line 774]
Event: 4.502 Thread 0x000001be23596bc0 Exception <a 'java/lang/NoSuchMethodError'{0x0000000084119158}: 'java.lang.Object java.lang.invoke.DirectMethodHandle$Holder.invokeVirtual(java.lang.Object, java.lang.Object, java.lang.Object, java.lang.Object, java.lang.Object, java.lang.Object, java.lang.Object, java.lang.Object, java.lang.Object, java.lang.Object, java.lang.Object)'> (0x0000000084119158) 
thrown [s\open\src\hotspot\share\interpreter\linkResolver.cpp, line 774]
Event: 4.629 Thread 0x000001be23596bc0 Exception <a 'java/lang/NoSuchMethodError'{0x0000000083d1b510}: 'java.lang.Object java.lang.invoke.DirectMethodHandle$Holder.invokeVirtual(java.lang.Object, java.lang.Object, int)'> (0x0000000083d1b510) 
thrown [s\open\src\hotspot\share\interpreter\linkResolver.cpp, line 774]
Event: 4.774 Thread 0x000001be23596bc0 Exception <a 'java/lang/NoSuchMethodError'{0x0000000086f3fe58}: method resolution failed> (0x0000000086f3fe58) 
thrown [s\open\src\hotspot\share\prims\methodHandles.cpp, line 1268]
Event: 4.785 Thread 0x000001be23596bc0 Exception <a 'java/lang/NoSuchMethodError'{0x0000000086f8cf88}: 'int java.lang.invoke.DirectMethodHandle$Holder.invokeStaticInit(java.lang.Object, java.lang.Object, java.lang.Object, java.lang.Object)'> (0x0000000086f8cf88) 
thrown [s\open\src\hotspot\share\interpreter\linkResolver.cpp, line 774]
Event: 4.924 Thread 0x000001be23596bc0 Exception <a 'sun/nio/fs/WindowsException'{0x0000000086d97fc8}> (0x0000000086d97fc8) 
thrown [s\open\src\hotspot\share\prims\jni.cpp, line 517]
Event: 5.075 Thread 0x000001be23596bc0 Implicit null exception at 0x000001be3318156c to 0x000001be33181620
Event: 5.145 Thread 0x000001be23596bc0 Exception <a 'java/lang/NoSuchMethodError'{0x0000000084767778}: 'java.lang.Object java.lang.invoke.DirectMethodHandle$Holder.invokeSpecial(java.lang.Object, java.lang.Object, java.lang.Object, java.lang.Object, java.lang.Object, int, java.lang.Object)'> (0x0000000084767778) 
thrown [s\open\src\hotspot\share\interpreter\linkResolver.cpp, line 774]
Event: 5.153 Thread 0x000001be23596bc0 Implicit null exception at 0x000001be32ffca72 to 0x000001be32ffcf84
Event: 5.218 Thread 0x000001be23596bc0 Exception <a 'java/lang/NoSuchMethodError'{0x00000000846ff508}: 'java.lang.Object java.lang.invoke.DirectMethodHandle$Holder.newInvokeSpecial(java.lang.Object, java.lang.Object, int)'> (0x00000000846ff508) 
thrown [s\open\src\hotspot\share\interpreter\linkResolver.cpp, line 774]
Event: 5.305 Thread 0x000001be46f103c0 Implicit null exception at 0x000001be331dcac0 to 0x000001be331dd2f4
Event: 5.331 Thread 0x000001be23596bc0 Exception <a 'java/lang/NoSuchMethodError'{0x0000000084545b98}: 'java.lang.Object java.lang.invoke.DirectMethodHandle$Holder.invokeStaticInit(java.lang.Object, java.lang.Object, java.lang.Object, java.lang.Object)'> (0x0000000084545b98) 
thrown [s\open\src\hotspot\share\interpreter\linkResolver.cpp, line 774]
Event: 5.400 Thread 0x000001be23596bc0 Exception <a 'java/lang/NoSuchMethodError'{0x0000000084316f78}: 'java.lang.Object java.lang.invoke.DirectMethodHandle$Holder.newInvokeSpecial(java.lang.Object, java.lang.Object, java.lang.Object, java.lang.Object, java.lang.Object, java.lang.Object, java.lang.Object, java.lang.Object, java.lang.Object, java.lang.Object, java.lang.Object)'> (0x0000000084316f78) 
thrown [s\open\src\hotspot\share\interpreter\linkResolver.cpp, line 774]
Event: 5.449 Thread 0x000001be23596bc0 Exception <a 'sun/nio/fs/WindowsException'{0x000000008425edd0}> (0x000000008425edd0) 
thrown [s\open\src\hotspot\share\prims\jni.cpp, line 517]
Event: 5.546 Thread 0x000001be23596bc0 Exception <a 'java/lang/NoSuchMethodError'{0x0000000083f16958}: 'void java.lang.invoke.DelegatingMethodHandle$Holder.reinvoke_L(java.lang.Object, java.lang.Object, java.lang.Object, java.lang.Object, int, java.lang.Object, java.lang.Object, java.lang.Object)'> (0x0000000083f16958) 
thrown [s\open\src\hotspot\share\interpreter\linkResolver.cpp, line 774]

VM Operations (20 events):
Event: 4.688 Executing VM operation: G1CollectForAllocation
Event: 4.692 Executing VM operation: G1CollectForAllocation done
Event: 4.919 Executing VM operation: HandshakeAllThreads
Event: 4.919 Executing VM operation: HandshakeAllThreads done
Event: 4.920 Executing VM operation: HandshakeAllThreads
Event: 4.920 Executing VM operation: HandshakeAllThreads done
Event: 4.928 Executing VM operation: HandshakeAllThreads
Event: 4.928 Executing VM operation: HandshakeAllThreads done
Event: 5.393 Executing VM operation: HandshakeAllThreads
Event: 5.393 Executing VM operation: HandshakeAllThreads done
Event: 5.399 Executing VM operation: ICBufferFull
Event: 5.399 Executing VM operation: ICBufferFull done
Event: 5.620 Executing VM operation: HandshakeAllThreads
Event: 5.620 Executing VM operation: HandshakeAllThreads done
Event: 5.632 Executing VM operation: CollectForMetadataAllocation
Event: 5.637 Executing VM operation: CollectForMetadataAllocation done
Event: 5.672 Executing VM operation: G1PauseRemark
Event: 5.678 Executing VM operation: G1PauseRemark done
Event: 5.692 Executing VM operation: G1PauseCleanup
Event: 5.692 Executing VM operation: G1PauseCleanup done

Events (20 events):
Event: 0.046 Thread 0x000001be414e8410 Thread added: 0x000001be414e8410
Event: 0.046 Thread 0x000001be414f7300 Thread added: 0x000001be414f7300
Event: 0.047 Thread 0x000001be41518420 Thread added: 0x000001be41518420
Event: 0.047 Thread 0x000001be41519530 Thread added: 0x000001be41519530
Event: 0.136 Thread 0x000001be458d1760 Thread added: 0x000001be458d1760
Event: 0.208 Thread 0x000001be459b0340 Thread added: 0x000001be459b0340
Event: 0.313 Thread 0x000001be45c14d10 Thread added: 0x000001be45c14d10
Event: 0.313 Thread 0x000001be45c15250 Thread added: 0x000001be45c15250
Event: 0.762 Thread 0x000001be459b0340 Thread exited: 0x000001be459b0340
Event: 1.219 Thread 0x000001be46531d70 Thread added: 0x000001be46531d70
Event: 1.344 Thread 0x000001be465ad2b0 Thread added: 0x000001be465ad2b0
Event: 1.759 Thread 0x000001be465ad2b0 Thread exited: 0x000001be465ad2b0
Event: 1.844 Thread 0x000001be4694e1b0 Thread added: 0x000001be4694e1b0
Event: 1.887 Thread 0x000001be4694e1b0 Thread exited: 0x000001be4694e1b0
Event: 4.467 Thread 0x000001be47a05d00 Thread added: 0x000001be47a05d00
Event: 4.469 Thread 0x000001be473704c0 Thread added: 0x000001be473704c0
Event: 4.473 Thread 0x000001be48d385f0 Thread added: 0x000001be48d385f0
Event: 5.096 Thread 0x000001be4a100400 Thread added: 0x000001be4a100400
Event: 5.118 Thread 0x000001be46f0fe70 Thread added: 0x000001be46f0fe70
Event: 5.223 Thread 0x000001be46f103c0 Thread added: 0x000001be46f103c0


Dynamic libraries:
0x00007ff75f990000 - 0x00007ff75f9a0000 	C:\Program Files\Java\jdk-19\bin\java.exe
0x00007ff8e7c90000 - 0x00007ff8e7ea7000 	C:\WINDOWS\SYSTEM32\ntdll.dll
0x00007ff8e68e0000 - 0x00007ff8e69a4000 	C:\WINDOWS\System32\KERNEL32.DLL
0x00007ff8e54b0000 - 0x00007ff8e5856000 	C:\WINDOWS\System32\KERNELBASE.dll
0x00007ff8e5860000 - 0x00007ff8e5971000 	C:\WINDOWS\System32\ucrtbase.dll
0x00007ff8caca0000 - 0x00007ff8cacbb000 	C:\Program Files\Java\jdk-19\bin\VCRUNTIME140.dll
0x00007ff8d3330000 - 0x00007ff8d3348000 	C:\Program Files\Java\jdk-19\bin\jli.dll
0x00007ff8e72f0000 - 0x00007ff8e73a0000 	C:\WINDOWS\System32\ADVAPI32.dll
0x00007ff8e7160000 - 0x00007ff8e7207000 	C:\WINDOWS\System32\msvcrt.dll
0x00007ff8e59f0000 - 0x00007ff8e5a96000 	C:\WINDOWS\System32\sechost.dll
0x00007ff8e7b30000 - 0x00007ff8e7c47000 	C:\WINDOWS\System32\RPCRT4.dll
0x00007ff8e6fb0000 - 0x00007ff8e715d000 	C:\WINDOWS\System32\USER32.dll
0x00007ff8e5310000 - 0x00007ff8e5336000 	C:\WINDOWS\System32\win32u.dll
0x00007ff8e6f80000 - 0x00007ff8e6fa9000 	C:\WINDOWS\System32\GDI32.dll
0x00007ff8e5090000 - 0x00007ff8e51a8000 	C:\WINDOWS\System32\gdi32full.dll
0x00007ff8e42f0000 - 0x00007ff8e4583000 	C:\WINDOWS\WinSxS\amd64_microsoft.windows.common-controls_6595b64144ccf1df_6.0.22621.2361_none_2712ced57382f843\COMCTL32.dll
0x00007ff8e5270000 - 0x00007ff8e530a000 	C:\WINDOWS\System32\msvcp_win.dll
0x00007ff8cf220000 - 0x00007ff8cf22a000 	C:\WINDOWS\SYSTEM32\VERSION.dll
0x00007ff8e72b0000 - 0x00007ff8e72e1000 	C:\WINDOWS\System32\IMM32.DLL
0x00007ff8e1740000 - 0x00007ff8e174c000 	C:\Program Files\Java\jdk-19\bin\vcruntime140_1.dll
0x00007ff8c9a90000 - 0x00007ff8c9b1e000 	C:\Program Files\Java\jdk-19\bin\msvcp140.dll
0x00007ff88bcf0000 - 0x00007ff88c9b0000 	C:\Program Files\Java\jdk-19\bin\server\jvm.dll
0x00007ff8dc540000 - 0x00007ff8dc574000 	C:\WINDOWS\SYSTEM32\WINMM.dll
0x00007ff8b0500000 - 0x00007ff8b0509000 	C:\WINDOWS\SYSTEM32\WSOCK32.dll
0x00007ff8e7880000 - 0x00007ff8e78f1000 	C:\WINDOWS\System32\WS2_32.dll
0x00007ff8e3700000 - 0x00007ff8e3718000 	C:\WINDOWS\SYSTEM32\kernel.appcore.dll
0x00007ff8d3300000 - 0x00007ff8d330a000 	C:\Program Files\Java\jdk-19\bin\jimage.dll
0x00007ff8e48a0000 - 0x00007ff8e4ace000 	C:\WINDOWS\SYSTEM32\DBGHELP.DLL
0x00007ff8e6550000 - 0x00007ff8e68da000 	C:\WINDOWS\System32\combase.dll
0x00007ff8e6cc0000 - 0x00007ff8e6d97000 	C:\WINDOWS\System32\OLEAUT32.dll
0x00007ff8e4760000 - 0x00007ff8e4792000 	C:\WINDOWS\SYSTEM32\dbgcore.DLL
0x00007ff8e5010000 - 0x00007ff8e508a000 	C:\WINDOWS\System32\bcryptPrimitives.dll
0x00007ff8dc710000 - 0x00007ff8dc71e000 	C:\Program Files\Java\jdk-19\bin\instrument.dll
0x00007ff8c9f50000 - 0x00007ff8c9f76000 	C:\Program Files\Java\jdk-19\bin\java.dll
0x00007ff8c5ab0000 - 0x00007ff8c5b87000 	C:\Program Files\Java\jdk-19\bin\jsvml.dll
0x00007ff8e5aa0000 - 0x00007ff8e62f8000 	C:\WINDOWS\System32\SHELL32.dll
0x00007ff8e2500000 - 0x00007ff8e2df2000 	C:\WINDOWS\SYSTEM32\windows.storage.dll
0x00007ff8e23c0000 - 0x00007ff8e24fe000 	C:\WINDOWS\SYSTEM32\wintypes.dll
0x00007ff8e6e00000 - 0x00007ff8e6ef3000 	C:\WINDOWS\System32\SHCORE.dll
0x00007ff8e6f20000 - 0x00007ff8e6f7e000 	C:\WINDOWS\System32\shlwapi.dll
0x00007ff8e4f40000 - 0x00007ff8e4f66000 	C:\WINDOWS\SYSTEM32\profapi.dll
0x00007ff8c9d70000 - 0x00007ff8c9d88000 	C:\Program Files\Java\jdk-19\bin\zip.dll
0x00007ff8ca9e0000 - 0x00007ff8ca9f3000 	C:\Program Files\Java\jdk-19\bin\net.dll
0x00007ff8db330000 - 0x00007ff8db467000 	C:\WINDOWS\SYSTEM32\WINHTTP.dll
0x00007ff8e3be0000 - 0x00007ff8e3c49000 	C:\WINDOWS\system32\mswsock.dll
0x00007ff8ca7a0000 - 0x00007ff8ca7b6000 	C:\Program Files\Java\jdk-19\bin\nio.dll
0x00007ff8c9fa0000 - 0x00007ff8c9fba000 	C:\Program Files\JetBrains\IntelliJ IDEA Community Edition 2023.1\bin\breakgen64.dll
0x00007ff8cad00000 - 0x00007ff8cad08000 	C:\Program Files\Java\jdk-19\bin\extnet.dll
0x00007ff8e4bc0000 - 0x00007ff8e4bdb000 	C:\WINDOWS\SYSTEM32\CRYPTSP.dll
0x00007ff8e3b00000 - 0x00007ff8e3b35000 	C:\WINDOWS\system32\rsaenh.dll
0x00007ff8e4010000 - 0x00007ff8e403c000 	C:\WINDOWS\SYSTEM32\USERENV.dll
0x00007ff8e47a0000 - 0x00007ff8e47c8000 	C:\WINDOWS\SYSTEM32\bcrypt.dll
0x00007ff8e4040000 - 0x00007ff8e404c000 	C:\WINDOWS\SYSTEM32\CRYPTBASE.dll
0x00007ff8e3250000 - 0x00007ff8e327d000 	C:\WINDOWS\SYSTEM32\IPHLPAPI.DLL
0x00007ff8e6f00000 - 0x00007ff8e6f09000 	C:\WINDOWS\System32\NSI.dll
0x00007ff8db2c0000 - 0x00007ff8db2d9000 	C:\WINDOWS\SYSTEM32\dhcpcsvc6.DLL
0x00007ff8db2a0000 - 0x00007ff8db2bf000 	C:\WINDOWS\SYSTEM32\dhcpcsvc.DLL
0x00007ff8e32d0000 - 0x00007ff8e33c9000 	C:\WINDOWS\SYSTEM32\DNSAPI.dll
0x00007ff8ca820000 - 0x00007ff8ca82e000 	C:\Program Files\Java\jdk-19\bin\sunmscapi.dll
0x00007ff8e5340000 - 0x00007ff8e54a6000 	C:\WINDOWS\System32\CRYPT32.dll
0x00007ff8e41c0000 - 0x00007ff8e41ed000 	C:\WINDOWS\SYSTEM32\ncrypt.dll
0x00007ff8e4180000 - 0x00007ff8e41b7000 	C:\WINDOWS\SYSTEM32\NTASN1.dll
0x00007ff8dc6f0000 - 0x00007ff8dc6fa000 	C:\Program Files\Java\jdk-19\bin\management.dll
0x00007ff8caf10000 - 0x00007ff8caf1b000 	C:\Program Files\Java\jdk-19\bin\management_ext.dll
0x00007ff8e73a0000 - 0x00007ff8e73a8000 	C:\WINDOWS\System32\PSAPI.DLL
0x00007ff8bb0b0000 - 0x00007ff8bb0ba000 	C:\Windows\System32\rasadhlp.dll
0x00007ff8d3000000 - 0x00007ff8d3084000 	C:\WINDOWS\System32\fwpuclnt.dll

dbghelp: loaded successfully - version: 4.0.5 - missing functions: none
symbol engine: initialized successfully - sym options: 0x614 - pdb path: .;C:\Program Files\Java\jdk-19\bin;C:\WINDOWS\SYSTEM32;C:\WINDOWS\WinSxS\amd64_microsoft.windows.common-controls_6595b64144ccf1df_6.0.22621.2361_none_2712ced57382f843;C:\Program Files\Java\jdk-19\bin\server;C:\Program Files\JetBrains\IntelliJ IDEA Community Edition 2023.1\bin

VM Arguments:
jvm_args: -javaagent:C:\Program Files\JetBrains\IntelliJ IDEA Community Edition 2023.1\lib\idea_rt.jar=63564:C:\Program Files\JetBrains\IntelliJ IDEA Community Edition 2023.1\bin -Dfile.encoding=UTF-8 -Dsun.stdout.encoding=UTF-8 -Dsun.stderr.encoding=UTF-8 
java_command: org.generation.brazil.school.SchoolAplication
java_class_path (initial): C:\Users\Igor Cavalcanti\OneDrive\rea de Trabalho\Alunos\target\classes;C:\Users\Igor Cavalcanti\.m2\repository\org\springframework\boot\spring-boot-starter-data-jpa\3.1.5\spring-boot-starter-data-jpa-3.1.5.jar;C:\Users\Igor Cavalcanti\.m2\repository\org\springframework\boot\spring-boot-starter-aop\3.1.5\spring-boot-starter-aop-3.1.5.jar;C:\Users\Igor Cavalcanti\.m2\repository\org\springframework\spring-aop\6.0.13\spring-aop-6.0.13.jar;C:\Users\Igor Cavalcanti\.m2\repository\org\aspectj\aspectjweaver\1.9.20\aspectjweaver-1.9.20.jar;C:\Users\Igor Cavalcanti\.m2\repository\org\springframework\boot\spring-boot-starter-jdbc\3.1.5\spring-boot-starter-jdbc-3.1.5.jar;C:\Users\Igor Cavalcanti\.m2\repository\com\zaxxer\HikariCP\5.0.1\HikariCP-5.0.1.jar;C:\Users\Igor Cavalcanti\.m2\repository\org\springframework\spring-jdbc\6.0.13\spring-jdbc-6.0.13.jar;C:\Users\Igor Cavalcanti\.m2\repository\org\hibernate\orm\hibernate-core\6.2.13.Final\hibernate-core-6.2.13.Final.jar;C:\Users\Igor Cavalcanti\.m2\repository\jakarta\persistence\jakarta.persistence-api\3.1.0\jakarta.persistence-api-3.1.0.jar;C:\Users\Igor Cavalcanti\.m2\repository\jakarta\transaction\jakarta.transaction-api\2.0.1\jakarta.transaction-api-2.0.1.jar;C:\Users\Igor Cavalcanti\.m2\repository\org\jboss\logging\jboss-logging\3.5.3.Final\jboss-logging-3.5.3.Final.jar;C:\Users\Igor Cavalcanti\.m2\repository\org\hibernate\common\hibernate-commons-annotations\6.0.6.Final\hibernate-commons-annotations-6.0.6.Final.jar;C:\Users\Igor Cavalcanti\.m2\repository\io\smallrye\jandex\3.0.5\jandex-3.0.5.jar;C:\Users\Igor Cavalcanti\.m2\repository\com\fasterxml\classmate\1.5.1\classmate-1.5.1.jar;C:\Users\Igor Cavalcanti\.m2\repository\net\bytebuddy\byte-buddy\1.14.9\byte-buddy-1.14.9.jar;C:\Users\Igor Cavalcanti\.m2\repository\org\glassfish\jaxb\jaxb-runtime\4.0.3\jaxb-runtime-4.0.3.jar;C:\Users\Igor Cavalcanti\.m2\repository\org\glassfish\jaxb\jaxb-core\4.0.3\jaxb-core-4.0.3.jar;C:\Users\Igor Cavalcanti\.m2\repository\org\eclipse\angus\angus-activation\2.0.1\angus-activation-2.0.1.jar;C:\Users\Igor Cavalcanti\.m2\repository\org\glassfish\jaxb\txw2\4.0.3\txw2-4.0.3.jar;C:\Users\Igor Cavalcanti\.m2\repository\com\sun\istack\istack-commons-runtime\4.1.2\istack-commons-runtime-4.1.2.jar;C:\Users\Igor Cavalcanti\.m2\repository\jakarta\inject\jakarta.inject-api\2.0.1\jakarta.inject-api-2.0.1.jar;C:\Users\Igor Cavalcanti\.m2\repository\org\antlr\antlr4-runtime\4.10.1\antlr4-runtime-4.10.1.jar;C:\Users\Igor Cavalcanti\.m2\repository\org\springframework\data\spring-data-jpa\3.1.5\spring-data-jpa-3.1.5.jar;C:\Users\Igor Cavalcanti\.m2\repository\org\springframework\data\spring-data-commons\3.1.5\spring-data-commons-3.1.5.jar;C:\Users\Igor Cavalcanti\.m2\repository\org\springframework\spring-orm\6.0.13\spring-orm-6.0.13.jar;C:\Users\Igor Cavalcanti\.m2\repository\org\springframework\spring-context\6.0.13\spring-context-6.0.13.jar;C:\Users\Igor Cavalcanti\.m2\repository\org\springframework\spring-expression\6.0.13\spring-expression-6.0.13.jar;C:\Users\Igor Cavalcanti\.m2\repository\org\springframework\spring-tx\6.0.13\spring-tx-6.0.13.jar;C:\Users\Igor Cavalcanti\.m2\repository\org\springframework\spring-beans\6.0.13\spring-beans-6.0.13.jar;C:\Users\Igor Cavalcanti\.m2\repository\jakarta\annotation\jakarta.annotation-api\2.1.1\jakarta.annotation-api-2.1.1.jar;C:\Users\Igor Cavalcanti\.m2\repository\org\slf4j\slf4j-api\2.0.9\slf4j-api-2.0.9.jar;C:\Users\Igor Cavalcanti\.m2\repository\org\springframework\spring-aspects\6.0.13\spring-aspects-6.0.13.jar;C:\Users\Igor Cavalcanti\.m2\repository\org\springframework\boot\spring-boot-starter-data-rest\3.1.5\spring-boot-starter-data-rest-3.1.5.jar;C:\Users\Igor Cavalcanti\.m2\repository\org\springframework\boot\spring-boot-starter-web\3.1.5\spring-boot-starter-web-3.1.5.jar;C:\Users\Igor Cavalcanti\.m2\repository\org\springframework\boot\spring-boot-starter-json\3.1.5\spring-boot-starter-json-3.1.5.jar;C:\Users\Igor Cavalcanti\.m2\repository\com\fasterxml\jackson\datatype\jackson-datatype-jdk8\2.15.3\jackson-datatype-jdk8-2.15.3.jar;C:\Users\Igor Cavalcanti\.m2\repository\com\fasterxml\jackson\datatype\jackson-datatype-jsr310\2.15.3\jackson-datatype-jsr310-2.15.3.jar;C:\Users\Igor Cavalcanti\.m2\repository\com\fasterxml\jackson\module\jackson-module-parameter-names\2.15.3\jackson-module-parameter-names-2.15.3.jar;C:\Users\Igor Cavalcanti\.m2\repository\org\springframework\boot\spring-boot-starter-tomcat\3.1.5\spring-boot-starter-tomcat-3.1.5.jar;C:\Users\Igor Cavalcanti\.m2\repository\org\apache\tomcat\embed\tomcat-embed-core\10.1.15\tomcat-embed-core-10.1.15.jar;C:\Users\Igor Cavalcanti\.m2\repository\org\apache\tomcat\embed\tomcat-embed-el\10.1.15\tomcat-embed-el-10.1.15.jar;C:\Users\Igor Cavalcanti\.m2\repository\org\apache\tomcat\embed\tomcat-embed-websocket\10.1.15\tomcat-embed-websocket-10.1.15.jar;C:\Users\Igor Cavalcanti\.m2\repository\org\springframework\spring-web\6.0.13\spring-web-6.0.13.jar;C:\Users\Igor Cavalcanti\.m2\repository\io\micrometer\micrometer-observation\1.11.5\micrometer-observation-1.11.5.jar;C:\Users\Igor Cavalcanti\.m2\repository\io\micrometer\micrometer-commons\1.11.5\micrometer-commons-1.11.5.jar;C:\Users\Igor Cavalcanti\.m2\repository\org\springframework\spring-webmvc\6.0.13\spring-webmvc-6.0.13.jar;C:\Users\Igor Cavalcanti\.m2\repository\org\springframework\data\spring-data-rest-webmvc\4.1.5\spring-data-rest-webmvc-4.1.5.jar;C:\Users\Igor Cavalcanti\.m2\repository\org\springframework\data\spring-data-rest-core\4.1.5\spring-data-rest-core-4.1.5.jar;C:\Users\Igor Cavalcanti\.m2\repository\org\springframework\hateoas\spring-hateoas\2.1.2\spring-hateoas-2.1.2.jar;C:\Users\Igor Cavalcanti\.m2\repository\org\springframework\plugin\spring-plugin-core\3.0.0\spring-plugin-core-3.0.0.jar;C:\Users\Igor Cavalcanti\.m2\repository\org\atteo\evo-inflector\1.3\evo-inflector-1.3.jar;C:\Users\Igor Cavalcanti\.m2\repository\com\fasterxml\jackson\core\jackson-databind\2.15.3\jackson-databind-2.15.3.jar;C:\Users\Igor Cavalcanti\.m2\repository\com\fasterxml\jackson\core\jackson-annotations\2.15.3\jackson-annotations-2.15.3.jar;C:\Users\Igor Cavalcanti\.m2\repository\org\flywaydb\flyway-core\9.16.3\flyway-core-9.16.3.jar;C:\Users\Igor Cavalcanti\.m2\repository\com\fasterxml\jackson\dataformat\jackson-dataformat-toml\2.15.3\jackson-dataformat-toml-2.15.3.jar;C:\Users\Igor Cavalcanti\.m2\repository\com\fasterxml\jackson\core\jackson-core\2.15.3\jackson-core-2.15.3.jar;C:\Users\Igor Cavalcanti\.m2\repository\org\apache\commons\commons-text\1.10.0\commons-text-1.10.0.jar;C:\Users\Igor Cavalcanti\.m2\repository\org\apache\commons\commons-lang3\3.12.0\commons-lang3-3.12.0.jar;C:\Users\Igor Cavalcanti\.m2\repository\org\postgresql\postgresql\42.6.0\postgresql-42.6.0.jar;C:\Users\Igor Cavalcanti\.m2\repository\org\checkerframework\checker-qual\3.31.0\checker-qual-3.31.0.jar;C:\Users\Igor Cavalcanti\.m2\repository\org\projectlombok\lombok\1.18.30\lombok-1.18.30.jar;C:\Users\Igor Cavalcanti\.m2\repository\org\springframework\boot\spring-boot-starter\3.1.5\spring-boot-starter-3.1.5.jar;C:\Users\Igor Cavalcanti\.m2\repository\org\springframework\boot\spring-boot\3.1.5\spring-boot-3.1.5.jar;C:\Users\Igor Cavalcanti\.m2\repository\org\springframework\boot\spring-boot-autoconfigure\3.1.5\spring-boot-autoconfigure-3.1.5.jar;C:\Users\Igor Cavalcanti\.m2\repository\org\springframework\boot\spring-boot-starter-logging\3.1.5\spring-boot-starter-logging-3.1.5.jar;C:\Users\Igor Cavalcanti\.m2\repository\ch\qos\logback\logback-classic\1.4.11\logback-classic-1.4.11.jar;C:\Users\Igor Cavalcanti\.m2\repository\ch\qos\logback\logback-core\1.4.11\logback-core-1.4.11.jar;C:\Users\Igor Cavalcanti\.m2\repository\org\apache\logging\log4j\log4j-to-slf4j\2.20.0\log4j-to-slf4j-2.20.0.jar;C:\Users\Igor Cavalcanti\.m2\repository\org\apache\logging\log4j\log4j-api\2.20.0\log4j-api-2.20.0.jar;C:\Users\Igor Cavalcanti\.m2\repository\org\slf4j\jul-to-slf4j\2.0.9\jul-to-slf4j-2.0.9.jar;C:\Users\Igor Cavalcanti\.m2\repository\org\yaml\snakeyaml\1.33\snakeyaml-1.33.jar;C:\Users\Igor Cavalcanti\.m2\repository\com\jayway\jsonpath\json-path\2.8.0\json-path-2.8.0.jar;C:\Users\Igor Cavalcanti\.m2\repository\jakarta\xml\bind\jakarta.xml.bind-api\4.0.1\jakarta.xml.bind-api-4.0.1.jar;C:\Users\Igor Cavalcanti\.m2\repository\jakarta\activation\jakarta.activation-api\2.1.2\jakarta.activation-api-2.1.2.jar;C:\Users\Igor Cavalcanti\.m2\repository\net\minidev\json-smart\2.4.11\json-smart-2.4.11.jar;C:\Users\Igor Cavalcanti\.m2\repository\net\minidev\accessors-smart\2.4.11\accessors-smart-2.4.11.jar;C:\Users\Igor Cavalcanti\.m2\repository\org\ow2\asm\asm\9.3\asm-9.3.jar;C:\Users\Igor Cavalcanti\.m2\repository\org\springframework\spring-core\6.0.13\spring-core-6.0.13.jar;C:\Users\Igor Cavalcanti\.m2\repository\org\springframework\spring-jcl\6.0.13\spring-jcl-6.0.13.jar;C:\Users\Igor Cavalcanti\.m2\repository\jakarta\validation\jakarta.validation-api\3.0.2\jakarta.validation-api-3.0.2.jar;C:\Users\Igor Cavalcanti\.m2\repository\org\springdoc\springdoc-openapi-ui\1.7.0\springdoc-openapi-ui-1.7.0.jar;C:\Users\Igor Cavalcanti\.m2\repository\org\springdoc\springdoc-openapi-webmvc-core\1.7.0\springdoc-openapi-webmvc-core-1.7.0.jar;C:\Users\Igor Cavalcanti\.m2\repository\org\springdoc\springdoc-openapi-common\1.7.0\springdoc-openapi-common-1.7.0.jar;C:\Users\Igor Cavalcanti\.m2\repository\io\swagger\core\v3\swagger-core\2.2.9\swagger-core-2.2.9.jar;C:\Users\Igor Cavalcanti\.m2\repository\com\fasterxml\jackson\dataformat\jackson-dataformat-yaml\2.15.3\jackson-dataformat-yaml-2.15.3.jar;C:\Users\Igor Cavalcanti\.m2\repository\io\swagger\core\v3\swagger-annotations\2.2.9\swagger-annotations-2.2.9.jar;C:\Users\Igor Cavalcanti\.m2\repository\io\swagger\core\v3\swagger-models\2.2.9\swagger-models-2.2.9.jar;C:\Users\Igor Cavalcanti\.m2\repository\org\webjars\swagger-ui\4.18.2\swagger-ui-4.18.2.jar
Launcher Type: SUN_STANDARD

[Global flags]
     intx CICompilerCount                          = 3                                         {product} {ergonomic}
     uint ConcGCThreads                            = 1                                         {product} {ergonomic}
     uint G1ConcRefinementThreads                  = 4                                         {product} {ergonomic}
   size_t G1HeapRegionSize                         = 1048576                                   {product} {ergonomic}
    uintx GCDrainStackTargetSize                   = 64                                        {product} {ergonomic}
   size_t InitialHeapSize                          = 134217728                                 {product} {ergonomic}
   size_t MarkStackSize                            = 4194304                                   {product} {ergonomic}
   size_t MaxHeapSize                              = 2116026368                                {product} {ergonomic}
   size_t MaxNewSize                               = 1268776960                                {product} {ergonomic}
   size_t MinHeapDeltaBytes                        = 1048576                                   {product} {ergonomic}
   size_t MinHeapSize                              = 8388608                                   {product} {ergonomic}
    uintx NonNMethodCodeHeapSize                   = 5832780                                {pd product} {ergonomic}
    uintx NonProfiledCodeHeapSize                  = 122912730                              {pd product} {ergonomic}
    uintx ProfiledCodeHeapSize                     = 122912730                              {pd product} {ergonomic}
    uintx ReservedCodeCacheSize                    = 251658240                              {pd product} {ergonomic}
     bool SegmentedCodeCache                       = true                                      {product} {ergonomic}
   size_t SoftMaxHeapSize                          = 2116026368                             {manageable} {ergonomic}
     bool UseCompressedClassPointers               = true                           {product lp64_product} {ergonomic}
     bool UseCompressedOops                        = true                           {product lp64_product} {ergonomic}
     bool UseG1GC                                  = true                                      {product} {ergonomic}
     bool UseLargePagesIndividualAllocation        = false                                  {pd product} {ergonomic}

Logging:
Log output configuration:
 #0: stdout all=warning uptime,level,tags foldmultilines=false
 #1: stderr all=off uptime,level,tags foldmultilines=false

Environment Variables:
PATH=C:\Program Files\Common Files\Oracle\Java\javapath;C:\WINDOWS\system32;C:\WINDOWS;C:\WINDOWS\System32\Wbem;C:\WINDOWS\System32\WindowsPowerShell\v1.0\;C:\WINDOWS\System32\OpenSSH\;C:\Program Files (x86)\Intel\Intel(R) Management Engine Components\DAL;C:\Program Files\Intel\Intel(R) Management Engine Components\DAL;C:\Program Files\Git\cmd;C:\ProgramData\UNIVALI\Portugol Studio;C:\Program Files\dotnet\;C:\Program Files\Amazon\AWSCLIV2\;C:\Program Files\Amazon\AWSSAMCLI\bin\;C:\Program Files\MySQL\MySQL Workbench 8.0;;C:\Program Files\Go\bin;C:\Users\Igor Cavalcanti\AppData\Local\Microsoft\WindowsApps;C:\Users\Igor Cavalcanti\AppData\Local\Programs\Microsoft VS Code\bin;C:\Users\Igor Cavalcanti\go\bin
USERNAME=Igor Cavalcanti
OS=Windows_NT
PROCESSOR_IDENTIFIER=Intel64 Family 6 Model 142 Stepping 12, GenuineIntel
TMP=C:\Users\IGORCA~1\AppData\Local\Temp
TEMP=C:\Users\IGORCA~1\AppData\Local\Temp



---------------  S Y S T E M  ---------------

OS:
 Windows 11 , 64 bit Build 22621 (10.0.22621.2428)
OS uptime: 1 days 5:23 hours
Hyper-V role detected

CPU: total 4 (initial active 4) (2 cores per cpu, 2 threads per core) family 6 model 142 stepping 12 microcode 0xf8, cx8, cmov, fxsr, ht, mmx, 3dnowpref, sse, sse2, sse3, ssse3, sse4.1, sse4.2, popcnt, lzcnt, tsc, tscinvbit, avx, avx2, aes, erms, clmul, bmi1, bmi2, adx, fma, vzeroupper, clflush, clflushopt, hv, rdtscp

Memory: 4k page, system-wide physical 8069M (455M free)
TotalPageFile size 19274M (AvailPageFile size 9M)
current process WorkingSet (physical memory assigned to process): 192M, peak: 201M
current process commit charge ("private bytes"): 223M, peak: 263M

vm_info: Java HotSpot(TM) 64-Bit Server VM (19.0.2+7-44) for windows-amd64 JRE (19.0.2+7-44), built on 2022-11-30T18:02:09Z by "mach5one" with MS VC++ 17.1 (VS2022)

END.
