#
# There is insufficient memory for the Java Runtime Environment to continue.
# Native memory allocation (mmap) failed to map 31457280 bytes for G1 virtual space
# Possible reasons:
#   The system is out of physical RAM or swap space
#   The process is running with CompressedOops enabled, and the Java Heap may be blocking the growth of the native heap
# Possible solutions:
#   Reduce memory load on the system
#   Increase physical memory or swap space
#   Check if swap backing store is full
#   Decrease Java heap size (-Xmx/-Xms)
#   Decrease number of Java threads
#   Decrease Java thread stack sizes (-Xss)
#   Set larger code cache with -XX:ReservedCodeCacheSize=
#   JVM is running with Unscaled Compressed Oops mode in which the Java heap is
#     placed in the first 4GB address space. The Java Heap base address is the
#     maximum limit for the native heap growth. Please use -XX:HeapBaseMinAddress
#     to set the Java Heap base and to place the Java Heap above 4GB virtual address.
# This output file may be truncated or incomplete.
#
#  Out of Memory Error (os_windows.cpp:3536), pid=2024, tid=11144
#
# JRE version: Java(TM) SE Runtime Environment (19.0.2+7) (build 19.0.2+7-44)
# Java VM: Java HotSpot(TM) 64-Bit Server VM (19.0.2+7-44, mixed mode, sharing, tiered, compressed oops, compressed class ptrs, g1 gc, windows-amd64)
# No core dump will be written. Minidumps are not enabled by default on client versions of Windows
#

---------------  S U M M A R Y ------------

Command Line: -javaagent:C:\Program Files\JetBrains\IntelliJ IDEA Community Edition 2023.1\lib\idea_rt.jar=63549:C:\Program Files\JetBrains\IntelliJ IDEA Community Edition 2023.1\bin -Dfile.encoding=UTF-8 -Dsun.stdout.encoding=UTF-8 -Dsun.stderr.encoding=UTF-8 org.generation.brazil.school.SchoolAplication

Host: Intel(R) Core(TM) i3-8145U CPU @ 2.10GHz, 4 cores, 7G,  Windows 11 , 64 bit Build 22621 (10.0.22621.2428)
Time: Wed Nov  1 21:30:41 2023 Hora oficial do Brasil elapsed time: 7.348423 seconds (0d 0h 0m 7s)

---------------  T H R E A D  ---------------

Current thread (0x0000015ead8c67d0):  VMThread "VM Thread" [stack: 0x0000004c0be00000,0x0000004c0bf00000] [id=11144]

Stack: [0x0000004c0be00000,0x0000004c0bf00000]
Native frames: (J=compiled Java code, j=interpreted, Vv=VM code, C=native code)
V  [jvm.dll+0x6ee21a]
V  [jvm.dll+0x85765e]
V  [jvm.dll+0x85904e]
V  [jvm.dll+0x859703]
V  [jvm.dll+0x28298f]
V  [jvm.dll+0x6eb009]
V  [jvm.dll+0x6dfbaa]
V  [jvm.dll+0x3573f6]
V  [jvm.dll+0x35ee56]
V  [jvm.dll+0x3b541e]
V  [jvm.dll+0x3b564f]
V  [jvm.dll+0x32c9ea]
V  [jvm.dll+0x32ca97]
V  [jvm.dll+0x374cd2]
V  [jvm.dll+0x37340f]
V  [jvm.dll+0x32c210]
V  [jvm.dll+0x3729ab]
V  [jvm.dll+0x85ebc3]
V  [jvm.dll+0x85f989]
V  [jvm.dll+0x85febd]
V  [jvm.dll+0x86034b]
V  [jvm.dll+0x860407]
V  [jvm.dll+0x80125a]
V  [jvm.dll+0x6ecf0b]
C  [ucrtbase.dll+0x29363]
C  [KERNEL32.DLL+0x1257d]
C  [ntdll.dll+0x5aa78]

VM_Operation (0x0000004c0b8faa30): G1CollectForAllocation, mode: safepoint, requested by thread 0x0000015e8da083a0


---------------  P R O C E S S  ---------------

Threads class SMR info:
_java_thread_list=0x0000015eb67dbaf0, length=19, elements={
0x0000015e8da083a0, 0x0000015ead8db9b0, 0x0000015ead8dc4e0, 0x0000015ead8dd7b0,
0x0000015ead8de2e0, 0x0000015ead8df5b0, 0x0000015ead8e1ef0, 0x0000015ead8e5b70,
0x0000015ead935b50, 0x0000015ead93e550, 0x0000015eb1cb4110, 0x0000015eb1ea6d40,
0x0000015eb2008ba0, 0x0000015eb37b6910, 0x0000015eb44ac840, 0x0000015eb3e6d560,
0x0000015eb4499cf0, 0x0000015eb4fc9480, 0x0000015eb348cf40
}

Java Threads: ( => current thread )
  0x0000015e8da083a0 JavaThread "main" [_thread_blocked, id=19984, stack(0x0000004c0b800000,0x0000004c0b900000)]
  0x0000015ead8db9b0 JavaThread "Reference Handler" daemon [_thread_blocked, id=12132, stack(0x0000004c0bf00000,0x0000004c0c000000)]
  0x0000015ead8dc4e0 JavaThread "Finalizer" daemon [_thread_blocked, id=4368, stack(0x0000004c0c000000,0x0000004c0c100000)]
  0x0000015ead8dd7b0 JavaThread "Signal Dispatcher" daemon [_thread_blocked, id=8632, stack(0x0000004c0c100000,0x0000004c0c200000)]
  0x0000015ead8de2e0 JavaThread "Attach Listener" daemon [_thread_blocked, id=22408, stack(0x0000004c0c200000,0x0000004c0c300000)]
  0x0000015ead8df5b0 JavaThread "Service Thread" daemon [_thread_blocked, id=21852, stack(0x0000004c0c300000,0x0000004c0c400000)]
  0x0000015ead8e1ef0 JavaThread "Monitor Deflation Thread" daemon [_thread_blocked, id=9308, stack(0x0000004c0c400000,0x0000004c0c500000)]
  0x0000015ead8e5b70 JavaThread "C2 CompilerThread0" daemon [_thread_blocked, id=8972, stack(0x0000004c0c500000,0x0000004c0c600000)]
  0x0000015ead935b50 JavaThread "C1 CompilerThread0" daemon [_thread_blocked, id=9272, stack(0x0000004c0c600000,0x0000004c0c700000)]
  0x0000015ead93e550 JavaThread "Sweeper thread" daemon [_thread_blocked, id=19792, stack(0x0000004c0c700000,0x0000004c0c800000)]
  0x0000015eb1cb4110 JavaThread "Common-Cleaner" daemon [_thread_blocked, id=416, stack(0x0000004c0c800000,0x0000004c0c900000)]
  0x0000015eb1ea6d40 JavaThread "Monitor Ctrl-Break" daemon [_thread_in_native, id=852, stack(0x0000004c0ca00000,0x0000004c0cb00000)]
  0x0000015eb2008ba0 JavaThread "Notification Thread" daemon [_thread_blocked, id=4388, stack(0x0000004c0cb00000,0x0000004c0cc00000)]
  0x0000015eb37b6910 JavaThread "Catalina-utility-1" [_thread_blocked, id=19304, stack(0x0000004c0d000000,0x0000004c0d100000)]
  0x0000015eb44ac840 JavaThread "Catalina-utility-2" [_thread_blocked, id=22472, stack(0x0000004c0d100000,0x0000004c0d200000)]
  0x0000015eb3e6d560 JavaThread "container-0" [_thread_blocked, id=11916, stack(0x0000004c0d200000,0x0000004c0d300000)]
  0x0000015eb4499cf0 JavaThread "PostgreSQL-JDBC-Cleaner" daemon [_thread_blocked, id=1508, stack(0x0000004c0d400000,0x0000004c0d500000)]
  0x0000015eb4fc9480 JavaThread "HikariPool-1 housekeeper" daemon [_thread_blocked, id=9960, stack(0x0000004c0d500000,0x0000004c0d600000)]
  0x0000015eb348cf40 JavaThread "HikariPool-1 connection adder" daemon [_thread_blocked, id=16136, stack(0x0000004c0d600000,0x0000004c0d700000)]

Other Threads:
=>0x0000015ead8c67d0 VMThread "VM Thread" [stack: 0x0000004c0be00000,0x0000004c0bf00000] [id=11144]
  0x0000015eb2041bb0 WatcherThread "VM Periodic Task Thread" [stack: 0x0000004c0cc00000,0x0000004c0cd00000] [id=8792]
  0x0000015e8da68d50 WorkerThread "GC Thread#0" [stack: 0x0000004c0b900000,0x0000004c0ba00000] [id=10756]
  0x0000015eb2310130 WorkerThread "GC Thread#1" [stack: 0x0000004c0cd00000,0x0000004c0ce00000] [id=4628]
  0x0000015eb23bcfc0 WorkerThread "GC Thread#2" [stack: 0x0000004c0ce00000,0x0000004c0cf00000] [id=1524]
  0x0000015eb24588a0 WorkerThread "GC Thread#3" [stack: 0x0000004c0cf00000,0x0000004c0d000000] [id=11360]
  0x0000015e8da79a90 ConcurrentGCThread "G1 Main Marker" [stack: 0x0000004c0ba00000,0x0000004c0bb00000] [id=8552]
  0x0000015e8da7ac60 WorkerThread "G1 Conc#0" [stack: 0x0000004c0bb00000,0x0000004c0bc00000] [id=10360]
  0x0000015ead77e120 ConcurrentGCThread "G1 Refine#0" [stack: 0x0000004c0bc00000,0x0000004c0bd00000] [id=21728]
  0x0000015ead77eb70 ConcurrentGCThread "G1 Service" [stack: 0x0000004c0bd00000,0x0000004c0be00000] [id=3816]

Threads with active compile tasks:

VM state: at safepoint (normal execution)

VM Mutex/Monitor currently owned by a thread:  ([mutex/lock_event])
[0x0000015e8da05270] Threads_lock - owner thread: 0x0000015ead8c67d0
[0x0000015e8da04df0] Heap_lock - owner thread: 0x0000015e8da083a0

Heap address: 0x0000000081e00000, size: 2018 MB, Compressed Oops mode: 32-bit

CDS archive(s) mapped at: [0x0000000800000000-0x0000000800c40000-0x0000000800c40000), size 12845056, SharedBaseAddress: 0x0000000800000000, ArchiveRelocationMode: 0.
Compressed class space mapped at: 0x0000000801000000-0x0000000841000000, reserved size: 1073741824
Narrow klass base: 0x0000000800000000, Narrow klass shift: 0, Narrow klass range: 0x100000000

GC Precious Log:
 CardTable entry size: 512
 Card Set container configuration: InlinePtr #cards 5 size 8 Array Of Cards #cards 12 size 40 Howl #buckets 4 coarsen threshold 1843 Howl Bitmap #cards 512 size 80 coarsen threshold 460 Card regions per heap region 1 cards per card region 2048
 CPUs: 4 total, 4 available
 Memory: 8069M
 Large Page Support: Disabled
 NUMA Support: Disabled
 Compressed Oops: Enabled (32-bit)
 Heap Region Size: 1M
 Heap Min Capacity: 8M
 Heap Initial Capacity: 128M
 Heap Max Capacity: 2018M
 Pre-touch: Disabled
 Parallel Workers: 4
 Concurrent Workers: 1
 Concurrent Refinement Workers: 4
 Periodic GC: Disabled

Heap:
 garbage-first heap   total 51200K, used 21098K [0x0000000081e00000, 0x0000000100000000)
  region size 1024K, 2 young (2048K), 2 survivors (2048K)
 Metaspace       used 46990K, committed 47488K, reserved 1114112K
  class space    used 6042K, committed 6272K, reserved 1048576K

Heap Regions: E=young(eden), S=young(survivor), O=old, HS=humongous(starts), HC=humongous(continues), CS=collection set, F=free, OA=open archive, CA=closed archive, TAMS=top-at-mark-start (previous, next)
|   0|0x0000000081e00000, 0x0000000081f00000, 0x0000000081f00000|100%|HS|  |TAMS 0x0000000081f00000, 0x0000000081e00000| Complete 
|   1|0x0000000081f00000, 0x0000000082000000, 0x0000000082000000|100%| O|  |TAMS 0x0000000082000000, 0x0000000081f00000| Untracked 
|   2|0x0000000082000000, 0x0000000082100000, 0x0000000082100000|100%| O|  |TAMS 0x0000000082100000, 0x0000000082000000| Untracked 
|   3|0x0000000082100000, 0x0000000082200000, 0x0000000082200000|100%| O|  |TAMS 0x0000000082200000, 0x0000000082100000| Untracked 
|   4|0x0000000082200000, 0x0000000082300000, 0x0000000082300000|100%| O|  |TAMS 0x0000000082300000, 0x0000000082200000| Untracked 
|   5|0x0000000082300000, 0x0000000082400000, 0x0000000082400000|100%| O|  |TAMS 0x0000000082400000, 0x0000000082300000| Untracked 
|   6|0x0000000082400000, 0x0000000082500000, 0x0000000082500000|100%| O|  |TAMS 0x0000000082500000, 0x0000000082400000| Untracked 
|   7|0x0000000082500000, 0x0000000082600000, 0x0000000082600000|100%| O|  |TAMS 0x0000000082600000, 0x0000000082500000| Untracked 
|   8|0x0000000082600000, 0x0000000082700000, 0x0000000082700000|100%| O|  |TAMS 0x0000000082700000, 0x0000000082600000| Untracked 
|   9|0x0000000082700000, 0x0000000082800000, 0x0000000082800000|100%| O|  |TAMS 0x0000000082800000, 0x0000000082700000| Untracked 
|  10|0x0000000082800000, 0x0000000082900000, 0x0000000082900000|100%| O|  |TAMS 0x0000000082900000, 0x0000000082800000| Untracked 
|  11|0x0000000082900000, 0x0000000082a00000, 0x0000000082a00000|100%| O|  |TAMS 0x0000000082a00000, 0x0000000082900000| Untracked 
|  12|0x0000000082a00000, 0x0000000082b00000, 0x0000000082b00000|100%| O|  |TAMS 0x0000000082b00000, 0x0000000082a00000| Untracked 
|  13|0x0000000082b00000, 0x0000000082c00000, 0x0000000082c00000|100%| O|  |TAMS 0x0000000082c00000, 0x0000000082b00000| Untracked 
|  14|0x0000000082c00000, 0x0000000082d00000, 0x0000000082d00000|100%| O|  |TAMS 0x0000000082d00000, 0x0000000082c00000| Untracked 
|  15|0x0000000082d00000, 0x0000000082e00000, 0x0000000082e00000|100%| O|  |TAMS 0x0000000082e00000, 0x0000000082d00000| Untracked 
|  16|0x0000000082e00000, 0x0000000082f00000, 0x0000000082f00000|100%| O|  |TAMS 0x0000000082e1e000, 0x0000000082e00000| Untracked 
|  17|0x0000000082f00000, 0x0000000083000000, 0x0000000083000000|100%| O|  |TAMS 0x0000000082f00000, 0x0000000082f00000| Untracked 
|  18|0x0000000083000000, 0x0000000083100000, 0x0000000083100000|100%| O|  |TAMS 0x0000000083000000, 0x0000000083000000| Untracked 
|  19|0x0000000083100000, 0x000000008318c800, 0x0000000083200000| 54%| O|  |TAMS 0x0000000083100000, 0x0000000083100000| Untracked 
|  20|0x0000000083200000, 0x0000000083200000, 0x0000000083300000|  0%| F|  |TAMS 0x0000000083200000, 0x0000000083200000| Untracked 
|  21|0x0000000083300000, 0x0000000083300000, 0x0000000083400000|  0%| F|  |TAMS 0x0000000083300000, 0x0000000083300000| Untracked 
|  22|0x0000000083400000, 0x0000000083400000, 0x0000000083500000|  0%| F|  |TAMS 0x0000000083400000, 0x0000000083400000| Untracked 
|  23|0x0000000083500000, 0x0000000083500000, 0x0000000083600000|  0%| F|  |TAMS 0x0000000083500000, 0x0000000083500000| Untracked 
|  24|0x0000000083600000, 0x0000000083600000, 0x0000000083700000|  0%| F|  |TAMS 0x0000000083600000, 0x0000000083600000| Untracked 
|  25|0x0000000083700000, 0x0000000083700000, 0x0000000083800000|  0%| F|  |TAMS 0x0000000083700000, 0x0000000083700000| Untracked 
|  26|0x0000000083800000, 0x0000000083800000, 0x0000000083900000|  0%| F|  |TAMS 0x0000000083800000, 0x0000000083800000| Untracked 
|  27|0x0000000083900000, 0x0000000083900000, 0x0000000083a00000|  0%| F|  |TAMS 0x0000000083900000, 0x0000000083900000| Untracked 
|  28|0x0000000083a00000, 0x0000000083a00000, 0x0000000083b00000|  0%| F|  |TAMS 0x0000000083a00000, 0x0000000083a00000| Untracked 
|  29|0x0000000083b00000, 0x0000000083b0e250, 0x0000000083c00000|  5%| S|CS|TAMS 0x0000000083b00000, 0x0000000083b00000| Complete 
|  30|0x0000000083c00000, 0x0000000083d00000, 0x0000000083d00000|100%| S|CS|TAMS 0x0000000083c00000, 0x0000000083c00000| Complete 
|  31|0x0000000083d00000, 0x0000000083d00000, 0x0000000083e00000|  0%| F|  |TAMS 0x0000000083d00000, 0x0000000083d00000| Untracked 
|  32|0x0000000083e00000, 0x0000000083e00000, 0x0000000083f00000|  0%| F|  |TAMS 0x0000000083e00000, 0x0000000083e00000| Untracked 
|  33|0x0000000083f00000, 0x0000000083f00000, 0x0000000084000000|  0%| F|  |TAMS 0x0000000083f00000, 0x0000000083f00000| Untracked 
|  34|0x0000000084000000, 0x0000000084000000, 0x0000000084100000|  0%| F|  |TAMS 0x0000000084000000, 0x0000000084000000| Untracked 
|  35|0x0000000084100000, 0x0000000084100000, 0x0000000084200000|  0%| F|  |TAMS 0x0000000084100000, 0x0000000084100000| Untracked 
|  36|0x0000000084200000, 0x0000000084200000, 0x0000000084300000|  0%| F|  |TAMS 0x0000000084200000, 0x0000000084200000| Untracked 
|  37|0x0000000084300000, 0x0000000084300000, 0x0000000084400000|  0%| F|  |TAMS 0x0000000084300000, 0x0000000084300000| Untracked 
|  38|0x0000000084400000, 0x0000000084400000, 0x0000000084500000|  0%| F|  |TAMS 0x0000000084400000, 0x0000000084400000| Untracked 
|  39|0x0000000084500000, 0x0000000084500000, 0x0000000084600000|  0%| F|  |TAMS 0x0000000084500000, 0x0000000084500000| Untracked 
|  40|0x0000000084600000, 0x0000000084600000, 0x0000000084700000|  0%| F|  |TAMS 0x0000000084600000, 0x0000000084600000| Untracked 
|  41|0x0000000084700000, 0x0000000084700000, 0x0000000084800000|  0%| F|  |TAMS 0x0000000084700000, 0x0000000084700000| Untracked 
|  77|0x0000000086b00000, 0x0000000086b00000, 0x0000000086c00000|  0%| F|  |TAMS 0x0000000086b00000, 0x0000000086b00000| Untracked 
|  78|0x0000000086c00000, 0x0000000086c00000, 0x0000000086d00000|  0%| F|  |TAMS 0x0000000086c00000, 0x0000000086c00000| Untracked 
|  79|0x0000000086d00000, 0x0000000086d00000, 0x0000000086e00000|  0%| F|  |TAMS 0x0000000086d00000, 0x0000000086d00000| Untracked 
|  80|0x0000000086e00000, 0x0000000086e00000, 0x0000000086f00000|  0%| F|  |TAMS 0x0000000086e00000, 0x0000000086e00000| Untracked 
|  81|0x0000000086f00000, 0x0000000086f00000, 0x0000000087000000|  0%| F|  |TAMS 0x0000000086f00000, 0x0000000086f00000| Untracked 
|  82|0x0000000087000000, 0x0000000087000000, 0x0000000087100000|  0%| F|  |TAMS 0x0000000087000000, 0x0000000087000000| Untracked 
|  83|0x0000000087100000, 0x0000000087100000, 0x0000000087200000|  0%| F|  |TAMS 0x0000000087100000, 0x0000000087100000| Untracked 
| 127|0x0000000089d00000, 0x0000000089d00000, 0x0000000089e00000|  0%| F|  |TAMS 0x0000000089d00000, 0x0000000089d00000| Untracked 

Card table byte_map: [0x0000015ea6b80000,0x0000015ea6f80000] _byte_map_base: 0x0000015ea6771000

Marking Bits (Prev, Next): (CMBitMap*) 0x0000015e8da69380, (CMBitMap*) 0x0000015e8da693c0
 Prev Bits: [0x0000015ea7380000, 0x0000015ea9308000)
 Next Bits: [0x0000015ea9310000, 0x0000015eab298000)

Polling page: 0x0000015e8d7e0000

Metaspace:

Usage:
  Non-class:     39.99 MB used.
      Class:      5.90 MB used.
       Both:     45.89 MB used.

Virtual space:
  Non-class space:       64.00 MB reserved,      40.25 MB ( 63%) committed,  1 nodes.
      Class space:        1.00 GB reserved,       6.12 MB ( <1%) committed,  1 nodes.
             Both:        1.06 GB reserved,      46.38 MB (  4%) committed. 

Chunk freelists:
   Non-Class:  3.64 MB
       Class:  1.88 MB
        Both:  5.52 MB

MaxMetaspaceSize: unlimited
CompressedClassSpaceSize: 1.00 GB
Initial GC threshold: 21.00 MB
Current GC threshold: 59.06 MB
CDS: on
MetaspaceReclaimPolicy: balanced
 - commit_granule_bytes: 65536.
 - commit_granule_words: 8192.
 - virtual_space_node_default_size: 8388608.
 - enlarge_chunks_in_place: 1.
 - new_chunks_are_fully_committed: 0.
 - uncommit_free_chunks: 1.
 - use_allocation_guard: 0.


Internal statistics:

num_allocs_failed_limit: 6.
num_arena_births: 742.
num_arena_deaths: 0.
num_vsnodes_births: 2.
num_vsnodes_deaths: 0.
num_space_committed: 742.
num_space_uncommitted: 0.
num_chunks_returned_to_freelist: 6.
num_chunks_taken_from_freelist: 2334.
num_chunk_merges: 6.
num_chunk_splits: 1717.
num_chunks_enlarged: 1405.
num_inconsistent_stats: 0.

CodeHeap 'non-profiled nmethods': size=120000Kb used=2929Kb max_used=2929Kb free=117070Kb
 bounds [0x0000015e9ec30000, 0x0000015e9ef10000, 0x0000015ea6160000]
CodeHeap 'profiled nmethods': size=120000Kb used=9543Kb max_used=9543Kb free=110456Kb
 bounds [0x0000015e97160000, 0x0000015e97ac0000, 0x0000015e9e690000]
CodeHeap 'non-nmethods': size=5760Kb used=1369Kb max_used=1433Kb free=4390Kb
 bounds [0x0000015e9e690000, 0x0000015e9e900000, 0x0000015e9ec30000]
 total_blobs=5176 nmethods=4570 adapters=516
 compilation: enabled
              stopped_count=0, restarted_count=0
 full_count=0

Compilation events (20 events):
Event: 7.210 Thread 0x0000015ead935b50 4566       3       org.hibernate.internal.util.collections.CaseInsensitiveDictionary::trueKey (8 bytes)
Event: 7.210 Thread 0x0000015ead935b50 nmethod 4566 0x0000015e97ab0f10 code [0x0000015e97ab10e0, 0x0000015e97ab13f8]
Event: 7.210 Thread 0x0000015ead935b50 4567       3       java.lang.Character::isDigit (5 bytes)
Event: 7.211 Thread 0x0000015ead935b50 nmethod 4567 0x0000015e97ab1510 code [0x0000015e97ab16c0, 0x0000015e97ab1918]
Event: 7.223 Thread 0x0000015ead8e5b70 4568       4       java.util.concurrent.CopyOnWriteArrayList::get (9 bytes)
Event: 7.224 Thread 0x0000015ead8e5b70 nmethod 4568 0x0000015e9ef09490 code [0x0000015e9ef09620, 0x0000015e9ef096d8]
Event: 7.243 Thread 0x0000015ead8e5b70 4569  s    4       java.util.jar.JarFile::getInputStream (88 bytes)
Event: 7.245 Thread 0x0000015ead8e5b70 nmethod 4569 0x0000015e9ef09790 code [0x0000015e9ef09940, 0x0000015e9ef09cb8]
Event: 7.259 Thread 0x0000015ead8e5b70 4570       4       java.util.zip.CRC32::updateBytesCheck (35 bytes)
Event: 7.260 Thread 0x0000015ead8e5b70 nmethod 4570 0x0000015e9ef09e90 code [0x0000015e9ef0a020, 0x0000015e9ef0a0f8]
Event: 7.260 Thread 0x0000015ead8e5b70 4571       4       java.util.zip.CRC32::update (38 bytes)
Event: 7.261 Thread 0x0000015ead8e5b70 nmethod 4571 0x0000015e9ef0a210 code [0x0000015e9ef0a3a0, 0x0000015e9ef0a558]
Event: 7.302 Thread 0x0000015ead8e5b70 4572       4       java.net.URLStreamHandler::setURL (73 bytes)
Event: 7.323 Thread 0x0000015ead935b50 4573       1       org.hibernate.service.spi.ServiceBinding::getService (5 bytes)
Event: 7.323 Thread 0x0000015ead935b50 nmethod 4573 0x0000015e9ef0bd10 code [0x0000015e9ef0bea0, 0x0000015e9ef0bf58]
Event: 7.323 Thread 0x0000015ead8e5b70 nmethod 4572 0x0000015e9ef0a790 code [0x0000015e9ef0a960, 0x0000015e9ef0b730]
Event: 7.324 Thread 0x0000015ead935b50 4574       3       java.lang.invoke.InfoFromMemberName::getDeclaringClass (8 bytes)
Event: 7.324 Thread 0x0000015ead935b50 nmethod 4574 0x0000015e97ab1a10 code [0x0000015e97ab1ba0, 0x0000015e97ab1cd8]
Event: 7.328 Thread 0x0000015ead8e5b70 4575       4       java.lang.PublicMethods$Key::hashCode (19 bytes)
Event: 7.330 Thread 0x0000015ead8e5b70 nmethod 4575 0x0000015e9ef0c010 code [0x0000015e9ef0c1a0, 0x0000015e9ef0c398]

GC Heap History (20 events):
Event: 1.038 GC heap after
{Heap after GC invocations=2 (full 0):
 garbage-first heap   total 131072K, used 7387K [0x0000000081e00000, 0x0000000100000000)
  region size 1024K, 2 young (2048K), 2 survivors (2048K)
 Metaspace       used 6987K, committed 7296K, reserved 1114112K
  class space    used 813K, committed 960K, reserved 1048576K
}
Event: 1.607 GC heap before
{Heap before GC invocations=2 (full 0):
 garbage-first heap   total 131072K, used 37083K [0x0000000081e00000, 0x0000000100000000)
  region size 1024K, 32 young (32768K), 2 survivors (2048K)
 Metaspace       used 15396K, committed 15744K, reserved 1114112K
  class space    used 1808K, committed 1984K, reserved 1048576K
}
Event: 1.611 GC heap after
{Heap after GC invocations=3 (full 0):
 garbage-first heap   total 131072K, used 9821K [0x0000000081e00000, 0x0000000100000000)
  region size 1024K, 4 young (4096K), 4 survivors (4096K)
 Metaspace       used 15396K, committed 15744K, reserved 1114112K
  class space    used 1808K, committed 1984K, reserved 1048576K
}
Event: 2.990 GC heap before
{Heap before GC invocations=3 (full 0):
 garbage-first heap   total 131072K, used 48733K [0x0000000081e00000, 0x0000000100000000)
  region size 1024K, 44 young (45056K), 4 survivors (4096K)
 Metaspace       used 21232K, committed 21504K, reserved 1114112K
  class space    used 2499K, committed 2624K, reserved 1048576K
}
Event: 2.999 GC heap after
{Heap after GC invocations=4 (full 0):
 garbage-first heap   total 131072K, used 13331K [0x0000000081e00000, 0x0000000100000000)
  region size 1024K, 7 young (7168K), 7 survivors (7168K)
 Metaspace       used 21232K, committed 21504K, reserved 1114112K
  class space    used 2499K, committed 2624K, reserved 1048576K
}
Event: 3.868 GC heap before
{Heap before GC invocations=5 (full 0):
 garbage-first heap   total 51200K, used 36883K [0x0000000081e00000, 0x0000000100000000)
  region size 1024K, 30 young (30720K), 7 survivors (7168K)
 Metaspace       used 25679K, committed 26176K, reserved 1114112K
  class space    used 3139K, committed 3392K, reserved 1048576K
}
Event: 3.887 GC heap after
{Heap after GC invocations=6 (full 0):
 garbage-first heap   total 51200K, used 16190K [0x0000000081e00000, 0x0000000100000000)
  region size 1024K, 4 young (4096K), 4 survivors (4096K)
 Metaspace       used 25679K, committed 26176K, reserved 1114112K
  class space    used 3139K, committed 3392K, reserved 1048576K
}
Event: 3.968 GC heap before
{Heap before GC invocations=6 (full 0):
 garbage-first heap   total 51200K, used 17214K [0x0000000081e00000, 0x0000000100000000)
  region size 1024K, 5 young (5120K), 4 survivors (4096K)
 Metaspace       used 26000K, committed 26432K, reserved 1114112K
  class space    used 3173K, committed 3392K, reserved 1048576K
}
Event: 3.975 GC heap after
{Heap after GC invocations=7 (full 0):
 garbage-first heap   total 51200K, used 16510K [0x0000000081e00000, 0x0000000100000000)
  region size 1024K, 1 young (1024K), 1 survivors (1024K)
 Metaspace       used 26000K, committed 26432K, reserved 1114112K
  class space    used 3173K, committed 3392K, reserved 1048576K
}
Event: 4.639 GC heap before
{Heap before GC invocations=7 (full 0):
 garbage-first heap   total 51200K, used 33918K [0x0000000081e00000, 0x0000000100000000)
  region size 1024K, 19 young (19456K), 1 survivors (1024K)
 Metaspace       used 29415K, committed 29888K, reserved 1114112K
  class space    used 3584K, committed 3776K, reserved 1048576K
}
Event: 4.642 GC heap after
{Heap after GC invocations=8 (full 0):
 garbage-first heap   total 51200K, used 17591K [0x0000000081e00000, 0x0000000100000000)
  region size 1024K, 2 young (2048K), 2 survivors (2048K)
 Metaspace       used 29415K, committed 29888K, reserved 1114112K
  class space    used 3584K, committed 3776K, reserved 1048576K
}
Event: 5.845 GC heap before
{Heap before GC invocations=8 (full 0):
 garbage-first heap   total 51200K, used 36023K [0x0000000081e00000, 0x0000000100000000)
  region size 1024K, 21 young (21504K), 2 survivors (2048K)
 Metaspace       used 34934K, committed 35456K, reserved 1114112K
  class space    used 4239K, committed 4480K, reserved 1048576K
}
Event: 5.849 GC heap after
{Heap after GC invocations=9 (full 0):
 garbage-first heap   total 51200K, used 19158K [0x0000000081e00000, 0x0000000100000000)
  region size 1024K, 2 young (2048K), 2 survivors (2048K)
 Metaspace       used 34934K, committed 35456K, reserved 1114112K
  class space    used 4239K, committed 4480K, reserved 1048576K
}
Event: 5.952 GC heap before
{Heap before GC invocations=9 (full 0):
 garbage-first heap   total 51200K, used 21206K [0x0000000081e00000, 0x0000000100000000)
  region size 1024K, 5 young (5120K), 2 survivors (2048K)
 Metaspace       used 35551K, committed 36096K, reserved 1114112K
  class space    used 4318K, committed 4608K, reserved 1048576K
}
Event: 5.954 GC heap after
{Heap after GC invocations=10 (full 0):
 garbage-first heap   total 51200K, used 19179K [0x0000000081e00000, 0x0000000100000000)
  region size 1024K, 2 young (2048K), 2 survivors (2048K)
 Metaspace       used 35551K, committed 36096K, reserved 1114112K
  class space    used 4318K, committed 4608K, reserved 1048576K
}
Event: 6.727 GC heap before
{Heap before GC invocations=11 (full 0):
 garbage-first heap   total 51200K, used 38635K [0x0000000081e00000, 0x0000000100000000)
  region size 1024K, 21 young (21504K), 2 survivors (2048K)
 Metaspace       used 40586K, committed 41088K, reserved 1114112K
  class space    used 5116K, committed 5376K, reserved 1048576K
}
Event: 6.731 GC heap after
{Heap after GC invocations=12 (full 0):
 garbage-first heap   total 51200K, used 20531K [0x0000000081e00000, 0x0000000100000000)
  region size 1024K, 2 young (2048K), 2 survivors (2048K)
 Metaspace       used 40586K, committed 41088K, reserved 1114112K
  class space    used 5116K, committed 5376K, reserved 1048576K
}
Event: 6.770 GC heap before
{Heap before GC invocations=12 (full 0):
 garbage-first heap   total 51200K, used 21555K [0x0000000081e00000, 0x0000000100000000)
  region size 1024K, 3 young (3072K), 2 survivors (2048K)
 Metaspace       used 40904K, committed 41408K, reserved 1114112K
  class space    used 5170K, committed 5440K, reserved 1048576K
}
Event: 6.775 GC heap after
{Heap after GC invocations=13 (full 0):
 garbage-first heap   total 51200K, used 20155K [0x0000000081e00000, 0x0000000100000000)
  region size 1024K, 1 young (1024K), 1 survivors (1024K)
 Metaspace       used 40904K, committed 41408K, reserved 1114112K
  class space    used 5170K, committed 5440K, reserved 1048576K
}
Event: 7.344 GC heap before
{Heap before GC invocations=13 (full 0):
 garbage-first heap   total 51200K, used 37563K [0x0000000081e00000, 0x0000000100000000)
  region size 1024K, 19 young (19456K), 1 survivors (1024K)
 Metaspace       used 46990K, committed 47488K, reserved 1114112K
  class space    used 6042K, committed 6272K, reserved 1048576K
}

Dll operation events (14 events):
Event: 0.011 Loaded shared library C:\Program Files\Java\jdk-19\bin\java.dll
Event: 0.022 Loaded shared library C:\Program Files\Java\jdk-19\bin\jsvml.dll
Event: 0.149 Loaded shared library C:\Program Files\Java\jdk-19\bin\zip.dll
Event: 0.151 Loaded shared library C:\Program Files\Java\jdk-19\bin\instrument.dll
Event: 0.160 Loaded shared library C:\Program Files\Java\jdk-19\bin\net.dll
Event: 0.162 Loaded shared library C:\Program Files\Java\jdk-19\bin\nio.dll
Event: 0.165 Loaded shared library C:\Program Files\Java\jdk-19\bin\zip.dll
Event: 0.301 Loaded shared library C:\Program Files\JetBrains\IntelliJ IDEA Community Edition 2023.1\bin\breakgen64.dll
Event: 0.312 Loaded shared library C:\Program Files\Java\jdk-19\bin\extnet.dll
Event: 0.348 Loaded shared library C:\Program Files\Java\jdk-19\bin\jimage.dll
Event: 4.268 Loaded shared library C:\Program Files\Java\jdk-19\bin\sunmscapi.dll
Event: 4.281 Loaded shared library C:\Program Files\Java\jdk-19\bin\management.dll
Event: 4.283 Loaded shared library C:\Program Files\Java\jdk-19\bin\management_ext.dll
Event: 6.310 Loaded shared library C:\Program Files\Java\jdk-19\bin\verify.dll

Deoptimization events (20 events):
Event: 6.096 Thread 0x0000015e8da083a0 Uncommon trap: trap_request=0xffffffc6 fr.pc=0x0000015e9eea5490 relative=0x00000000000001b0
Event: 6.096 Thread 0x0000015e8da083a0 Uncommon trap: reason=bimorphic_or_optimized_type_check action=maybe_recompile pc=0x0000015e9eea5490 method=java.lang.ClassLoader.loadClass(Ljava/lang/String;)Ljava/lang/Class; @ 3 c2
Event: 6.096 Thread 0x0000015e8da083a0 DEOPT PACKING pc=0x0000015e9eea5490 sp=0x0000004c0b8fd920
Event: 6.096 Thread 0x0000015e8da083a0 DEOPT UNPACKING pc=0x0000015e9e6f6da3 sp=0x0000004c0b8fd8a0 mode 2
Event: 6.289 Thread 0x0000015e8da083a0 Uncommon trap: trap_request=0xffffffc6 fr.pc=0x0000015e9eea5490 relative=0x00000000000001b0
Event: 6.289 Thread 0x0000015e8da083a0 Uncommon trap: reason=bimorphic_or_optimized_type_check action=maybe_recompile pc=0x0000015e9eea5490 method=java.lang.ClassLoader.loadClass(Ljava/lang/String;)Ljava/lang/Class; @ 3 c2
Event: 6.289 Thread 0x0000015e8da083a0 DEOPT PACKING pc=0x0000015e9eea5490 sp=0x0000004c0b8fda90
Event: 6.289 Thread 0x0000015e8da083a0 DEOPT UNPACKING pc=0x0000015e9e6f6da3 sp=0x0000004c0b8fda10 mode 2
Event: 6.417 Thread 0x0000015e8da083a0 Uncommon trap: trap_request=0xffffffc6 fr.pc=0x0000015e9eea5490 relative=0x00000000000001b0
Event: 6.417 Thread 0x0000015e8da083a0 Uncommon trap: reason=bimorphic_or_optimized_type_check action=maybe_recompile pc=0x0000015e9eea5490 method=java.lang.ClassLoader.loadClass(Ljava/lang/String;)Ljava/lang/Class; @ 3 c2
Event: 6.417 Thread 0x0000015e8da083a0 DEOPT PACKING pc=0x0000015e9eea5490 sp=0x0000004c0b8fabe0
Event: 6.417 Thread 0x0000015e8da083a0 DEOPT UNPACKING pc=0x0000015e9e6f6da3 sp=0x0000004c0b8fab60 mode 2
Event: 6.751 Thread 0x0000015e8da083a0 Uncommon trap: trap_request=0xffffffde fr.pc=0x0000015e9eded0fc relative=0x0000000000000ebc
Event: 6.751 Thread 0x0000015e8da083a0 Uncommon trap: reason=class_check action=maybe_recompile pc=0x0000015e9eded0fc method=java.util.concurrent.ConcurrentHashMap.putVal(Ljava/lang/Object;Ljava/lang/Object;Z)Ljava/lang/Object; @ 159 c2
Event: 6.751 Thread 0x0000015e8da083a0 DEOPT PACKING pc=0x0000015e9eded0fc sp=0x0000004c0b8fe450
Event: 6.751 Thread 0x0000015e8da083a0 DEOPT UNPACKING pc=0x0000015e9e6f6da3 sp=0x0000004c0b8fe3e0 mode 2
Event: 6.751 Thread 0x0000015e8da083a0 Uncommon trap: trap_request=0xffffffde fr.pc=0x0000015e9eded0fc relative=0x0000000000000ebc
Event: 6.751 Thread 0x0000015e8da083a0 Uncommon trap: reason=class_check action=maybe_recompile pc=0x0000015e9eded0fc method=java.util.concurrent.ConcurrentHashMap.putVal(Ljava/lang/Object;Ljava/lang/Object;Z)Ljava/lang/Object; @ 159 c2
Event: 6.751 Thread 0x0000015e8da083a0 DEOPT PACKING pc=0x0000015e9eded0fc sp=0x0000004c0b8fe450
Event: 6.751 Thread 0x0000015e8da083a0 DEOPT UNPACKING pc=0x0000015e9e6f6da3 sp=0x0000004c0b8fe3e0 mode 2

Classes loaded (20 events):
Event: 6.986 Loading class java/util/stream/ReduceOps$1
Event: 6.987 Loading class java/util/stream/ReduceOps$1 done
Event: 6.987 Loading class java/util/stream/ReduceOps$1ReducingSink
Event: 6.987 Loading class java/util/stream/ReduceOps$1ReducingSink done
Event: 7.060 Loading class javax/naming/RefAddr
Event: 7.060 Loading class javax/naming/RefAddr done
Event: 7.060 Loading class javax/naming/StringRefAddr
Event: 7.060 Loading class javax/naming/StringRefAddr done
Event: 7.088 Loading class java/util/concurrent/CompletionStage
Event: 7.088 Loading class java/util/concurrent/CompletionStage done
Event: 7.090 Loading class java/util/concurrent/CompletableFuture
Event: 7.091 Loading class java/util/concurrent/CompletableFuture done
Event: 7.091 Loading class java/util/concurrent/CompletableFuture$AltResult
Event: 7.091 Loading class java/util/concurrent/CompletableFuture$AltResult done
Event: 7.091 Loading class java/util/concurrent/CompletableFuture$Completion
Event: 7.091 Loading class java/util/concurrent/CompletableFuture$AsynchronousCompletionTask
Event: 7.091 Loading class java/util/concurrent/CompletableFuture$AsynchronousCompletionTask done
Event: 7.092 Loading class java/util/concurrent/CompletableFuture$Completion done
Event: 7.150 Loading class java/util/concurrent/CancellationException
Event: 7.150 Loading class java/util/concurrent/CancellationException done

Classes unloaded (0 events):
No events

Classes redefined (0 events):
No events

Internal exceptions (20 events):
Event: 4.768 Thread 0x0000015e8da083a0 Exception <a 'java/lang/NoSuchMethodError'{0x0000000086fc9110}: method resolution failed> (0x0000000086fc9110) 
thrown [s\open\src\hotspot\share\prims\methodHandles.cpp, line 1268]
Event: 4.781 Thread 0x0000015e8da083a0 Exception <a 'java/lang/NoSuchMethodError'{0x0000000086e15fd0}: 'int java.lang.invoke.DirectMethodHandle$Holder.invokeStaticInit(java.lang.Object, java.lang.Object, java.lang.Object, java.lang.Object)'> (0x0000000086e15fd0) 
thrown [s\open\src\hotspot\share\interpreter\linkResolver.cpp, line 774]
Event: 4.943 Thread 0x0000015e8da083a0 Exception <a 'sun/nio/fs/WindowsException'{0x0000000086def520}> (0x0000000086def520) 
thrown [s\open\src\hotspot\share\prims\jni.cpp, line 517]
Event: 5.025 Thread 0x0000015e8da083a0 Implicit null exception at 0x0000015e9ee4ab72 to 0x0000015e9ee4b3e0
Event: 5.075 Thread 0x0000015e8da083a0 Implicit null exception at 0x0000015e9ee1b26c to 0x0000015e9ee1b31c
Event: 5.147 Thread 0x0000015e8da083a0 Exception <a 'java/lang/NoSuchMethodError'{0x0000000084505e28}: 'java.lang.Object java.lang.invoke.DirectMethodHandle$Holder.invokeSpecial(java.lang.Object, java.lang.Object, java.lang.Object, java.lang.Object, java.lang.Object, int, java.lang.Object)'> (0x0000000084505e28) 
thrown [s\open\src\hotspot\share\interpreter\linkResolver.cpp, line 774]
Event: 5.155 Thread 0x0000015e8da083a0 Implicit null exception at 0x0000015e9ec6c1f2 to 0x0000015e9ec6c704
Event: 5.209 Thread 0x0000015e8da083a0 Exception <a 'java/lang/NoSuchMethodError'{0x00000000844770c0}: 'java.lang.Object java.lang.invoke.DirectMethodHandle$Holder.newInvokeSpecial(java.lang.Object, java.lang.Object, int)'> (0x00000000844770c0) 
thrown [s\open\src\hotspot\share\interpreter\linkResolver.cpp, line 774]
Event: 5.303 Thread 0x0000015eb348cf40 Implicit null exception at 0x0000015e9ee4ca40 to 0x0000015e9ee4d274
Event: 5.415 Thread 0x0000015e8da083a0 Exception <a 'java/lang/NoSuchMethodError'{0x000000008434bb20}: 'java.lang.Object java.lang.invoke.DirectMethodHandle$Holder.newInvokeSpecial(java.lang.Object, java.lang.Object, java.lang.Object, java.lang.Object, int)'> (0x000000008434bb20) 
thrown [s\open\src\hotspot\share\interpreter\linkResolver.cpp, line 774]
Event: 5.416 Thread 0x0000015e8da083a0 Exception <a 'java/lang/NoSuchMethodError'{0x000000008434fd78}: 'java.lang.Object java.lang.invoke.DirectMethodHandle$Holder.invokeSpecial(java.lang.Object, java.lang.Object, java.lang.Object, java.lang.Object, java.lang.Object, int)'> (0x000000008434fd78) 
thrown [s\open\src\hotspot\share\interpreter\linkResolver.cpp, line 774]
Event: 5.416 Thread 0x0000015e8da083a0 Exception <a 'java/lang/NoSuchMethodError'{0x0000000084353bd8}: 'java.lang.Object java.lang.invoke.Invokers$Holder.linkToTargetMethod(java.lang.Object, java.lang.Object, java.lang.Object, int, java.lang.Object)'> (0x0000000084353bd8) 
thrown [s\open\src\hotspot\share\interpreter\linkResolver.cpp, line 774]
Event: 5.575 Thread 0x0000015e8da083a0 Exception <a 'java/lang/NoSuchMethodError'{0x00000000843faef8}: 'java.lang.Object java.lang.invoke.DirectMethodHandle$Holder.invokeStaticInit(java.lang.Object, java.lang.Object, java.lang.Object, java.lang.Object)'> (0x00000000843faef8) 
thrown [s\open\src\hotspot\share\interpreter\linkResolver.cpp, line 774]
Event: 5.673 Thread 0x0000015e8da083a0 Exception <a 'java/lang/NoSuchMethodError'{0x00000000841760e0}: 'java.lang.Object java.lang.invoke.DirectMethodHandle$Holder.newInvokeSpecial(java.lang.Object, java.lang.Object, java.lang.Object, java.lang.Object, java.lang.Object, java.lang.Object, java.lang.Object, java.lang.Object, java.lang.Object, java.lang.Object, java.lang.Object)'> (0x00000000841760e0) 
thrown [s\open\src\hotspot\share\interpreter\linkResolver.cpp, line 774]
Event: 5.724 Thread 0x0000015e8da083a0 Exception <a 'sun/nio/fs/WindowsException'{0x00000000840c52e0}> (0x00000000840c52e0) 
thrown [s\open\src\hotspot\share\prims\jni.cpp, line 517]
Event: 5.833 Thread 0x0000015e8da083a0 Exception <a 'java/lang/NoSuchMethodError'{0x0000000083dbfbc0}: 'void java.lang.invoke.DelegatingMethodHandle$Holder.reinvoke_L(java.lang.Object, java.lang.Object, java.lang.Object, java.lang.Object, int, java.lang.Object, java.lang.Object, java.lang.Object)'> (0x0000000083dbfbc0) 
thrown [s\open\src\hotspot\share\interpreter\linkResolver.cpp, line 774]
Event: 6.634 Thread 0x0000015e8da083a0 Exception <a 'java/lang/NoSuchMethodError'{0x0000000083df5320}: 'int java.lang.invoke.DirectMethodHandle$Holder.invokeStatic(java.lang.Object)'> (0x0000000083df5320) 
thrown [s\open\src\hotspot\share\interpreter\linkResolver.cpp, line 774]
Event: 7.159 Thread 0x0000015e8da083a0 Exception <a 'java/lang/IncompatibleClassChangeError'{0x00000000843c7bd0}: Found class java.lang.Object, but interface was expected> (0x00000000843c7bd0) 
thrown [s\open\src\hotspot\share\interpreter\linkResolver.cpp, line 841]
Event: 7.177 Thread 0x0000015e8da083a0 Exception <a 'java/lang/NoSuchMethodError'{0x000000008426f000}: 'java.lang.Object java.lang.invoke.DirectMethodHandle$Holder.invokeStatic(java.lang.Object, java.lang.Object, int, java.lang.Object)'> (0x000000008426f000) 
thrown [s\open\src\hotspot\share\interpreter\linkResolver.cpp, line 774]
Event: 7.177 Thread 0x0000015e8da083a0 Exception <a 'java/lang/NoSuchMethodError'{0x0000000084272aa0}: 'java.lang.Object java.lang.invoke.DirectMethodHandle$Holder.invokeStaticInit(java.lang.Object, java.lang.Object, int, java.lang.Object)'> (0x0000000084272aa0) 
thrown [s\open\src\hotspot\share\interpreter\linkResolver.cpp, line 774]

VM Operations (20 events):
Event: 4.949 Executing VM operation: HandshakeAllThreads done
Event: 5.665 Executing VM operation: HandshakeAllThreads
Event: 5.665 Executing VM operation: HandshakeAllThreads done
Event: 5.665 Executing VM operation: Cleanup
Event: 5.665 Executing VM operation: Cleanup done
Event: 5.845 Executing VM operation: G1CollectForAllocation
Event: 5.849 Executing VM operation: G1CollectForAllocation done
Event: 5.949 Executing VM operation: HandshakeAllThreads
Event: 5.949 Executing VM operation: HandshakeAllThreads done
Event: 5.951 Executing VM operation: CollectForMetadataAllocation
Event: 5.954 Executing VM operation: CollectForMetadataAllocation done
Event: 5.991 Executing VM operation: G1PauseRemark
Event: 5.995 Executing VM operation: G1PauseRemark done
Event: 6.009 Executing VM operation: G1PauseCleanup
Event: 6.009 Executing VM operation: G1PauseCleanup done
Event: 6.727 Executing VM operation: G1CollectForAllocation
Event: 6.731 Executing VM operation: G1CollectForAllocation done
Event: 6.770 Executing VM operation: G1CollectForAllocation
Event: 6.775 Executing VM operation: G1CollectForAllocation done
Event: 7.344 Executing VM operation: G1CollectForAllocation

Events (20 events):
Event: 0.039 Thread 0x0000015ead8df5b0 Thread added: 0x0000015ead8df5b0
Event: 0.039 Thread 0x0000015ead8e1ef0 Thread added: 0x0000015ead8e1ef0
Event: 0.039 Thread 0x0000015ead8e5b70 Thread added: 0x0000015ead8e5b70
Event: 0.040 Thread 0x0000015ead935b50 Thread added: 0x0000015ead935b50
Event: 0.041 Thread 0x0000015ead93e550 Thread added: 0x0000015ead93e550
Event: 0.125 Thread 0x0000015eb1cb4110 Thread added: 0x0000015eb1cb4110
Event: 0.188 Thread 0x0000015eb1d74b70 Thread added: 0x0000015eb1d74b70
Event: 0.301 Thread 0x0000015eb1ea6d40 Thread added: 0x0000015eb1ea6d40
Event: 0.302 Thread 0x0000015eb2008ba0 Thread added: 0x0000015eb2008ba0
Event: 1.202 Thread 0x0000015eb28e9390 Thread added: 0x0000015eb28e9390
Event: 1.618 Thread 0x0000015eb28e9390 Thread exited: 0x0000015eb28e9390
Event: 1.750 Thread 0x0000015eb2dcc010 Thread added: 0x0000015eb2dcc010
Event: 1.792 Thread 0x0000015eb2dcc010 Thread exited: 0x0000015eb2dcc010
Event: 4.479 Thread 0x0000015eb37b6910 Thread added: 0x0000015eb37b6910
Event: 4.482 Thread 0x0000015eb44ac840 Thread added: 0x0000015eb44ac840
Event: 4.487 Thread 0x0000015eb3e6d560 Thread added: 0x0000015eb3e6d560
Event: 5.098 Thread 0x0000015eb4499cf0 Thread added: 0x0000015eb4499cf0
Event: 5.121 Thread 0x0000015eb4fc9480 Thread added: 0x0000015eb4fc9480
Event: 5.214 Thread 0x0000015eb348cf40 Thread added: 0x0000015eb348cf40
Event: 7.243 Thread 0x0000015eb1d74b70 Thread exited: 0x0000015eb1d74b70


Dynamic libraries:
0x00007ff75f990000 - 0x00007ff75f9a0000 	C:\Program Files\Java\jdk-19\bin\java.exe
0x00007ff8e7c90000 - 0x00007ff8e7ea7000 	C:\WINDOWS\SYSTEM32\ntdll.dll
0x00007ff8e68e0000 - 0x00007ff8e69a4000 	C:\WINDOWS\System32\KERNEL32.DLL
0x00007ff8e54b0000 - 0x00007ff8e5856000 	C:\WINDOWS\System32\KERNELBASE.dll
0x00007ff8e5860000 - 0x00007ff8e5971000 	C:\WINDOWS\System32\ucrtbase.dll
0x00007ff8d3330000 - 0x00007ff8d3348000 	C:\Program Files\Java\jdk-19\bin\jli.dll
0x00007ff8e72f0000 - 0x00007ff8e73a0000 	C:\WINDOWS\System32\ADVAPI32.dll
0x00007ff8e7160000 - 0x00007ff8e7207000 	C:\WINDOWS\System32\msvcrt.dll
0x00007ff8e59f0000 - 0x00007ff8e5a96000 	C:\WINDOWS\System32\sechost.dll
0x00007ff8e7b30000 - 0x00007ff8e7c47000 	C:\WINDOWS\System32\RPCRT4.dll
0x00007ff8e6fb0000 - 0x00007ff8e715d000 	C:\WINDOWS\System32\USER32.dll
0x00007ff8e5310000 - 0x00007ff8e5336000 	C:\WINDOWS\System32\win32u.dll
0x00007ff8e6f80000 - 0x00007ff8e6fa9000 	C:\WINDOWS\System32\GDI32.dll
0x00007ff8e5090000 - 0x00007ff8e51a8000 	C:\WINDOWS\System32\gdi32full.dll
0x00007ff8e5270000 - 0x00007ff8e530a000 	C:\WINDOWS\System32\msvcp_win.dll
0x00007ff8caca0000 - 0x00007ff8cacbb000 	C:\Program Files\Java\jdk-19\bin\VCRUNTIME140.dll
0x00007ff8e42f0000 - 0x00007ff8e4583000 	C:\WINDOWS\WinSxS\amd64_microsoft.windows.common-controls_6595b64144ccf1df_6.0.22621.2361_none_2712ced57382f843\COMCTL32.dll
0x00007ff8cf220000 - 0x00007ff8cf22a000 	C:\WINDOWS\SYSTEM32\VERSION.dll
0x00007ff8e72b0000 - 0x00007ff8e72e1000 	C:\WINDOWS\System32\IMM32.DLL
0x00007ff8e1740000 - 0x00007ff8e174c000 	C:\Program Files\Java\jdk-19\bin\vcruntime140_1.dll
0x00007ff8c9a90000 - 0x00007ff8c9b1e000 	C:\Program Files\Java\jdk-19\bin\msvcp140.dll
0x00007ff88bcf0000 - 0x00007ff88c9b0000 	C:\Program Files\Java\jdk-19\bin\server\jvm.dll
0x00007ff8b0500000 - 0x00007ff8b0509000 	C:\WINDOWS\SYSTEM32\WSOCK32.dll
0x00007ff8dc540000 - 0x00007ff8dc574000 	C:\WINDOWS\SYSTEM32\WINMM.dll
0x00007ff8e7880000 - 0x00007ff8e78f1000 	C:\WINDOWS\System32\WS2_32.dll
0x00007ff8e3700000 - 0x00007ff8e3718000 	C:\WINDOWS\SYSTEM32\kernel.appcore.dll
0x00007ff8d3300000 - 0x00007ff8d330a000 	C:\Program Files\Java\jdk-19\bin\jimage.dll
0x00007ff8e48a0000 - 0x00007ff8e4ace000 	C:\WINDOWS\SYSTEM32\DBGHELP.DLL
0x00007ff8e6550000 - 0x00007ff8e68da000 	C:\WINDOWS\System32\combase.dll
0x00007ff8e6cc0000 - 0x00007ff8e6d97000 	C:\WINDOWS\System32\OLEAUT32.dll
0x00007ff8e4760000 - 0x00007ff8e4792000 	C:\WINDOWS\SYSTEM32\dbgcore.DLL
0x00007ff8e5010000 - 0x00007ff8e508a000 	C:\WINDOWS\System32\bcryptPrimitives.dll
0x00007ff8dc710000 - 0x00007ff8dc71e000 	C:\Program Files\Java\jdk-19\bin\instrument.dll
0x00007ff8c9f50000 - 0x00007ff8c9f76000 	C:\Program Files\Java\jdk-19\bin\java.dll
0x00007ff8c5ab0000 - 0x00007ff8c5b87000 	C:\Program Files\Java\jdk-19\bin\jsvml.dll
0x00007ff8e5aa0000 - 0x00007ff8e62f8000 	C:\WINDOWS\System32\SHELL32.dll
0x00007ff8e2500000 - 0x00007ff8e2df2000 	C:\WINDOWS\SYSTEM32\windows.storage.dll
0x00007ff8e23c0000 - 0x00007ff8e24fe000 	C:\WINDOWS\SYSTEM32\wintypes.dll
0x00007ff8e6e00000 - 0x00007ff8e6ef3000 	C:\WINDOWS\System32\SHCORE.dll
0x00007ff8e6f20000 - 0x00007ff8e6f7e000 	C:\WINDOWS\System32\shlwapi.dll
0x00007ff8e4f40000 - 0x00007ff8e4f66000 	C:\WINDOWS\SYSTEM32\profapi.dll
0x00007ff8c9d70000 - 0x00007ff8c9d88000 	C:\Program Files\Java\jdk-19\bin\zip.dll
0x00007ff8ca9e0000 - 0x00007ff8ca9f3000 	C:\Program Files\Java\jdk-19\bin\net.dll
0x00007ff8db330000 - 0x00007ff8db467000 	C:\WINDOWS\SYSTEM32\WINHTTP.dll
0x00007ff8e3be0000 - 0x00007ff8e3c49000 	C:\WINDOWS\system32\mswsock.dll
0x00007ff8ca7a0000 - 0x00007ff8ca7b6000 	C:\Program Files\Java\jdk-19\bin\nio.dll
0x00007ff8c9fa0000 - 0x00007ff8c9fba000 	C:\Program Files\JetBrains\IntelliJ IDEA Community Edition 2023.1\bin\breakgen64.dll
0x00007ff8cad00000 - 0x00007ff8cad08000 	C:\Program Files\Java\jdk-19\bin\extnet.dll
0x00007ff8e4bc0000 - 0x00007ff8e4bdb000 	C:\WINDOWS\SYSTEM32\CRYPTSP.dll
0x00007ff8e3b00000 - 0x00007ff8e3b35000 	C:\WINDOWS\system32\rsaenh.dll
0x00007ff8e4010000 - 0x00007ff8e403c000 	C:\WINDOWS\SYSTEM32\USERENV.dll
0x00007ff8e47a0000 - 0x00007ff8e47c8000 	C:\WINDOWS\SYSTEM32\bcrypt.dll
0x00007ff8e4040000 - 0x00007ff8e404c000 	C:\WINDOWS\SYSTEM32\CRYPTBASE.dll
0x00007ff8e3250000 - 0x00007ff8e327d000 	C:\WINDOWS\SYSTEM32\IPHLPAPI.DLL
0x00007ff8e6f00000 - 0x00007ff8e6f09000 	C:\WINDOWS\System32\NSI.dll
0x00007ff8db2c0000 - 0x00007ff8db2d9000 	C:\WINDOWS\SYSTEM32\dhcpcsvc6.DLL
0x00007ff8db2a0000 - 0x00007ff8db2bf000 	C:\WINDOWS\SYSTEM32\dhcpcsvc.DLL
0x00007ff8e32d0000 - 0x00007ff8e33c9000 	C:\WINDOWS\SYSTEM32\DNSAPI.dll
0x00007ff8ca820000 - 0x00007ff8ca82e000 	C:\Program Files\Java\jdk-19\bin\sunmscapi.dll
0x00007ff8e5340000 - 0x00007ff8e54a6000 	C:\WINDOWS\System32\CRYPT32.dll
0x00007ff8e41c0000 - 0x00007ff8e41ed000 	C:\WINDOWS\SYSTEM32\ncrypt.dll
0x00007ff8e4180000 - 0x00007ff8e41b7000 	C:\WINDOWS\SYSTEM32\NTASN1.dll
0x00007ff8dc6f0000 - 0x00007ff8dc6fa000 	C:\Program Files\Java\jdk-19\bin\management.dll
0x00007ff8caf10000 - 0x00007ff8caf1b000 	C:\Program Files\Java\jdk-19\bin\management_ext.dll
0x00007ff8e73a0000 - 0x00007ff8e73a8000 	C:\WINDOWS\System32\PSAPI.DLL
0x00007ff8bb0b0000 - 0x00007ff8bb0ba000 	C:\Windows\System32\rasadhlp.dll
0x00007ff8d3000000 - 0x00007ff8d3084000 	C:\WINDOWS\System32\fwpuclnt.dll
0x00007ff8caa20000 - 0x00007ff8caa30000 	C:\Program Files\Java\jdk-19\bin\verify.dll

dbghelp: loaded successfully - version: 4.0.5 - missing functions: none
symbol engine: initialized successfully - sym options: 0x614 - pdb path: .;C:\Program Files\Java\jdk-19\bin;C:\WINDOWS\SYSTEM32;C:\WINDOWS\WinSxS\amd64_microsoft.windows.common-controls_6595b64144ccf1df_6.0.22621.2361_none_2712ced57382f843;C:\Program Files\Java\jdk-19\bin\server;C:\Program Files\JetBrains\IntelliJ IDEA Community Edition 2023.1\bin

VM Arguments:
jvm_args: -javaagent:C:\Program Files\JetBrains\IntelliJ IDEA Community Edition 2023.1\lib\idea_rt.jar=63549:C:\Program Files\JetBrains\IntelliJ IDEA Community Edition 2023.1\bin -Dfile.encoding=UTF-8 -Dsun.stdout.encoding=UTF-8 -Dsun.stderr.encoding=UTF-8 
java_command: org.generation.brazil.school.SchoolAplication
java_class_path (initial): C:\Users\Igor Cavalcanti\OneDrive\Área de Trabalho\Alunos\target\classes;C:\Users\Igor Cavalcanti\.m2\repository\org\springframework\boot\spring-boot-starter-data-jpa\3.1.5\spring-boot-starter-data-jpa-3.1.5.jar;C:\Users\Igor Cavalcanti\.m2\repository\org\springframework\boot\spring-boot-starter-aop\3.1.5\spring-boot-starter-aop-3.1.5.jar;C:\Users\Igor Cavalcanti\.m2\repository\org\springframework\spring-aop\6.0.13\spring-aop-6.0.13.jar;C:\Users\Igor Cavalcanti\.m2\repository\org\aspectj\aspectjweaver\1.9.20\aspectjweaver-1.9.20.jar;C:\Users\Igor Cavalcanti\.m2\repository\org\springframework\boot\spring-boot-starter-jdbc\3.1.5\spring-boot-starter-jdbc-3.1.5.jar;C:\Users\Igor Cavalcanti\.m2\repository\com\zaxxer\HikariCP\5.0.1\HikariCP-5.0.1.jar;C:\Users\Igor Cavalcanti\.m2\repository\org\springframework\spring-jdbc\6.0.13\spring-jdbc-6.0.13.jar;C:\Users\Igor Cavalcanti\.m2\repository\org\hibernate\orm\hibernate-core\6.2.13.Final\hibernate-core-6.2.13.Final.jar;C:\Users\Igor Cavalcanti\.m2\repository\jakarta\persistence\jakarta.persistence-api\3.1.0\jakarta.persistence-api-3.1.0.jar;C:\Users\Igor Cavalcanti\.m2\repository\jakarta\transaction\jakarta.transaction-api\2.0.1\jakarta.transaction-api-2.0.1.jar;C:\Users\Igor Cavalcanti\.m2\repository\org\jboss\logging\jboss-logging\3.5.3.Final\jboss-logging-3.5.3.Final.jar;C:\Users\Igor Cavalcanti\.m2\repository\org\hibernate\common\hibernate-commons-annotations\6.0.6.Final\hibernate-commons-annotations-6.0.6.Final.jar;C:\Users\Igor Cavalcanti\.m2\repository\io\smallrye\jandex\3.0.5\jandex-3.0.5.jar;C:\Users\Igor Cavalcanti\.m2\repository\com\fasterxml\classmate\1.5.1\classmate-1.5.1.jar;C:\Users\Igor Cavalcanti\.m2\repository\net\bytebuddy\byte-buddy\1.14.9\byte-buddy-1.14.9.jar;C:\Users\Igor Cavalcanti\.m2\repository\org\glassfish\jaxb\jaxb-runtime\4.0.3\jaxb-runtime-4.0.3.jar;C:\Users\Igor Cavalcanti\.m2\repository\org\glassfish\jaxb\jaxb-core\4.0.3\jaxb-core-4.0.3.jar;C:\Users\Igor Cavalcanti\.m2\repository\org\eclipse\angus\angus-activation\2.0.1\angus-activation-2.0.1.jar;C:\Users\Igor Cavalcanti\.m2\repository\org\glassfish\jaxb\txw2\4.0.3\txw2-4.0.3.jar;C:\Users\Igor Cavalcanti\.m2\repository\com\sun\istack\istack-commons-runtime\4.1.2\istack-commons-runtime-4.1.2.jar;C:\Users\Igor Cavalcanti\.m2\repository\jakarta\inject\jakarta.inject-api\2.0.1\jakarta.inject-api-2.0.1.jar;C:\Users\Igor Cavalcanti\.m2\repository\org\antlr\antlr4-runtime\4.10.1\antlr4-runtime-4.10.1.jar;C:\Users\Igor Cavalcanti\.m2\repository\org\springframework\data\spring-data-jpa\3.1.5\spring-data-jpa-3.1.5.jar;C:\Users\Igor Cavalcanti\.m2\repository\org\springframework\data\spring-data-commons\3.1.5\spring-data-commons-3.1.5.jar;C:\Users\Igor Cavalcanti\.m2\repository\org\springframework\spring-orm\6.0.13\spring-orm-6.0.13.jar;C:\Users\Igor Cavalcanti\.m2\repository\org\springframework\spring-context\6.0.13\spring-context-6.0.13.jar;C:\Users\Igor Cavalcanti\.m2\repository\org\springframework\spring-expression\6.0.13\spring-expression-6.0.13.jar;C:\Users\Igor Cavalcanti\.m2\repository\org\springframework\spring-tx\6.0.13\spring-tx-6.0.13.jar;C:\Users\Igor Cavalcanti\.m2\repository\org\springframework\spring-beans\6.0.13\spring-beans-6.0.13.jar;C:\Users\Igor Cavalcanti\.m2\repository\jakarta\annotation\jakarta.annotation-api\2.1.1\jakarta.annotation-api-2.1.1.jar;C:\Users\Igor Cavalcanti\.m2\repository\org\slf4j\slf4j-api\2.0.9\slf4j-api-2.0.9.jar;C:\Users\Igor Cavalcanti\.m2\repository\org\springframework\spring-aspects\6.0.13\spring-aspects-6.0.13.jar;C:\Users\Igor Cavalcanti\.m2\repository\org\springframework\boot\spring-boot-starter-data-rest\3.1.5\spring-boot-starter-data-rest-3.1.5.jar;C:\Users\Igor Cavalcanti\.m2\repository\org\springframework\boot\spring-boot-starter-web\3.1.5\spring-boot-starter-web-3.1.5.jar;C:\Users\Igor Cavalcanti\.m2\repository\org\springframework\boot\spring-boot-starter-json\3.1.5\spring-boot-starter-json-3.1.5.jar;C:\Users\Igor Cavalcanti\.m2\repository\com\fasterxml\jackson\datatype\jackson-datatype-jdk8\2.15.3\jackson-datatype-jdk8-2.15.3.jar;C:\Users\Igor Cavalcanti\.m2\repository\com\fasterxml\jackson\datatype\jackson-datatype-jsr310\2.15.3\jackson-datatype-jsr310-2.15.3.jar;C:\Users\Igor Cavalcanti\.m2\repository\com\fasterxml\jackson\module\jackson-module-parameter-names\2.15.3\jackson-module-parameter-names-2.15.3.jar;C:\Users\Igor Cavalcanti\.m2\repository\org\springframework\boot\spring-boot-starter-tomcat\3.1.5\spring-boot-starter-tomcat-3.1.5.jar;C:\Users\Igor Cavalcanti\.m2\repository\org\apache\tomcat\embed\tomcat-embed-core\10.1.15\tomcat-embed-core-10.1.15.jar;C:\Users\Igor Cavalcanti\.m2\repository\org\apache\tomcat\embed\tomcat-embed-el\10.1.15\tomcat-embed-el-10.1.15.jar;C:\Users\Igor Cavalcanti\.m2\repository\org\apache\tomcat\embed\tomcat-embed-websocket\10.1.15\tomcat-embed-websocket-10.1.15.jar;C:\Users\Igor Cavalcanti\.m2\repository\org\springframework\spring-web\6.0.13\spring-web-6.0.13.jar;C:\Users\Igor Cavalcanti\.m2\repository\io\micrometer\micrometer-observation\1.11.5\micrometer-observation-1.11.5.jar;C:\Users\Igor Cavalcanti\.m2\repository\io\micrometer\micrometer-commons\1.11.5\micrometer-commons-1.11.5.jar;C:\Users\Igor Cavalcanti\.m2\repository\org\springframework\spring-webmvc\6.0.13\spring-webmvc-6.0.13.jar;C:\Users\Igor Cavalcanti\.m2\repository\org\springframework\data\spring-data-rest-webmvc\4.1.5\spring-data-rest-webmvc-4.1.5.jar;C:\Users\Igor Cavalcanti\.m2\repository\org\springframework\data\spring-data-rest-core\4.1.5\spring-data-rest-core-4.1.5.jar;C:\Users\Igor Cavalcanti\.m2\repository\org\springframework\hateoas\spring-hateoas\2.1.2\spring-hateoas-2.1.2.jar;C:\Users\Igor Cavalcanti\.m2\repository\org\springframework\plugin\spring-plugin-core\3.0.0\spring-plugin-core-3.0.0.jar;C:\Users\Igor Cavalcanti\.m2\repository\org\atteo\evo-inflector\1.3\evo-inflector-1.3.jar;C:\Users\Igor Cavalcanti\.m2\repository\com\fasterxml\jackson\core\jackson-databind\2.15.3\jackson-databind-2.15.3.jar;C:\Users\Igor Cavalcanti\.m2\repository\com\fasterxml\jackson\core\jackson-annotations\2.15.3\jackson-annotations-2.15.3.jar;C:\Users\Igor Cavalcanti\.m2\repository\org\flywaydb\flyway-core\9.16.3\flyway-core-9.16.3.jar;C:\Users\Igor Cavalcanti\.m2\repository\com\fasterxml\jackson\dataformat\jackson-dataformat-toml\2.15.3\jackson-dataformat-toml-2.15.3.jar;C:\Users\Igor Cavalcanti\.m2\repository\com\fasterxml\jackson\core\jackson-core\2.15.3\jackson-core-2.15.3.jar;C:\Users\Igor Cavalcanti\.m2\repository\org\apache\commons\commons-text\1.10.0\commons-text-1.10.0.jar;C:\Users\Igor Cavalcanti\.m2\repository\org\apache\commons\commons-lang3\3.12.0\commons-lang3-3.12.0.jar;C:\Users\Igor Cavalcanti\.m2\repository\org\postgresql\postgresql\42.6.0\postgresql-42.6.0.jar;C:\Users\Igor Cavalcanti\.m2\repository\org\checkerframework\checker-qual\3.31.0\checker-qual-3.31.0.jar;C:\Users\Igor Cavalcanti\.m2\repository\org\projectlombok\lombok\1.18.30\lombok-1.18.30.jar;C:\Users\Igor Cavalcanti\.m2\repository\org\springframework\boot\spring-boot-starter\3.1.5\spring-boot-starter-3.1.5.jar;C:\Users\Igor Cavalcanti\.m2\repository\org\springframework\boot\spring-boot\3.1.5\spring-boot-3.1.5.jar;C:\Users\Igor Cavalcanti\.m2\repository\org\springframework\boot\spring-boot-autoconfigure\3.1.5\spring-boot-autoconfigure-3.1.5.jar;C:\Users\Igor Cavalcanti\.m2\repository\org\springframework\boot\spring-boot-starter-logging\3.1.5\spring-boot-starter-logging-3.1.5.jar;C:\Users\Igor Cavalcanti\.m2\repository\ch\qos\logback\logback-classic\1.4.11\logback-classic-1.4.11.jar;C:\Users\Igor Cavalcanti\.m2\repository\ch\qos\logback\logback-core\1.4.11\logback-core-1.4.11.jar;C:\Users\Igor Cavalcanti\.m2\repository\org\apache\logging\log4j\log4j-to-slf4j\2.20.0\log4j-to-slf4j-2.20.0.jar;C:\Users\Igor Cavalcanti\.m2\repository\org\apache\logging\log4j\log4j-api\2.20.0\log4j-api-2.20.0.jar;C:\Users\Igor Cavalcanti\.m2\repository\org\slf4j\jul-to-slf4j\2.0.9\jul-to-slf4j-2.0.9.jar;C:\Users\Igor Cavalcanti\.m2\repository\org\yaml\snakeyaml\1.33\snakeyaml-1.33.jar;C:\Users\Igor Cavalcanti\.m2\repository\com\jayway\jsonpath\json-path\2.8.0\json-path-2.8.0.jar;C:\Users\Igor Cavalcanti\.m2\repository\jakarta\xml\bind\jakarta.xml.bind-api\4.0.1\jakarta.xml.bind-api-4.0.1.jar;C:\Users\Igor Cavalcanti\.m2\repository\jakarta\activation\jakarta.activation-api\2.1.2\jakarta.activation-api-2.1.2.jar;C:\Users\Igor Cavalcanti\.m2\repository\net\minidev\json-smart\2.4.11\json-smart-2.4.11.jar;C:\Users\Igor Cavalcanti\.m2\repository\net\minidev\accessors-smart\2.4.11\accessors-smart-2.4.11.jar;C:\Users\Igor Cavalcanti\.m2\repository\org\ow2\asm\asm\9.3\asm-9.3.jar;C:\Users\Igor Cavalcanti\.m2\repository\org\springframework\spring-core\6.0.13\spring-core-6.0.13.jar;C:\Users\Igor Cavalcanti\.m2\repository\org\springframework\spring-jcl\6.0.13\spring-jcl-6.0.13.jar;C:\Users\Igor Cavalcanti\.m2\repository\jakarta\validation\jakarta.validation-api\3.0.2\jakarta.validation-api-3.0.2.jar;C:\Users\Igor Cavalcanti\.m2\repository\org\springdoc\springdoc-openapi-ui\1.7.0\springdoc-openapi-ui-1.7.0.jar;C:\Users\Igor Cavalcanti\.m2\repository\org\springdoc\springdoc-openapi-webmvc-core\1.7.0\springdoc-openapi-webmvc-core-1.7.0.jar;C:\Users\Igor Cavalcanti\.m2\repository\org\springdoc\springdoc-openapi-common\1.7.0\springdoc-openapi-common-1.7.0.jar;C:\Users\Igor Cavalcanti\.m2\repository\io\swagger\core\v3\swagger-core\2.2.9\swagger-core-2.2.9.jar;C:\Users\Igor Cavalcanti\.m2\repository\com\fasterxml\jackson\dataformat\jackson-dataformat-yaml\2.15.3\jackson-dataformat-yaml-2.15.3.jar;C:\Users\Igor Cavalcanti\.m2\repository\io\swagger\core\v3\swagger-annotations\2.2.9\swagger-annotations-2.2.9.jar;C:\Users\Igor Cavalcanti\.m2\repository\io\swagger\core\v3\swagger-models\2.2.9\swagger-models-2.2.9.jar;C:\Users\Igor Cavalcanti\.m2\repository\org\webjars\swagger-ui\4.18.2\swagger-ui-4.18.2.jar
Launcher Type: SUN_STANDARD

[Global flags]
     intx CICompilerCount                          = 3                                         {product} {ergonomic}
     uint ConcGCThreads                            = 1                                         {product} {ergonomic}
     uint G1ConcRefinementThreads                  = 4                                         {product} {ergonomic}
   size_t G1HeapRegionSize                         = 1048576                                   {product} {ergonomic}
    uintx GCDrainStackTargetSize                   = 64                                        {product} {ergonomic}
   size_t InitialHeapSize                          = 134217728                                 {product} {ergonomic}
   size_t MarkStackSize                            = 4194304                                   {product} {ergonomic}
   size_t MaxHeapSize                              = 2116026368                                {product} {ergonomic}
   size_t MaxNewSize                               = 1268776960                                {product} {ergonomic}
   size_t MinHeapDeltaBytes                        = 1048576                                   {product} {ergonomic}
   size_t MinHeapSize                              = 8388608                                   {product} {ergonomic}
    uintx NonNMethodCodeHeapSize                   = 5832780                                {pd product} {ergonomic}
    uintx NonProfiledCodeHeapSize                  = 122912730                              {pd product} {ergonomic}
    uintx ProfiledCodeHeapSize                     = 122912730                              {pd product} {ergonomic}
    uintx ReservedCodeCacheSize                    = 251658240                              {pd product} {ergonomic}
     bool SegmentedCodeCache                       = true                                      {product} {ergonomic}
   size_t SoftMaxHeapSize                          = 2116026368                             {manageable} {ergonomic}
     bool UseCompressedClassPointers               = true                           {product lp64_product} {ergonomic}
     bool UseCompressedOops                        = true                           {product lp64_product} {ergonomic}
     bool UseG1GC                                  = true                                      {product} {ergonomic}
     bool UseLargePagesIndividualAllocation        = false                                  {pd product} {ergonomic}

Logging:
Log output configuration:
 #0: stdout all=warning uptime,level,tags foldmultilines=false
 #1: stderr all=off uptime,level,tags foldmultilines=false

Environment Variables:
PATH=C:\Program Files\Common Files\Oracle\Java\javapath;C:\WINDOWS\system32;C:\WINDOWS;C:\WINDOWS\System32\Wbem;C:\WINDOWS\System32\WindowsPowerShell\v1.0\;C:\WINDOWS\System32\OpenSSH\;C:\Program Files (x86)\Intel\Intel(R) Management Engine Components\DAL;C:\Program Files\Intel\Intel(R) Management Engine Components\DAL;C:\Program Files\Git\cmd;C:\ProgramData\UNIVALI\Portugol Studio;C:\Program Files\dotnet\;C:\Program Files\Amazon\AWSCLIV2\;C:\Program Files\Amazon\AWSSAMCLI\bin\;C:\Program Files\MySQL\MySQL Workbench 8.0;;C:\Program Files\Go\bin;C:\Users\Igor Cavalcanti\AppData\Local\Microsoft\WindowsApps;C:\Users\Igor Cavalcanti\AppData\Local\Programs\Microsoft VS Code\bin;C:\Users\Igor Cavalcanti\go\bin
USERNAME=Igor Cavalcanti
OS=Windows_NT
PROCESSOR_IDENTIFIER=Intel64 Family 6 Model 142 Stepping 12, GenuineIntel
TMP=C:\Users\IGORCA~1\AppData\Local\Temp
TEMP=C:\Users\IGORCA~1\AppData\Local\Temp



---------------  S Y S T E M  ---------------

OS:
 Windows 11 , 64 bit Build 22621 (10.0.22621.2428)
OS uptime: 1 days 5:23 hours
Hyper-V role detected

CPU: total 4 (initial active 4) (2 cores per cpu, 2 threads per core) family 6 model 142 stepping 12 microcode 0xf8, cx8, cmov, fxsr, ht, mmx, 3dnowpref, sse, sse2, sse3, ssse3, sse4.1, sse4.2, popcnt, lzcnt, tsc, tscinvbit, avx, avx2, aes, erms, clmul, bmi1, bmi2, adx, fma, vzeroupper, clflush, clflushopt, hv, rdtscp

Memory: 4k page, system-wide physical 8069M (480M free)
TotalPageFile size 19274M (AvailPageFile size 8M)
current process WorkingSet (physical memory assigned to process): 207M, peak: 209M
current process commit charge ("private bytes"): 236M, peak: 266M

vm_info: Java HotSpot(TM) 64-Bit Server VM (19.0.2+7-44) for windows-amd64 JRE (19.0.2+7-44), built on 2022-11-30T18:02:09Z by "mach5one" with MS VC++ 17.1 (VS2022)

END.
